#
# A fatal error has been detected by the Java Runtime Environment:
#
#  SIGSEGV (0xb) at pc=0x00000001a45f712f, pid=46963, tid=52487
#
# JRE version: Java(TM) SE Runtime Environment (8.0_25-b17) (build 1.8.0_25-b17)
# Java VM: Java HotSpot(TM) 64-Bit Server VM (25.25-b02 mixed mode bsd-amd64 compressed oops)
# Problematic frame:
# C  [librxtxSerial.jnilib+0x312f]  Java_gnu_io_RXTXPort_interruptEventLoop+0x6b
#
# Failed to write core dump. Core dumps have been disabled. To enable core dumping, try "ulimit -c unlimited" before starting Java again
#
# If you would like to submit a bug report, please visit:
#   http://bugreport.sun.com/bugreport/crash.jsp
# The crash happened outside the Java Virtual Machine in native code.
# See problematic frame for where to report the bug.
#

---------------  T H R E A D  ---------------

Current thread (0x00007f98bb2df000):  JavaThread "AWT-EventQueue-0" [_thread_in_native, id=52487, stack(0x00000001a4245000,0x00000001a4345000)]

siginfo: si_signo: 11 (SIGSEGV), si_code: 1 (SEGV_MAPERR), si_addr: 0x00000001a4e19868

Registers:
RAX=0x0000000000000000, RBX=0x00000001a4e19700, RCX=0x00007fff93b9848a, RDX=0xffffffffffffffff
RSP=0x00000001a4341fc0, RBP=0x00000001a4341fd0, RSI=0x0000000000000000, RDI=0x000000000000003c
R8 =0x0000000000000000, R9 =0x0000000002faf080, R10=0x0000000000000001, R11=0x0000000000000247
R12=0x000000000000003a, R13=0x00000001a3e75810, R14=0x00000001a4342050, R15=0x00007f98bb2df000
RIP=0x00000001a45f712f, EFLAGS=0x0000000000010202, ERR=0x0000000000000004
  TRAPNO=0x000000000000000e

Top of Stack: (sp=0x00000001a4341fc0)
0x00000001a4341fc0:   00000001a3e75810 0000000000000000
0x00000001a4341fd0:   00000001a4342030 000000010889c694
0x00000001a4341fe0:   00000001088a82a3 000000010889c3e2
0x00000001a4341ff0:   00000001a4341ff0 00000001a3e75810
0x00000001a4342000:   00000001a4342050 00000001a3e822f0
0x00000001a4342010:   0000000000000000 00000001a3e75810
0x00000001a4342020:   0000000000000000 00000001a4342050
0x00000001a4342030:   00000001a4342098 000000010888e98d
0x00000001a4342040:   0000000000000000 00000001088962b8
0x00000001a4342050:   00000001434981c0 00000001a4342058
0x00000001a4342060:   00000001a3e75d17 00000001a43420b0
0x00000001a4342070:   00000001a3e822f0 0000000000000000
0x00000001a4342080:   00000001a3e75d98 00000001a4342050
0x00000001a4342090:   00000001a43420b0 00000001a4342108
0x00000001a43420a0:   000000010888e98d 0000000000000000
0x00000001a43420b0:   00000001434981c0 0000000000000001
0x00000001a43420c0:   0000000000000000 00000001a43420b8
0x00000001a43420d0:   00000001a3e7689b 00000001a4342130
0x00000001a43420e0:   00000001a3e822f0 0000000000000000
0x00000001a43420f0:   00000001a3e76918 00000001a43420b0
0x00000001a4342100:   00000001a4342130 00000001a4342178
0x00000001a4342110:   000000010888e98d 0000000000000000
0x00000001a4342120:   0000000000000000 00000001434981c0
0x00000001a4342130:   00000001434981c0 00000001a4342138
0x00000001a4342140:   000000019af602d3 00000001a4342188
0x00000001a4342150:   000000019af60cc8 0000000000000000
0x00000001a4342160:   000000019af60330 00000001a4342130
0x00000001a4342170:   00000001a4342188 00000001a43421d0
0x00000001a4342180:   000000010888e98d 0000000143012d18
0x00000001a4342190:   00000001a4342190 000000019af60191
0x00000001a43421a0:   00000001a43421f0 000000019af60cc8
0x00000001a43421b0:   0000000000000000 000000019af60240 

Instructions: (pc=0x00000001a45f712f)
0x00000001a45f710f:   00 01 00 00 00 48 8b bb 78 01 00 00 be 06 00 00
0x00000001a45f711f:   00 e8 4d 27 00 00 bf 50 c3 00 00 e8 c7 27 00 00
0x00000001a45f712f:   83 bb 68 01 00 00 01 74 16 48 8b bb 78 01 00 00
0x00000001a45f713f:   e8 16 27 00 00 c7 83 68 01 00 00 01 00 00 00 5b 

Register to memory mapping:

RAX=0x0000000000000000 is an unknown value
RBX=0x00000001a4e19700 is an unknown value
RCX=0x00007fff93b9848a: __semwait_signal+0xa in /usr/lib/system/libsystem_kernel.dylib at 0x00007fff93b82000
RDX=0xffffffffffffffff is an unknown value
RSP=0x00000001a4341fc0 is pointing into the stack for thread: 0x00007f98bb2df000
RBP=0x00000001a4341fd0 is pointing into the stack for thread: 0x00007f98bb2df000
RSI=0x0000000000000000 is an unknown value
RDI=0x000000000000003c is an unknown value
R8 =0x0000000000000000 is an unknown value
R9 =0x0000000002faf080 is an unknown value
R10=0x0000000000000001 is an unknown value
R11=0x0000000000000247 is an unknown value
R12=0x000000000000003a is an unknown value
R13={method} {0x00000001a3e75810} 'interruptEventLoop' '()V' in 'gnu/io/RXTXPort'
R14=0x00000001a4342050 is pointing into the stack for thread: 0x00007f98bb2df000
R15=0x00007f98bb2df000 is a thread


Stack: [0x00000001a4245000,0x00000001a4345000],  sp=0x00000001a4341fc0,  free space=1011k
Native frames: (J=compiled Java code, j=interpreted, Vv=VM code, C=native code)
C  [librxtxSerial.jnilib+0x312f]  Java_gnu_io_RXTXPort_interruptEventLoop+0x6b
j  gnu.io.RXTXPort.interruptEventLoop()V+0
j  gnu.io.RXTXPort.removeEventListener()V+55
j  gnu.io.RXTXPort.close()V+91
j  morsekob.Port.init()V+11
j  morsekob.Port.openPort(Ljava/lang/String;)Z+1
j  morsekob.Options.cboModeItemStateChanged(Ljava/awt/event/ItemEvent;)V+39
j  morsekob.Options.access$400(Lmorsekob/Options;Ljava/awt/event/ItemEvent;)V+2
j  morsekob.Options$5.itemStateChanged(Ljava/awt/event/ItemEvent;)V+5
j  javax.swing.JComboBox.fireItemStateChanged(Ljava/awt/event/ItemEvent;)V+34
j  javax.swing.JComboBox.selectedItemChanged()V+64
j  javax.swing.JComboBox.contentsChanged(Ljavax/swing/event/ListDataEvent;)V+28
j  javax.swing.AbstractListModel.fireContentsChanged(Ljava/lang/Object;II)V+64
j  javax.swing.DefaultComboBoxModel.setSelectedItem(Ljava/lang/Object;)V+38
j  javax.swing.JComboBox.setSelectedItem(Ljava/lang/Object;)V+103
j  javax.swing.JComboBox.setSelectedIndex(I)V+76
j  javax.swing.plaf.basic.BasicComboPopup$Handler.mouseReleased(Ljava/awt/event/MouseEvent;)V+97
j  java.awt.AWTEventMulticaster.mouseReleased(Ljava/awt/event/MouseEvent;)V+21
j  java.awt.Component.processMouseEvent(Ljava/awt/event/MouseEvent;)V+64
j  javax.swing.JComponent.processMouseEvent(Ljava/awt/event/MouseEvent;)V+23
j  com.apple.laf.AquaComboBoxPopup$1.processMouseEvent(Ljava/awt/event/MouseEvent;)V+63
J 1092 C1 java.awt.Component.processEvent(Ljava/awt/AWTEvent;)V (220 bytes) @ 0x0000000108c28d9c [0x0000000108c28880+0x51c]
J 1091 C1 java.awt.Container.processEvent(Ljava/awt/AWTEvent;)V (22 bytes) @ 0x0000000108c283c4 [0x0000000108c280a0+0x324]
J 1216 C1 java.awt.Component.dispatchEventImpl(Ljava/awt/AWTEvent;)V (883 bytes) @ 0x0000000108c66624 [0x0000000108c61100+0x5524]
J 965 C1 java.awt.Container.dispatchEventImpl(Ljava/awt/AWTEvent;)V (129 bytes) @ 0x0000000108bc3dec [0x0000000108bc3ca0+0x14c]
J 1401 C1 java.awt.Component.dispatchEvent(Ljava/awt/AWTEvent;)V (6 bytes) @ 0x0000000108d0b844 [0x0000000108d0b740+0x104]
j  java.awt.LightweightDispatcher.retargetMouseEvent(Ljava/awt/Component;ILjava/awt/event/MouseEvent;)V+327
j  java.awt.LightweightDispatcher.processMouseEvent(Ljava/awt/event/MouseEvent;)Z+143
J 1380 C1 java.awt.LightweightDispatcher.dispatchEvent(Ljava/awt/AWTEvent;)Z (73 bytes) @ 0x0000000108cfe534 [0x0000000108cfe100+0x434]
J 965 C1 java.awt.Container.dispatchEventImpl(Ljava/awt/AWTEvent;)V (129 bytes) @ 0x0000000108bc3d8c [0x0000000108bc3ca0+0xec]
J 1349 C1 java.awt.Window.dispatchEventImpl(Ljava/awt/AWTEvent;)V (23 bytes) @ 0x0000000108cb7a8c [0x0000000108cb74a0+0x5ec]
J 960 C1 java.awt.EventQueue.dispatchEventImpl(Ljava/awt/AWTEvent;Ljava/lang/Object;)V (149 bytes) @ 0x0000000108bc0304 [0x0000000108bbec80+0x1684]
J 958 C1 java.awt.EventQueue$3.run()Ljava/lang/Void; (60 bytes) @ 0x0000000108bbe094 [0x0000000108bbde80+0x214]
J 957 C1 java.awt.EventQueue$3.run()Ljava/lang/Object; (5 bytes) @ 0x0000000108bbdb0c [0x0000000108bbda80+0x8c]
v  ~StubRoutines::call_stub
V  [libjvm.dylib+0x2d4516]  JavaCalls::call_helper(JavaValue*, methodHandle*, JavaCallArguments*, Thread*)+0x6ae
V  [libjvm.dylib+0x32aeb2]  JVM_DoPrivileged+0x4b8
J 781  java.security.AccessController.doPrivileged(Ljava/security/PrivilegedAction;Ljava/security/AccessControlContext;)Ljava/lang/Object; (0 bytes) @ 0x0000000108b57cd5 [0x0000000108b57c00+0xd5]
J 976 C1 java.security.ProtectionDomain$1.doIntersectionPrivilege(Ljava/security/PrivilegedAction;Ljava/security/AccessControlContext;Ljava/security/AccessControlContext;)Ljava/lang/Object; (32 bytes) @ 0x0000000108bcb204 [0x0000000108bcaf00+0x304]
J 1074 C1 java.awt.EventQueue$4.run()Ljava/lang/Object; (5 bytes) @ 0x0000000108c206dc [0x0000000108c202e0+0x3fc]
v  ~StubRoutines::call_stub
V  [libjvm.dylib+0x2d4516]  JavaCalls::call_helper(JavaValue*, methodHandle*, JavaCallArguments*, Thread*)+0x6ae
V  [libjvm.dylib+0x32aeb2]  JVM_DoPrivileged+0x4b8
J 781  java.security.AccessController.doPrivileged(Ljava/security/PrivilegedAction;Ljava/security/AccessControlContext;)Ljava/lang/Object; (0 bytes) @ 0x0000000108b57cd5 [0x0000000108b57c00+0xd5]
J 907 C1 java.awt.EventQueue.dispatchEvent(Ljava/awt/AWTEvent;)V (80 bytes) @ 0x0000000108ba2a8c [0x0000000108ba1da0+0xcec]
J 1003 C1 java.awt.EventDispatchThread.pumpOneEventForFilters(I)V (295 bytes) @ 0x0000000108bf60ac [0x0000000108bf4540+0x1b6c]
j  java.awt.EventDispatchThread.pumpEventsForFilter(ILjava/awt/Conditional;Ljava/awt/EventFilter;)V+35
j  java.awt.EventDispatchThread.pumpEventsForHierarchy(ILjava/awt/Conditional;Ljava/awt/Component;)V+11
j  java.awt.EventDispatchThread.pumpEvents(ILjava/awt/Conditional;)V+4
j  java.awt.EventDispatchThread.pumpEvents(Ljava/awt/Conditional;)V+3
j  java.awt.EventDispatchThread.run()V+9
v  ~StubRoutines::call_stub
V  [libjvm.dylib+0x2d4516]  JavaCalls::call_helper(JavaValue*, methodHandle*, JavaCallArguments*, Thread*)+0x6ae
V  [libjvm.dylib+0x2d4ca4]  JavaCalls::call_virtual(JavaValue*, KlassHandle, Symbol*, Symbol*, JavaCallArguments*, Thread*)+0x164
V  [libjvm.dylib+0x2d4e50]  JavaCalls::call_virtual(JavaValue*, Handle, KlassHandle, Symbol*, Symbol*, Thread*)+0x4a
V  [libjvm.dylib+0x32583f]  thread_entry(JavaThread*, Thread*)+0x7c
V  [libjvm.dylib+0x535ed9]  JavaThread::thread_main_inner()+0x9b
V  [libjvm.dylib+0x53761c]  JavaThread::run()+0x1c2
V  [libjvm.dylib+0x45d87e]  java_start(Thread*)+0xf6
C  [libsystem_pthread.dylib+0x3268]  _pthread_body+0x83
C  [libsystem_pthread.dylib+0x31e5]  _pthread_body+0x0
C  [libsystem_pthread.dylib+0x141d]  thread_start+0xd
C  0x0000000000000000

Java frames: (J=compiled Java code, j=interpreted, Vv=VM code)
j  gnu.io.RXTXPort.interruptEventLoop()V+0
j  gnu.io.RXTXPort.removeEventListener()V+55
j  gnu.io.RXTXPort.close()V+91
j  morsekob.Port.init()V+11
j  morsekob.Port.openPort(Ljava/lang/String;)Z+1
j  morsekob.Options.cboModeItemStateChanged(Ljava/awt/event/ItemEvent;)V+39
j  morsekob.Options.access$400(Lmorsekob/Options;Ljava/awt/event/ItemEvent;)V+2
j  morsekob.Options$5.itemStateChanged(Ljava/awt/event/ItemEvent;)V+5
j  javax.swing.JComboBox.fireItemStateChanged(Ljava/awt/event/ItemEvent;)V+34
j  javax.swing.JComboBox.selectedItemChanged()V+64
j  javax.swing.JComboBox.contentsChanged(Ljavax/swing/event/ListDataEvent;)V+28
j  javax.swing.AbstractListModel.fireContentsChanged(Ljava/lang/Object;II)V+64
j  javax.swing.DefaultComboBoxModel.setSelectedItem(Ljava/lang/Object;)V+38
j  javax.swing.JComboBox.setSelectedItem(Ljava/lang/Object;)V+103
j  javax.swing.JComboBox.setSelectedIndex(I)V+76
j  javax.swing.plaf.basic.BasicComboPopup$Handler.mouseReleased(Ljava/awt/event/MouseEvent;)V+97
j  java.awt.AWTEventMulticaster.mouseReleased(Ljava/awt/event/MouseEvent;)V+21
j  java.awt.Component.processMouseEvent(Ljava/awt/event/MouseEvent;)V+64
j  javax.swing.JComponent.processMouseEvent(Ljava/awt/event/MouseEvent;)V+23
j  com.apple.laf.AquaComboBoxPopup$1.processMouseEvent(Ljava/awt/event/MouseEvent;)V+63
J 1092 C1 java.awt.Component.processEvent(Ljava/awt/AWTEvent;)V (220 bytes) @ 0x0000000108c28d9c [0x0000000108c28880+0x51c]
J 1091 C1 java.awt.Container.processEvent(Ljava/awt/AWTEvent;)V (22 bytes) @ 0x0000000108c283c4 [0x0000000108c280a0+0x324]
J 1216 C1 java.awt.Component.dispatchEventImpl(Ljava/awt/AWTEvent;)V (883 bytes) @ 0x0000000108c66624 [0x0000000108c61100+0x5524]
J 965 C1 java.awt.Container.dispatchEventImpl(Ljava/awt/AWTEvent;)V (129 bytes) @ 0x0000000108bc3dec [0x0000000108bc3ca0+0x14c]
J 1401 C1 java.awt.Component.dispatchEvent(Ljava/awt/AWTEvent;)V (6 bytes) @ 0x0000000108d0b844 [0x0000000108d0b740+0x104]
j  java.awt.LightweightDispatcher.retargetMouseEvent(Ljava/awt/Component;ILjava/awt/event/MouseEvent;)V+327
j  java.awt.LightweightDispatcher.processMouseEvent(Ljava/awt/event/MouseEvent;)Z+143
J 1380 C1 java.awt.LightweightDispatcher.dispatchEvent(Ljava/awt/AWTEvent;)Z (73 bytes) @ 0x0000000108cfe534 [0x0000000108cfe100+0x434]
J 965 C1 java.awt.Container.dispatchEventImpl(Ljava/awt/AWTEvent;)V (129 bytes) @ 0x0000000108bc3d8c [0x0000000108bc3ca0+0xec]
J 1349 C1 java.awt.Window.dispatchEventImpl(Ljava/awt/AWTEvent;)V (23 bytes) @ 0x0000000108cb7a8c [0x0000000108cb74a0+0x5ec]
J 960 C1 java.awt.EventQueue.dispatchEventImpl(Ljava/awt/AWTEvent;Ljava/lang/Object;)V (149 bytes) @ 0x0000000108bc0304 [0x0000000108bbec80+0x1684]
J 958 C1 java.awt.EventQueue$3.run()Ljava/lang/Void; (60 bytes) @ 0x0000000108bbe094 [0x0000000108bbde80+0x214]
J 957 C1 java.awt.EventQueue$3.run()Ljava/lang/Object; (5 bytes) @ 0x0000000108bbdb0c [0x0000000108bbda80+0x8c]
v  ~StubRoutines::call_stub
J 781  java.security.AccessController.doPrivileged(Ljava/security/PrivilegedAction;Ljava/security/AccessControlContext;)Ljava/lang/Object; (0 bytes) @ 0x0000000108b57c63 [0x0000000108b57c00+0x63]
J 976 C1 java.security.ProtectionDomain$1.doIntersectionPrivilege(Ljava/security/PrivilegedAction;Ljava/security/AccessControlContext;Ljava/security/AccessControlContext;)Ljava/lang/Object; (32 bytes) @ 0x0000000108bcb204 [0x0000000108bcaf00+0x304]
J 1074 C1 java.awt.EventQueue$4.run()Ljava/lang/Object; (5 bytes) @ 0x0000000108c206dc [0x0000000108c202e0+0x3fc]
v  ~StubRoutines::call_stub
J 781  java.security.AccessController.doPrivileged(Ljava/security/PrivilegedAction;Ljava/security/AccessControlContext;)Ljava/lang/Object; (0 bytes) @ 0x0000000108b57c63 [0x0000000108b57c00+0x63]
J 907 C1 java.awt.EventQueue.dispatchEvent(Ljava/awt/AWTEvent;)V (80 bytes) @ 0x0000000108ba2a8c [0x0000000108ba1da0+0xcec]
J 1003 C1 java.awt.EventDispatchThread.pumpOneEventForFilters(I)V (295 bytes) @ 0x0000000108bf60ac [0x0000000108bf4540+0x1b6c]
j  java.awt.EventDispatchThread.pumpEventsForFilter(ILjava/awt/Conditional;Ljava/awt/EventFilter;)V+35
j  java.awt.EventDispatchThread.pumpEventsForHierarchy(ILjava/awt/Conditional;Ljava/awt/Component;)V+11
j  java.awt.EventDispatchThread.pumpEvents(ILjava/awt/Conditional;)V+4
j  java.awt.EventDispatchThread.pumpEvents(Ljava/awt/Conditional;)V+3
j  java.awt.EventDispatchThread.run()V+9
v  ~StubRoutines::call_stub

---------------  P R O C E S S  ---------------

Java Threads: ( => current thread )
  0x00007f98bc116000 JavaThread "DestroyJavaVM" [_thread_blocked, id=4867, stack(0x0000000108730000,0x0000000108830000)]
  0x00007f98baa5d800 JavaThread "Thread-4" [_thread_in_native, id=77571, stack(0x00000001a8636000,0x00000001a8736000)]
  0x00007f98baa5c800 JavaThread "Thread-2" [_thread_blocked, id=77059, stack(0x00000001a8533000,0x00000001a8633000)]
  0x00007f98baa5c000 JavaThread "Thread-0" [_thread_blocked, id=76555, stack(0x00000001a8430000,0x00000001a8530000)]
  0x00007f98baa5b000 JavaThread "Thread-1" [_thread_blocked, id=76307, stack(0x00000001a832d000,0x00000001a842d000)]
  0x00007f98bc192800 JavaThread "Direct Clip" daemon [_thread_blocked, id=70915, stack(0x00000001a4c17000,0x00000001a4d17000)]
  0x00007f98bb923800 JavaThread "Direct Clip" daemon [_thread_blocked, id=70403, stack(0x00000001a4b14000,0x00000001a4c14000)]
  0x00007f98baa80000 JavaThread "Java Sound Event Dispatcher" daemon [_thread_blocked, id=67863, stack(0x00000001a467d000,0x00000001a477d000)]
  0x00007f98bb2e3000 JavaThread "TimerQueue" daemon [_thread_blocked, id=53771, stack(0x00000001a44f2000,0x00000001a45f2000)]
  0x00007f98bb300000 JavaThread "Timer-1" daemon [_thread_blocked, id=52995, stack(0x00000001a43ef000,0x00000001a44ef000)]
=>0x00007f98bb2df000 JavaThread "AWT-EventQueue-0" [_thread_in_native, id=52487, stack(0x00000001a4245000,0x00000001a4345000)]
  0x00007f98bb8d9000 JavaThread "Timer-0" [_thread_blocked, id=51463, stack(0x00000001a3970000,0x00000001a3a70000)]
  0x00007f98bb253800 JavaThread "Java2D Disposer" daemon [_thread_blocked, id=50219, stack(0x00000001a30dc000,0x00000001a31dc000)]
  0x00007f98bb204800 JavaThread "Java2D Queue Flusher" daemon [_thread_blocked, id=49159, stack(0x00000001a273d000,0x00000001a283d000)]
  0x00007f98bb109000 JavaThread "AWT-Shutdown" [_thread_blocked, id=29191, stack(0x000000019fc9b000,0x000000019fd9b000)]
  0x00007f98ba90c800 JavaThread "AppKit Thread" daemon [_thread_in_native, id=1299, stack(0x00007fff58534000,0x00007fff58d34000)]
  0x00007f98ba86a800 JavaThread "Service Thread" daemon [_thread_blocked, id=18179, stack(0x000000019e1be000,0x000000019e2be000)]
  0x00007f98ba858000 JavaThread "C1 CompilerThread2" daemon [_thread_blocked, id=17667, stack(0x000000019e0bb000,0x000000019e1bb000)]
  0x00007f98bb805000 JavaThread "C2 CompilerThread1" daemon [_thread_blocked, id=17155, stack(0x000000019dfb8000,0x000000019e0b8000)]
  0x00007f98bc003800 JavaThread "C2 CompilerThread0" daemon [_thread_blocked, id=16643, stack(0x000000019deb5000,0x000000019dfb5000)]
  0x00007f98bc003000 JavaThread "Signal Dispatcher" daemon [_thread_blocked, id=12563, stack(0x000000019ddb2000,0x000000019deb2000)]
  0x00007f98bb021800 JavaThread "Finalizer" daemon [_thread_blocked, id=11523, stack(0x000000019c477000,0x000000019c577000)]
  0x00007f98bb021000 JavaThread "Reference Handler" daemon [_thread_blocked, id=11011, stack(0x000000019c374000,0x000000019c474000)]

Other Threads:
  0x00007f98bb803000 VMThread [stack: 0x000000019c271000,0x000000019c371000] [id=10499]
  0x00007f98ba859000 WatcherThread [stack: 0x000000019e2c1000,0x000000019e3c1000] [id=18691]

VM state:not at safepoint (normal execution)

VM Mutex/Monitor currently owned by a thread: None

Heap:
 PSYoungGen      total 18944K, used 15003K [0x0000000142b00000, 0x0000000144000000, 0x0000000158000000)
  eden space 16384K, 91% used [0x0000000142b00000,0x00000001439a6d00,0x0000000143b00000)
  from space 2560K, 0% used [0x0000000143d80000,0x0000000143d80000,0x0000000144000000)
  to   space 2560K, 0% used [0x0000000143b00000,0x0000000143b00000,0x0000000143d80000)
 ParOldGen       total 44032K, used 0K [0x0000000118000000, 0x000000011ab00000, 0x0000000142b00000)
  object space 44032K, 0% used [0x0000000118000000,0x0000000118000000,0x000000011ab00000)
 Metaspace       used 15372K, capacity 15596K, committed 16000K, reserved 1062912K
  class space    used 1990K, capacity 2064K, committed 2176K, reserved 1048576K

Card table byte_map: [0x0000000158000000,0x0000000158201000] byte_map_base: 0x0000000157740000

Marking Bits: (ParMarkBitMap*) 0x00000001080b0390
 Begin Bits: [0x000000015860d000, 0x000000015960d000)
 End Bits:   [0x000000015960d000, 0x000000015a60d000)

Polling page: 0x0000000108874000

CodeCache: size=245760Kb used=4630Kb max_used=4641Kb free=241129Kb
 bounds [0x0000000108887000, 0x0000000108d17000, 0x0000000117887000]
 total_blobs=1960 nmethods=1403 adapters=471
 compilation: enabled

Compilation events (10 events):
Event: 18,586 Thread 0x00007f98ba858000 1401       3       java.awt.Component::dispatchEvent (6 bytes)
Event: 18,587 Thread 0x00007f98ba858000 nmethod 1401 0x0000000108d0b5d0 code [0x0000000108d0b740, 0x0000000108d0b948]
Event: 18,587 Thread 0x00007f98ba858000 1402       3       sun.java2d.SunGraphics2D::transformShape (97 bytes)
Event: 18,588 Thread 0x00007f98ba858000 nmethod 1402 0x0000000108d0b9d0 code [0x0000000108d0bc60, 0x0000000108d0ce08]
Event: 19,311 Thread 0x00007f98bb805000 1403       4       java.awt.EventQueue::eventToCacheIndex (80 bytes)
Event: 19,312 Thread 0x00007f98bb805000 nmethod 1403 0x0000000108d101d0 code [0x0000000108d10320, 0x0000000108d103d8]
Event: 19,412 Thread 0x00007f98ba858000 1404       1       javax.swing.JComboBox::isEditable (5 bytes)
Event: 19,413 Thread 0x00007f98ba858000 nmethod 1404 0x0000000108d0ff10 code [0x0000000108d10060, 0x0000000108d10170]
Event: 21,201 Thread 0x00007f98bc003800 1405       4       sun.awt.AWTAutoShutdown::isReadyToShutdown (37 bytes)
Event: 21,203 Thread 0x00007f98bc003800 nmethod 1405 0x0000000108d0e690 code [0x0000000108d0e7e0, 0x0000000108d0e8f8]

GC Heap History (0 events):
No events

Deoptimization events (4 events):
Event: 7,585 Thread 0x00007f98bb2df000 Uncommon trap: reason=class_check action=maybe_recompile pc=0x0000000108a39640 method=java.lang.String.equals(Ljava/lang/Object;)Z @ 8
Event: 7,586 Thread 0x00007f98bb2df000 Uncommon trap: reason=class_check action=maybe_recompile pc=0x0000000108a39640 method=java.lang.String.equals(Ljava/lang/Object;)Z @ 8
Event: 7,588 Thread 0x00007f98bb2df000 Uncommon trap: reason=class_check action=maybe_recompile pc=0x0000000108a39640 method=java.lang.String.equals(Ljava/lang/Object;)Z @ 8
Event: 7,589 Thread 0x00007f98bb2df000 Uncommon trap: reason=class_check action=maybe_recompile pc=0x0000000108a39640 method=java.lang.String.equals(Ljava/lang/Object;)Z @ 8

Internal exceptions (10 events):
Event: 2,869 Thread 0x00007f98bb001000 Exception <a 'java/io/FileNotFoundException'> (0x000000014342da00) thrown at [/HUDSON3/workspace/8-2-build-macosx-x86_64/jdk8u25/1514/hotspot/src/share/vm/prims/jni.cpp, line 716]
Event: 2,870 Thread 0x00007f98bb001000 Exception <a 'java/io/FileNotFoundException'> (0x00000001434394f8) thrown at [/HUDSON3/workspace/8-2-build-macosx-x86_64/jdk8u25/1514/hotspot/src/share/vm/prims/jni.cpp, line 716]
Event: 2,871 Thread 0x00007f98bb001000 Exception <a 'java/io/FileNotFoundException'> (0x000000014343b818) thrown at [/HUDSON3/workspace/8-2-build-macosx-x86_64/jdk8u25/1514/hotspot/src/share/vm/prims/jni.cpp, line 716]
Event: 2,872 Thread 0x00007f98bb001000 Exception <a 'java/security/PrivilegedActionException'> (0x0000000143443888) thrown at [/HUDSON3/workspace/8-2-build-macosx-x86_64/jdk8u25/1514/hotspot/src/share/vm/prims/jvm.cpp, line 1312]
Event: 2,966 Thread 0x00007f98bb001000 Exception <a 'java/security/PrivilegedActionException'> (0x000000014347f548) thrown at [/HUDSON3/workspace/8-2-build-macosx-x86_64/jdk8u25/1514/hotspot/src/share/vm/prims/jvm.cpp, line 1312]
Event: 2,984 Thread 0x00007f98bb001000 Exception <a 'java/security/PrivilegedActionException'> (0x0000000143485c58) thrown at [/HUDSON3/workspace/8-2-build-macosx-x86_64/jdk8u25/1514/hotspot/src/share/vm/prims/jvm.cpp, line 1312]
Event: 2,985 Thread 0x00007f98bb001000 Exception <a 'java/security/PrivilegedActionException'> (0x0000000143489a88) thrown at [/HUDSON3/workspace/8-2-build-macosx-x86_64/jdk8u25/1514/hotspot/src/share/vm/prims/jvm.cpp, line 1312]
Event: 2,985 Thread 0x00007f98bb001000 Exception <a 'java/security/PrivilegedActionException'> (0x000000014348e328) thrown at [/HUDSON3/workspace/8-2-build-macosx-x86_64/jdk8u25/1514/hotspot/src/share/vm/prims/jvm.cpp, line 1312]
Event: 2,986 Thread 0x00007f98bb001000 Exception <a 'java/security/PrivilegedActionException'> (0x0000000143492f40) thrown at [/HUDSON3/workspace/8-2-build-macosx-x86_64/jdk8u25/1514/hotspot/src/share/vm/prims/jvm.cpp, line 1312]
Event: 2,996 Thread 0x00007f98bb001000 Exception <a 'java/security/PrivilegedActionException'> (0x0000000143499838) thrown at [/HUDSON3/workspace/8-2-build-macosx-x86_64/jdk8u25/1514/hotspot/src/share/vm/prims/jvm.cpp, line 1312]

Events (10 events):
Event: 17,301 loading class javax/swing/Popup$DefaultFrame done
Event: 17,301 loading class javax/swing/PopupFactory$HeavyWeightPopup$1
Event: 17,301 loading class java/awt/event/WindowAdapter
Event: 17,301 loading class java/awt/event/WindowAdapter done
Event: 17,301 loading class javax/swing/PopupFactory$HeavyWeightPopup$1 done
Event: 17,301 loading class javax/swing/plaf/basic/BasicPopupMenuUI$MouseGrabber$2
Event: 17,309 loading class javax/swing/plaf/basic/BasicPopupMenuUI$MouseGrabber$2 done
Event: 17,309 loading class java/awt/Scrollbar
Event: 17,310 loading class java/awt/Scrollbar done
Event: 21,624 Thread 0x00007f98baa9b800 Thread exited: 0x00007f98baa9b800


Dynamic libraries:
0x000000000853e000 	/System/Library/Frameworks/Cocoa.framework/Versions/A/Cocoa
0x000000000853e000 	/System/Library/Frameworks/Security.framework/Versions/A/Security
0x000000000853e000 	/System/Library/Frameworks/ApplicationServices.framework/Versions/A/ApplicationServices
0x000000000853e000 	/usr/lib/libz.1.dylib
0x000000000853e000 	/usr/lib/libSystem.B.dylib
0x000000000853e000 	/usr/lib/libobjc.A.dylib
0x000000000853e000 	/System/Library/Frameworks/CoreFoundation.framework/Versions/A/CoreFoundation
0x000000000853e000 	/System/Library/Frameworks/Foundation.framework/Versions/C/Foundation
0x000000000853e000 	/System/Library/Frameworks/AppKit.framework/Versions/C/AppKit
0x000000000853e000 	/System/Library/Frameworks/CoreData.framework/Versions/A/CoreData
0x000000000853e000 	/System/Library/PrivateFrameworks/RemoteViewServices.framework/Versions/A/RemoteViewServices
0x000000000853e000 	/System/Library/PrivateFrameworks/UIFoundation.framework/Versions/A/UIFoundation
0x000000000853e000 	/System/Library/Frameworks/IOSurface.framework/Versions/A/IOSurface
0x000000000853e000 	/System/Library/Frameworks/AudioToolbox.framework/Versions/A/AudioToolbox
0x000000000853e000 	/System/Library/Frameworks/AudioUnit.framework/Versions/A/AudioUnit
0x000000000853e000 	/System/Library/PrivateFrameworks/DataDetectorsCore.framework/Versions/A/DataDetectorsCore
0x000000000853e000 	/System/Library/PrivateFrameworks/DesktopServicesPriv.framework/Versions/A/DesktopServicesPriv
0x000000000853e000 	/System/Library/Frameworks/Carbon.framework/Versions/A/Frameworks/HIToolbox.framework/Versions/A/HIToolbox
0x000000000853e000 	/System/Library/Frameworks/QuartzCore.framework/Versions/A/QuartzCore
0x000000000853e000 	/System/Library/Frameworks/Carbon.framework/Versions/A/Frameworks/SpeechRecognition.framework/Versions/A/SpeechRecognition
0x000000000853e000 	/usr/lib/libauto.dylib
0x000000000853e000 	/usr/lib/libicucore.A.dylib
0x000000000853e000 	/usr/lib/libxml2.2.dylib
0x000000000853e000 	/System/Library/PrivateFrameworks/CoreUI.framework/Versions/A/CoreUI
0x000000000853e000 	/System/Library/Frameworks/CoreAudio.framework/Versions/A/CoreAudio
0x000000000853e000 	/System/Library/Frameworks/DiskArbitration.framework/Versions/A/DiskArbitration
0x000000000853e000 	/usr/lib/liblangid.dylib
0x000000000853e000 	/System/Library/PrivateFrameworks/MultitouchSupport.framework/Versions/A/MultitouchSupport
0x000000000853e000 	/System/Library/Frameworks/IOKit.framework/Versions/A/IOKit
0x000000000853e000 	/usr/lib/libDiagnosticMessagesClient.dylib
0x000000000853e000 	/System/Library/Frameworks/CoreServices.framework/Versions/A/CoreServices
0x000000000853e000 	/System/Library/PrivateFrameworks/PerformanceAnalysis.framework/Versions/A/PerformanceAnalysis
0x000000000853e000 	/System/Library/PrivateFrameworks/GenerationalStorage.framework/Versions/A/GenerationalStorage
0x000000000853e000 	/System/Library/Frameworks/OpenGL.framework/Versions/A/OpenGL
0x000000000853e000 	/System/Library/PrivateFrameworks/Sharing.framework/Versions/A/Sharing
0x000000000853e000 	/System/Library/Frameworks/CoreGraphics.framework/Versions/A/CoreGraphics
0x000000000853e000 	/System/Library/Frameworks/CoreText.framework/Versions/A/CoreText
0x000000000853e000 	/System/Library/Frameworks/ImageIO.framework/Versions/A/ImageIO
0x000000000853e000 	/usr/lib/libextension.dylib
0x000000000853e000 	/System/Library/PrivateFrameworks/Backup.framework/Versions/A/Backup
0x000000000853e000 	/usr/lib/libarchive.2.dylib
0x000000000853e000 	/System/Library/Frameworks/CFNetwork.framework/Versions/A/CFNetwork
0x000000000853e000 	/System/Library/Frameworks/SystemConfiguration.framework/Versions/A/SystemConfiguration
0x000000000853e000 	/usr/lib/libCRFSuite.dylib
0x000000000853e000 	/usr/lib/libc++.1.dylib
0x000000000853e000 	/usr/lib/libc++abi.dylib
0x000000000853e000 	/usr/lib/system/libcache.dylib
0x000000000853e000 	/usr/lib/system/libcommonCrypto.dylib
0x000000000853e000 	/usr/lib/system/libcompiler_rt.dylib
0x000000000853e000 	/usr/lib/system/libcopyfile.dylib
0x000000000853e000 	/usr/lib/system/libcorecrypto.dylib
0x000000000853e000 	/usr/lib/system/libdispatch.dylib
0x000000000853e000 	/usr/lib/system/libdyld.dylib
0x000000000853e000 	/usr/lib/system/libkeymgr.dylib
0x000000000853e000 	/usr/lib/system/liblaunch.dylib
0x000000000853e000 	/usr/lib/system/libmacho.dylib
0x000000000853e000 	/usr/lib/system/libquarantine.dylib
0x000000000853e000 	/usr/lib/system/libremovefile.dylib
0x000000000853e000 	/usr/lib/system/libsystem_asl.dylib
0x000000000853e000 	/usr/lib/system/libsystem_blocks.dylib
0x000000000853e000 	/usr/lib/system/libsystem_c.dylib
0x000000000853e000 	/usr/lib/system/libsystem_configuration.dylib
0x000000000853e000 	/usr/lib/system/libsystem_coreservices.dylib
0x000000000853e000 	/usr/lib/system/libsystem_coretls.dylib
0x000000000853e000 	/usr/lib/system/libsystem_dnssd.dylib
0x000000000853e000 	/usr/lib/system/libsystem_info.dylib
0x000000000853e000 	/usr/lib/system/libsystem_kernel.dylib
0x000000000853e000 	/usr/lib/system/libsystem_m.dylib
0x000000000853e000 	/usr/lib/system/libsystem_malloc.dylib
0x000000000853e000 	/usr/lib/system/libsystem_network.dylib
0x000000000853e000 	/usr/lib/system/libsystem_networkextension.dylib
0x000000000853e000 	/usr/lib/system/libsystem_notify.dylib
0x000000000853e000 	/usr/lib/system/libsystem_platform.dylib
0x000000000853e000 	/usr/lib/system/libsystem_pthread.dylib
0x000000000853e000 	/usr/lib/system/libsystem_sandbox.dylib
0x000000000853e000 	/usr/lib/system/libsystem_secinit.dylib
0x000000000853e000 	/usr/lib/system/libsystem_stats.dylib
0x000000000853e000 	/usr/lib/system/libsystem_trace.dylib
0x000000000853e000 	/usr/lib/system/libunc.dylib
0x000000000853e000 	/usr/lib/system/libunwind.dylib
0x000000000853e000 	/usr/lib/system/libxpc.dylib
0x000000000853e000 	/usr/lib/libbz2.1.0.dylib
0x000000000853e000 	/usr/lib/liblzma.5.dylib
0x000000000853e000 	/usr/lib/libbsm.0.dylib
0x000000000853e000 	/usr/lib/libsqlite3.dylib
0x000000000853e000 	/usr/lib/system/libkxld.dylib
0x000000000853e000 	/usr/lib/libxar.1.dylib
0x000000000853e000 	/usr/lib/libpam.2.dylib
0x000000000853e000 	/usr/lib/libOpenScriptingUtil.dylib
0x000000000853e000 	/System/Library/Frameworks/CoreServices.framework/Versions/A/Frameworks/FSEvents.framework/Versions/A/FSEvents
0x000000000853e000 	/System/Library/Frameworks/CoreServices.framework/Versions/A/Frameworks/CarbonCore.framework/Versions/A/CarbonCore
0x000000000853e000 	/System/Library/Frameworks/CoreServices.framework/Versions/A/Frameworks/Metadata.framework/Versions/A/Metadata
0x000000000853e000 	/System/Library/Frameworks/CoreServices.framework/Versions/A/Frameworks/OSServices.framework/Versions/A/OSServices
0x000000000853e000 	/System/Library/Frameworks/CoreServices.framework/Versions/A/Frameworks/SearchKit.framework/Versions/A/SearchKit
0x000000000853e000 	/System/Library/Frameworks/CoreServices.framework/Versions/A/Frameworks/AE.framework/Versions/A/AE
0x000000000853e000 	/System/Library/Frameworks/CoreServices.framework/Versions/A/Frameworks/LaunchServices.framework/Versions/A/LaunchServices
0x000000000853e000 	/System/Library/Frameworks/CoreServices.framework/Versions/A/Frameworks/DictionaryServices.framework/Versions/A/DictionaryServices
0x000000000853e000 	/System/Library/Frameworks/NetFS.framework/Versions/A/NetFS
0x000000000853e000 	/System/Library/PrivateFrameworks/NetAuth.framework/Versions/A/NetAuth
0x000000000853e000 	/System/Library/PrivateFrameworks/login.framework/Versions/A/Frameworks/loginsupport.framework/Versions/A/loginsupport
0x000000000853e000 	/System/Library/PrivateFrameworks/TCC.framework/Versions/A/TCC
0x000000000853e000 	/usr/lib/libmecabra.dylib
0x000000000853e000 	/System/Library/Frameworks/ApplicationServices.framework/Versions/A/Frameworks/ATS.framework/Versions/A/ATS
0x000000000853e000 	/System/Library/Frameworks/ApplicationServices.framework/Versions/A/Frameworks/ColorSync.framework/Versions/A/ColorSync
0x000000000853e000 	/System/Library/Frameworks/ApplicationServices.framework/Versions/A/Frameworks/HIServices.framework/Versions/A/HIServices
0x000000000853e000 	/System/Library/Frameworks/ApplicationServices.framework/Versions/A/Frameworks/LangAnalysis.framework/Versions/A/LangAnalysis
0x000000000853e000 	/System/Library/Frameworks/ApplicationServices.framework/Versions/A/Frameworks/PrintCore.framework/Versions/A/PrintCore
0x000000000853e000 	/System/Library/Frameworks/ApplicationServices.framework/Versions/A/Frameworks/QD.framework/Versions/A/QD
0x000000000853e000 	/System/Library/Frameworks/ApplicationServices.framework/Versions/A/Frameworks/SpeechSynthesis.framework/Versions/A/SpeechSynthesis
0x000000000853e000 	/System/Library/Frameworks/Accelerate.framework/Versions/A/Accelerate
0x000000000853e000 	/System/Library/Frameworks/Accelerate.framework/Versions/A/Frameworks/vImage.framework/Versions/A/vImage
0x000000000853e000 	/System/Library/Frameworks/Accelerate.framework/Versions/A/Frameworks/vecLib.framework/Versions/A/vecLib
0x000000000853e000 	/System/Library/Frameworks/Accelerate.framework/Versions/A/Frameworks/vecLib.framework/Versions/A/libvDSP.dylib
0x000000000853e000 	/System/Library/Frameworks/Accelerate.framework/Versions/A/Frameworks/vecLib.framework/Versions/A/libvMisc.dylib
0x000000000853e000 	/System/Library/Frameworks/Accelerate.framework/Versions/A/Frameworks/vecLib.framework/Versions/A/libLAPACK.dylib
0x000000000853e000 	/System/Library/Frameworks/Accelerate.framework/Versions/A/Frameworks/vecLib.framework/Versions/A/libBLAS.dylib
0x000000000853e000 	/System/Library/Frameworks/Accelerate.framework/Versions/A/Frameworks/vecLib.framework/Versions/A/libLinearAlgebra.dylib
0x000000000853e000 	/System/Library/Frameworks/ApplicationServices.framework/Versions/A/Frameworks/ATS.framework/Versions/A/Resources/libFontParser.dylib
0x000000000853e000 	/System/Library/Frameworks/ApplicationServices.framework/Versions/A/Frameworks/ATS.framework/Versions/A/Resources/libFontRegistry.dylib
0x000000000853e000 	/System/Library/PrivateFrameworks/AppleVPA.framework/Versions/A/AppleVPA
0x000000000853e000 	/System/Library/PrivateFrameworks/AppleJPEG.framework/Versions/A/AppleJPEG
0x000000000853e000 	/System/Library/Frameworks/ImageIO.framework/Versions/A/Resources/libJPEG.dylib
0x000000000853e000 	/System/Library/Frameworks/ImageIO.framework/Versions/A/Resources/libTIFF.dylib
0x000000000853e000 	/System/Library/Frameworks/ImageIO.framework/Versions/A/Resources/libPng.dylib
0x000000000853e000 	/System/Library/Frameworks/ImageIO.framework/Versions/A/Resources/libGIF.dylib
0x000000000853e000 	/System/Library/Frameworks/ImageIO.framework/Versions/A/Resources/libJP2.dylib
0x000000000853e000 	/System/Library/Frameworks/ImageIO.framework/Versions/A/Resources/libRadiance.dylib
0x000000000853e000 	/System/Library/Frameworks/CoreVideo.framework/Versions/A/CoreVideo
0x000000000853e000 	/System/Library/Frameworks/OpenGL.framework/Versions/A/Libraries/libGLU.dylib
0x000000000853e000 	/System/Library/Frameworks/OpenGL.framework/Versions/A/Libraries/libGFXShared.dylib
0x000000000853e000 	/System/Library/Frameworks/OpenGL.framework/Versions/A/Libraries/libGL.dylib
0x000000000853e000 	/System/Library/Frameworks/OpenGL.framework/Versions/A/Libraries/libGLImage.dylib
0x000000000853e000 	/System/Library/Frameworks/OpenGL.framework/Versions/A/Libraries/libCVMSPluginSupport.dylib
0x000000000853e000 	/System/Library/Frameworks/OpenGL.framework/Versions/A/Libraries/libCoreVMClient.dylib
0x000000000853e000 	/usr/lib/libcups.2.dylib
0x000000000853e000 	/System/Library/Frameworks/Kerberos.framework/Versions/A/Kerberos
0x000000000853e000 	/System/Library/Frameworks/GSS.framework/Versions/A/GSS
0x000000000853e000 	/usr/lib/libresolv.9.dylib
0x000000000853e000 	/usr/lib/libiconv.2.dylib
0x000000000853e000 	/System/Library/PrivateFrameworks/Heimdal.framework/Versions/A/Heimdal
0x000000000853e000 	/usr/lib/libheimdal-asn1.dylib
0x000000000853e000 	/System/Library/Frameworks/OpenDirectory.framework/Versions/A/OpenDirectory
0x000000000853e000 	/System/Library/PrivateFrameworks/CommonAuth.framework/Versions/A/CommonAuth
0x000000000853e000 	/System/Library/Frameworks/OpenDirectory.framework/Versions/A/Frameworks/CFOpenDirectory.framework/Versions/A/CFOpenDirectory
0x000000000853e000 	/System/Library/Frameworks/SecurityFoundation.framework/Versions/A/SecurityFoundation
0x000000000853e000 	/System/Library/PrivateFrameworks/LanguageModeling.framework/Versions/A/LanguageModeling
0x000000000853e000 	/usr/lib/libcmph.dylib
0x000000000853e000 	/System/Library/Frameworks/ServiceManagement.framework/Versions/A/ServiceManagement
0x000000000853e000 	/usr/lib/libxslt.1.dylib
0x000000000853e000 	/System/Library/Frameworks/Carbon.framework/Versions/A/Frameworks/Ink.framework/Versions/A/Ink
0x000000000853e000 	/System/Library/Frameworks/QuartzCore.framework/Versions/A/Frameworks/CoreImage.framework/Versions/A/CoreImage
0x000000000853e000 	/System/Library/PrivateFrameworks/CrashReporterSupport.framework/Versions/A/CrashReporterSupport
0x000000000853e000 	/System/Library/Frameworks/OpenCL.framework/Versions/A/OpenCL
0x000000000853e000 	/System/Library/PrivateFrameworks/FaceCore.framework/Versions/A/FaceCore
0x000000000853e000 	/System/Library/PrivateFrameworks/Ubiquity.framework/Versions/A/Ubiquity
0x000000000853e000 	/System/Library/PrivateFrameworks/IconServices.framework/Versions/A/IconServices
0x000000000853e000 	/System/Library/PrivateFrameworks/ChunkingLibrary.framework/Versions/A/ChunkingLibrary
0x000000000853e000 	/System/Library/PrivateFrameworks/Apple80211.framework/Versions/A/Apple80211
0x000000000853e000 	/System/Library/Frameworks/CoreWLAN.framework/Versions/A/CoreWLAN
0x000000000853e000 	/System/Library/Frameworks/IOBluetooth.framework/Versions/A/IOBluetooth
0x000000000853e000 	/System/Library/PrivateFrameworks/CoreWiFi.framework/Versions/A/CoreWiFi
0x000000000853e000 	/System/Library/Frameworks/CoreBluetooth.framework/Versions/A/CoreBluetooth
0x000000000853e000 	/System/Library/PrivateFrameworks/DebugSymbols.framework/Versions/A/DebugSymbols
0x000000000853e000 	/System/Library/PrivateFrameworks/CoreSymbolication.framework/Versions/A/CoreSymbolication
0x000000000853e000 	/System/Library/PrivateFrameworks/Symbolication.framework/Versions/A/Symbolication
0x000000000853e000 	/System/Library/PrivateFrameworks/SpeechRecognitionCore.framework/Versions/A/SpeechRecognitionCore
0x0000000107813000 	/Library/Internet Plug-Ins/JavaAppletPlugin.plugin/Contents/Home/lib/server/libjvm.dylib
0x000000000853e000 	/usr/lib/libstdc++.6.dylib
0x0000000108832000 	/Library/Internet Plug-Ins/JavaAppletPlugin.plugin/Contents/Home/lib/libverify.dylib
0x0000000108840000 	/Library/Internet Plug-Ins/JavaAppletPlugin.plugin/Contents/Home/lib/libjava.dylib
0x000000010887e000 	/Library/Internet Plug-Ins/JavaAppletPlugin.plugin/Contents/Home/lib/libzip.dylib
0x000000019c579000 	/System/Library/Frameworks/JavaVM.framework/Frameworks/JavaRuntimeSupport.framework/JavaRuntimeSupport
0x000000019c591000 	/System/Library/Frameworks/JavaVM.framework/Versions/A/Frameworks/JavaNativeFoundation.framework/Versions/A/JavaNativeFoundation
0x0000000117df1000 	/System/Library/Frameworks/JavaVM.framework/Versions/A/JavaVM
0x000000000853e000 	/System/Library/Frameworks/Carbon.framework/Versions/A/Carbon
0x000000019c5a6000 	/System/Library/PrivateFrameworks/JavaLaunching.framework/Versions/A/JavaLaunching
0x000000000853e000 	/System/Library/Frameworks/Carbon.framework/Versions/A/Frameworks/CommonPanels.framework/Versions/A/CommonPanels
0x000000000853e000 	/System/Library/Frameworks/Carbon.framework/Versions/A/Frameworks/Help.framework/Versions/A/Help
0x000000000853e000 	/System/Library/Frameworks/Carbon.framework/Versions/A/Frameworks/ImageCapture.framework/Versions/A/ImageCapture
0x000000000853e000 	/System/Library/Frameworks/Carbon.framework/Versions/A/Frameworks/OpenScripting.framework/Versions/A/OpenScripting
0x000000000853e000 	/System/Library/Frameworks/Carbon.framework/Versions/A/Frameworks/Print.framework/Versions/A/Print
0x000000000853e000 	/System/Library/Frameworks/Carbon.framework/Versions/A/Frameworks/SecurityHI.framework/Versions/A/SecurityHI
0x000000019e406000 	/Library/Internet Plug-Ins/JavaAppletPlugin.plugin/Contents/Home/lib/libawt.dylib
0x000000019e4b5000 	/Library/Internet Plug-Ins/JavaAppletPlugin.plugin/Contents/Home/lib/./libmlib_image.dylib
0x000000019e581000 	/Library/Internet Plug-Ins/JavaAppletPlugin.plugin/Contents/Home/lib/libawt_lwawt.dylib
0x000000019e634000 	/Library/Internet Plug-Ins/JavaAppletPlugin.plugin/Contents/Home/lib/./libosxapp.dylib
0x000000000853e000 	/System/Library/Frameworks/ExceptionHandling.framework/Versions/A/ExceptionHandling
0x000000000853e000 	/System/Library/PrivateFrameworks/CoreServicesInternal.framework/Versions/A/CoreServicesInternal
0x000000000853e000 	/System/Library/PrivateFrameworks/CloudDocs.framework/Versions/A/CloudDocs
0x000000000853e000 	/System/Library/PrivateFrameworks/CoreDuet.framework/Versions/A/CoreDuet
0x000000000853e000 	/System/Library/Frameworks/CloudKit.framework/Versions/A/CloudKit
0x000000000853e000 	/System/Library/PrivateFrameworks/ProtocolBuffer.framework/Versions/A/ProtocolBuffer
0x000000000853e000 	/System/Library/PrivateFrameworks/CoreDuetDaemonProtocol.framework/Versions/A/CoreDuetDaemonProtocol
0x000000000853e000 	/System/Library/PrivateFrameworks/CoreDuetDebugLogging.framework/Versions/A/CoreDuetDebugLogging
0x000000000853e000 	/System/Library/Frameworks/CoreLocation.framework/Versions/A/CoreLocation
0x000000000853e000 	/System/Library/Frameworks/Accounts.framework/Versions/A/Accounts
0x000000000853e000 	/System/Library/PrivateFrameworks/ApplePushService.framework/Versions/A/ApplePushService
0x000000000853e000 	/System/Library/PrivateFrameworks/GeoServices.framework/Versions/A/GeoServices
0x000000000853e000 	/System/Library/PrivateFrameworks/OAuth.framework/Versions/A/OAuth
0x000000000853e000 	/System/Library/PrivateFrameworks/CoreDaemon.framework/Versions/B/CoreDaemon
0x000000000853e000 	/usr/lib/libcrypto.0.9.8.dylib
0x000000000853e000 	/System/Library/PrivateFrameworks/AppleSRP.framework/Versions/A/AppleSRP
0x000000000853e000 	/System/Library/PrivateFrameworks/TrustEvaluationAgent.framework/Versions/A/TrustEvaluationAgent
0x000000000853e000 	/System/Library/Frameworks/CoreGraphics.framework/Versions/A/Resources/libCGCMS.A.dylib
0x000000000853e000 	/System/Library/Frameworks/CoreGraphics.framework/Versions/A/Resources/libRIP.A.dylib
0x000000000853e000 	/System/Library/Frameworks/CoreGraphics.framework/Versions/A/Resources/libCGXType.A.dylib
0x000000000853e000 	/System/Library/Frameworks/OpenCL.framework/Versions/A/Libraries/libcldcpuengine.dylib
0x000000000853e000 	/System/Library/PrivateFrameworks/DiskImages.framework/Versions/A/DiskImages
0x000000000853e000 	/System/Library/Frameworks/DiscRecording.framework/Versions/A/DiscRecording
0x000000000853e000 	/usr/lib/libcsfde.dylib
0x000000000853e000 	/usr/lib/libcurl.4.dylib
0x000000000853e000 	/System/Library/PrivateFrameworks/MediaKit.framework/Versions/A/MediaKit
0x000000000853e000 	/System/Library/PrivateFrameworks/ProtectedCloudStorage.framework/Versions/A/ProtectedCloudStorage
0x000000000853e000 	/usr/lib/libCoreStorage.dylib
0x000000000853e000 	/System/Library/PrivateFrameworks/EFILogin.framework/Versions/A/EFILogin
0x000000000853e000 	/usr/lib/libutil.dylib
0x000000000853e000 	/System/Library/PrivateFrameworks/FindMyDevice.framework/Versions/A/FindMyDevice
0x000000000853e000 	/System/Library/Frameworks/LDAP.framework/Versions/A/LDAP
0x000000000853e000 	/usr/lib/libsasl2.2.dylib
0x00000001a1440000 	cl_kernels
0x00000001a1442000 	/System/Library/Frameworks/OpenCL.framework/Versions/A/Libraries/ImageFormats/unorm8_bgra.dylib
0x00000001a1431000 	cl_kernels
0x000000000853e000 	/System/Library/PrivateFrameworks/FamilyControls.framework/Versions/A/FamilyControls
0x000000000853e000 	/System/Library/PrivateFrameworks/CommerceKit.framework/Versions/A/Frameworks/CommerceCore.framework/Versions/A/CommerceCore
0x000000000853e000 	/System/Library/PrivateFrameworks/SystemAdministration.framework/Versions/A/SystemAdministration
0x000000000853e000 	/System/Library/PrivateFrameworks/AppContainer.framework/Versions/A/AppContainer
0x000000000853e000 	/System/Library/PrivateFrameworks/SecCodeWrapper.framework/Versions/A/SecCodeWrapper
0x000000000853e000 	/System/Library/Frameworks/DirectoryService.framework/Versions/A/DirectoryService
0x000000000853e000 	/System/Library/PrivateFrameworks/LoginUIKit.framework/Versions/A/Frameworks/LoginUICore.framework/Versions/A/LoginUICore
0x000000000853e000 	/usr/lib/libodfde.dylib
0x00000001a268d000 	/Library/Internet Plug-Ins/JavaAppletPlugin.plugin/Contents/Home/lib/libfontmanager.dylib
0x00000001a0979000 	/Library/Internet Plug-Ins/JavaAppletPlugin.plugin/Contents/Home/lib/libosxui.dylib
0x00000001a0982000 	/Library/Internet Plug-Ins/JavaAppletPlugin.plugin/Contents/Home/lib/libnet.dylib
0x000000000853e000 	/System/Library/Frameworks/OpenGL.framework/Versions/A/Resources/GLEngine.bundle/GLEngine
0x000000000853e000 	/System/Library/Frameworks/OpenGL.framework/Versions/A/Libraries/libGLProgrammability.dylib
0x0000000000000000 	/System/Library/Extensions/AppleIntelHD5000GraphicsGLDriver.bundle/Contents/MacOS/AppleIntelHD5000GraphicsGLDriver
0x000000000853e000 	/System/Library/PrivateFrameworks/IOAccelerator.framework/Versions/A/IOAccelerator
0x000000000853e000 	/System/Library/PrivateFrameworks/GPUSupport.framework/Versions/A/Libraries/libGPUSupportMercury.dylib
0x000000000853e000 	/System/Library/Frameworks/OpenGL.framework/Versions/A/Resources/GLRendererFloat.bundle/GLRendererFloat
0x00000001a3d29000 	/Library/Internet Plug-Ins/JavaAppletPlugin.plugin/Contents/Home/lib/libnio.dylib
0x00000001a3b77000 	/Library/Internet Plug-Ins/JavaAppletPlugin.plugin/Contents/Home/lib/libosx.dylib
0x00000001a45f4000 	/System/Library/Java/Extensions/librxtxSerial.jnilib
0x00000001a4602000 	/Library/Internet Plug-Ins/JavaAppletPlugin.plugin/Contents/Home/lib/libjsound.dylib
0x00000001a4615000 	/System/Library/Frameworks/CoreMIDI.framework/Versions/A/CoreMIDI
0x000000000853e000 	/usr/lib/libexpat.1.dylib
0x00000001a4673000 	/System/Library/Extensions/AppleHDA.kext/Contents/PlugIns/AppleHDAHALPlugIn.bundle/Contents/MacOS/AppleHDAHALPlugIn
0x00000001a47a6000 	/System/Library/Components/CoreAudio.component/Contents/MacOS/CoreAudio
0x000000000853e000 	/System/Library/Frameworks/Accelerate.framework/Versions/A/Frameworks/vImage.framework/Versions/A/Libraries/libCGInterfaces.dylib
0x000000000853e000 	/System/Library/Frameworks/ApplicationServices.framework/Versions/A/Frameworks/ATS.framework/Versions/A/Resources/libTrueTypeScaler.dylib
0x00000001a891f000 	/Library/Internet Plug-Ins/JavaAppletPlugin.plugin/Contents/Home/lib/libdcpr.dylib

VM Arguments:
java_command: /Users/gerolf/Dropbox/morsekob/morsekob-complete/morsekob30/MorseKOB.jar
java_class_path (initial): /Users/gerolf/Dropbox/morsekob/morsekob-complete/morsekob30/MorseKOB.jar
Launcher Type: SUN_STANDARD

Environment Variables:
PATH=/usr/bin:/bin:/usr/sbin:/sbin
SHELL=/bin/bash
DISPLAY=/private/tmp/com.apple.launchd.b8zPIEeYSN/org.macosforge.xquartz:0

Signal Handlers:
SIGSEGV: [libjvm.dylib+0x579dc7], sa_mask[0]=11111111011111110111111111111111, sa_flags=SA_ONSTACK|SA_RESTART|SA_SIGINFO
SIGBUS: [libjvm.dylib+0x579dc7], sa_mask[0]=11111111011111110111111111111111, sa_flags=SA_RESTART|SA_SIGINFO
SIGFPE: [libjvm.dylib+0x45b030], sa_mask[0]=11111111011111110111111111111111, sa_flags=SA_RESTART|SA_SIGINFO
SIGPIPE: [libjvm.dylib+0x45b030], sa_mask[0]=11111111011111110111111111111111, sa_flags=SA_RESTART|SA_SIGINFO
SIGXFSZ: [libjvm.dylib+0x45b030], sa_mask[0]=11111111011111110111111111111111, sa_flags=SA_RESTART|SA_SIGINFO
SIGILL: [libjvm.dylib+0x45b030], sa_mask[0]=11111111011111110111111111111111, sa_flags=SA_RESTART|SA_SIGINFO
SIGUSR1: SIG_DFL, sa_mask[0]=00000000000000000000000000000000, sa_flags=none
SIGUSR2: [libjvm.dylib+0x45ab4e], sa_mask[0]=00000000000000000000000000000000, sa_flags=SA_RESTART|SA_SIGINFO
SIGHUP: [libjvm.dylib+0x459121], sa_mask[0]=11111111011111110111111111111111, sa_flags=SA_RESTART|SA_SIGINFO
SIGINT: [libjvm.dylib+0x459121], sa_mask[0]=11111111011111110111111111111111, sa_flags=SA_RESTART|SA_SIGINFO
SIGTERM: [libjvm.dylib+0x459121], sa_mask[0]=11111111011111110111111111111111, sa_flags=SA_RESTART|SA_SIGINFO
SIGQUIT: [libjvm.dylib+0x459121], sa_mask[0]=11111111011111110111111111111111, sa_flags=SA_RESTART|SA_SIGINFO


---------------  S Y S T E M  ---------------

OS:Bsduname:Darwin 14.1.0 Darwin Kernel Version 14.1.0: Fri Dec  5 06:49:27 PST 2014; root:xnu-2782.10.67~9/RELEASE_X86_64 x86_64
rlimit: STACK 8192k, CORE 0k, NPROC 709, NOFILE 10240, AS infinity
load average:1,69 1,47 1,42

CPU:total 4 (2 cores per cpu, 2 threads per core) family 6 model 69 stepping 1, cmov, cx8, fxsr, mmx, sse, sse2, sse3, ssse3, sse4.1, sse4.2, popcnt, avx, avx2, aes, clmul, erms, lzcnt, ht, tsc, tscinvbit, bmi1, bmi2

Memory: 4k page, physical 4194304k(20488k free)

/proc/meminfo:


vm_info: Java HotSpot(TM) 64-Bit Server VM (25.25-b02) for bsd-amd64 JRE (1.8.0_25-b17), built on Sep 17 2014 16:56:50 by "java_re" with gcc 4.2.1 (Based on Apple Inc. build 5658) (LLVM build 2336.11.00)

time: Sun Jan  4 09:06:00 2015
elapsed time: 21 seconds (0d 0h 0m 21s)

