#
# A fatal error has been detected by the Java Runtime Environment:
#
#  SIGSEGV (0xb) at pc=0x0000000120f7412f, pid=46992, tid=52743
#
# JRE version: Java(TM) SE Runtime Environment (8.0_25-b17) (build 1.8.0_25-b17)
# Java VM: Java HotSpot(TM) 64-Bit Server VM (25.25-b02 mixed mode bsd-amd64 compressed oops)
# Problematic frame:
# C  [librxtxSerial.jnilib+0x312f]  Java_gnu_io_RXTXPort_interruptEventLoop+0x6b
#
# Failed to write core dump. Core dumps have been disabled. To enable core dumping, try "ulimit -c unlimited" before starting Java again
#
# If you would like to submit a bug report, please visit:
#   http://bugreport.sun.com/bugreport/crash.jsp
# The crash happened outside the Java Virtual Machine in native code.
# See problematic frame for where to report the bug.
#

---------------  T H R E A D  ---------------

Current thread (0x00007f9a34a80800):  JavaThread "AWT-EventQueue-0" [_thread_in_native, id=52743, stack(0x0000000120bc2000,0x0000000120cc2000)]

siginfo: si_signo: 11 (SIGSEGV), si_code: 1 (SEGV_MAPERR), si_addr: 0x0000000121796868

Registers:
RAX=0x0000000000000000, RBX=0x0000000121796700, RCX=0x00007fff93b9848a, RDX=0xffffffffffffffff
RSP=0x0000000120cbf190, RBP=0x0000000120cbf1a0, RSI=0x0000000000000000, RDI=0x000000000000003c
R8 =0x0000000000000000, R9 =0x0000000002faf080, R10=0x0000000000000001, R11=0x0000000000000247
R12=0x000000000000003a, R13=0x00000001207e3810, R14=0x0000000120cbf220, R15=0x00007f9a34a80800
RIP=0x0000000120f7412f, EFLAGS=0x0000000000010202, ERR=0x0000000000000004
  TRAPNO=0x000000000000000e

Top of Stack: (sp=0x0000000120cbf190)
0x0000000120cbf190:   00000001207e3810 0000000000000000
0x0000000120cbf1a0:   0000000120cbf200 0000000105468694
0x0000000120cbf1b0:   00000001054742a3 00000001054683e2
0x0000000120cbf1c0:   0000000120cbf1c0 00000001207e3810
0x0000000120cbf1d0:   0000000120cbf220 00000001207f02f0
0x0000000120cbf1e0:   0000000000000000 00000001207e3810
0x0000000120cbf1f0:   0000000000000000 0000000120cbf220
0x0000000120cbf200:   0000000120cbf268 000000010545a98d
0x0000000120cbf210:   0000000000000000 00000001054622b8
0x0000000120cbf220:   00000007abb183c0 0000000120cbf228
0x0000000120cbf230:   00000001207e3d17 0000000120cbf280
0x0000000120cbf240:   00000001207f02f0 0000000000000000
0x0000000120cbf250:   00000001207e3d98 0000000120cbf220
0x0000000120cbf260:   0000000120cbf280 0000000120cbf2d8
0x0000000120cbf270:   000000010545a98d 0000000000000000
0x0000000120cbf280:   00000007abb183c0 0000000000000009
0x0000000120cbf290:   0000000000000000 0000000120cbf288
0x0000000120cbf2a0:   00000001207e489b 0000000120cbf300
0x0000000120cbf2b0:   00000001207f02f0 0000000000000000
0x0000000120cbf2c0:   00000001207e4918 0000000120cbf280
0x0000000120cbf2d0:   0000000120cbf300 0000000120cbf348
0x0000000120cbf2e0:   000000010545a98d 0000000000000000
0x0000000120cbf2f0:   0000000000000000 00000007abb183c0
0x0000000120cbf300:   00000007abb183c0 0000000120cbf308
0x0000000120cbf310:   00000001178aa2d3 0000000120cbf358
0x0000000120cbf320:   00000001178aacc8 0000000000000000
0x0000000120cbf330:   00000001178aa330 0000000120cbf300
0x0000000120cbf340:   0000000120cbf358 0000000120cbf3a0
0x0000000120cbf350:   000000010545a98d 00000007abb103b8
0x0000000120cbf360:   0000000120cbf360 00000001178aa191
0x0000000120cbf370:   0000000120cbf3c0 00000001178aacc8
0x0000000120cbf380:   0000000000000000 00000001178aa240 

Instructions: (pc=0x0000000120f7412f)
0x0000000120f7410f:   00 01 00 00 00 48 8b bb 78 01 00 00 be 06 00 00
0x0000000120f7411f:   00 e8 4d 27 00 00 bf 50 c3 00 00 e8 c7 27 00 00
0x0000000120f7412f:   83 bb 68 01 00 00 01 74 16 48 8b bb 78 01 00 00
0x0000000120f7413f:   e8 16 27 00 00 c7 83 68 01 00 00 01 00 00 00 5b 

Register to memory mapping:

RAX=0x0000000000000000 is an unknown value
RBX=0x0000000121796700 is an unknown value
RCX=0x00007fff93b9848a: __semwait_signal+0xa in /usr/lib/system/libsystem_kernel.dylib at 0x00007fff93b82000
RDX=0xffffffffffffffff is an unknown value
RSP=0x0000000120cbf190 is pointing into the stack for thread: 0x00007f9a34a80800
RBP=0x0000000120cbf1a0 is pointing into the stack for thread: 0x00007f9a34a80800
RSI=0x0000000000000000 is an unknown value
RDI=0x000000000000003c is an unknown value
R8 =0x0000000000000000 is an unknown value
R9 =0x0000000002faf080 is an unknown value
R10=0x0000000000000001 is an unknown value
R11=0x0000000000000247 is an unknown value
R12=0x000000000000003a is an unknown value
R13={method} {0x00000001207e3810} 'interruptEventLoop' '()V' in 'gnu/io/RXTXPort'
R14=0x0000000120cbf220 is pointing into the stack for thread: 0x00007f9a34a80800
R15=0x00007f9a34a80800 is a thread


Stack: [0x0000000120bc2000,0x0000000120cc2000],  sp=0x0000000120cbf190,  free space=1012k
Native frames: (J=compiled Java code, j=interpreted, Vv=VM code, C=native code)
C  [librxtxSerial.jnilib+0x312f]  Java_gnu_io_RXTXPort_interruptEventLoop+0x6b
j  gnu.io.RXTXPort.interruptEventLoop()V+0
j  gnu.io.RXTXPort.removeEventListener()V+55
j  gnu.io.RXTXPort.close()V+91
j  morsekob.Port.init()V+11
j  morsekob.Port.openPort(Ljava/lang/String;)Z+1
j  morsekob.Options.cboModeItemStateChanged(Ljava/awt/event/ItemEvent;)V+39
j  morsekob.Options.access$400(Lmorsekob/Options;Ljava/awt/event/ItemEvent;)V+2
j  morsekob.Options$5.itemStateChanged(Ljava/awt/event/ItemEvent;)V+5
j  javax.swing.JComboBox.fireItemStateChanged(Ljava/awt/event/ItemEvent;)V+34
j  javax.swing.JComboBox.selectedItemChanged()V+64
j  javax.swing.JComboBox.contentsChanged(Ljavax/swing/event/ListDataEvent;)V+28
j  javax.swing.AbstractListModel.fireContentsChanged(Ljava/lang/Object;II)V+64
j  javax.swing.DefaultComboBoxModel.setSelectedItem(Ljava/lang/Object;)V+38
j  javax.swing.JComboBox.setSelectedItem(Ljava/lang/Object;)V+103
j  javax.swing.JComboBox.setSelectedIndex(I)V+76
j  javax.swing.plaf.basic.BasicComboPopup$Handler.mouseReleased(Ljava/awt/event/MouseEvent;)V+97
j  java.awt.AWTEventMulticaster.mouseReleased(Ljava/awt/event/MouseEvent;)V+21
j  java.awt.Component.processMouseEvent(Ljava/awt/event/MouseEvent;)V+64
j  javax.swing.JComponent.processMouseEvent(Ljava/awt/event/MouseEvent;)V+23
j  com.apple.laf.AquaComboBoxPopup$1.processMouseEvent(Ljava/awt/event/MouseEvent;)V+63
J 1107 C1 java.awt.Component.processEvent(Ljava/awt/AWTEvent;)V (220 bytes) @ 0x00000001057fc91c [0x00000001057fc400+0x51c]
J 1106 C1 java.awt.Container.processEvent(Ljava/awt/AWTEvent;)V (22 bytes) @ 0x00000001057fb244 [0x00000001057faf20+0x324]
J 1225 C1 java.awt.Component.dispatchEventImpl(Ljava/awt/AWTEvent;)V (883 bytes) @ 0x000000010584bda4 [0x0000000105846880+0x5524]
J 1044 C1 java.awt.Container.dispatchEventImpl(Ljava/awt/AWTEvent;)V (129 bytes) @ 0x00000001057c03ec [0x00000001057c02a0+0x14c]
j  java.awt.Component.dispatchEvent(Ljava/awt/AWTEvent;)V+2
j  java.awt.LightweightDispatcher.retargetMouseEvent(Ljava/awt/Component;ILjava/awt/event/MouseEvent;)V+327
J 1398 C1 java.awt.LightweightDispatcher.processMouseEvent(Ljava/awt/event/MouseEvent;)Z (301 bytes) @ 0x00000001058b86e4 [0x00000001058b73e0+0x1304]

Java frames: (J=compiled Java code, j=interpreted, Vv=VM code)
j  gnu.io.RXTXPort.interruptEventLoop()V+0
j  gnu.io.RXTXPort.removeEventListener()V+55
j  gnu.io.RXTXPort.close()V+91
j  morsekob.Port.init()V+11
j  morsekob.Port.openPort(Ljava/lang/String;)Z+1
j  morsekob.Options.cboModeItemStateChanged(Ljava/awt/event/ItemEvent;)V+39
j  morsekob.Options.access$400(Lmorsekob/Options;Ljava/awt/event/ItemEvent;)V+2
j  morsekob.Options$5.itemStateChanged(Ljava/awt/event/ItemEvent;)V+5
j  javax.swing.JComboBox.fireItemStateChanged(Ljava/awt/event/ItemEvent;)V+34
j  javax.swing.JComboBox.selectedItemChanged()V+64
j  javax.swing.JComboBox.contentsChanged(Ljavax/swing/event/ListDataEvent;)V+28
j  javax.swing.AbstractListModel.fireContentsChanged(Ljava/lang/Object;II)V+64
j  javax.swing.DefaultComboBoxModel.setSelectedItem(Ljava/lang/Object;)V+38
j  javax.swing.JComboBox.setSelectedItem(Ljava/lang/Object;)V+103
j  javax.swing.JComboBox.setSelectedIndex(I)V+76
j  javax.swing.plaf.basic.BasicComboPopup$Handler.mouseReleased(Ljava/awt/event/MouseEvent;)V+97
j  java.awt.AWTEventMulticaster.mouseReleased(Ljava/awt/event/MouseEvent;)V+21
j  java.awt.Component.processMouseEvent(Ljava/awt/event/MouseEvent;)V+64
j  javax.swing.JComponent.processMouseEvent(Ljava/awt/event/MouseEvent;)V+23
j  com.apple.laf.AquaComboBoxPopup$1.processMouseEvent(Ljava/awt/event/MouseEvent;)V+63
J 1107 C1 java.awt.Component.processEvent(Ljava/awt/AWTEvent;)V (220 bytes) @ 0x00000001057fc91c [0x00000001057fc400+0x51c]
J 1106 C1 java.awt.Container.processEvent(Ljava/awt/AWTEvent;)V (22 bytes) @ 0x00000001057fb244 [0x00000001057faf20+0x324]
J 1225 C1 java.awt.Component.dispatchEventImpl(Ljava/awt/AWTEvent;)V (883 bytes) @ 0x000000010584bda4 [0x0000000105846880+0x5524]
J 1044 C1 java.awt.Container.dispatchEventImpl(Ljava/awt/AWTEvent;)V (129 bytes) @ 0x00000001057c03ec [0x00000001057c02a0+0x14c]
j  java.awt.Component.dispatchEvent(Ljava/awt/AWTEvent;)V+2
j  java.awt.LightweightDispatcher.retargetMouseEvent(Ljava/awt/Component;ILjava/awt/event/MouseEvent;)V+327
J 1398 C1 java.awt.LightweightDispatcher.processMouseEvent(Ljava/awt/event/MouseEvent;)Z (301 bytes) @ 0x00000001058b86e4 [0x00000001058b73e0+0x1304]
J 1400 C1 java.awt.LightweightDispatcher.dispatchEvent(Ljava/awt/AWTEvent;)Z (73 bytes) @ 0x00000001058ba674 [0x00000001058ba240+0x434]
J 1044 C1 java.awt.Container.dispatchEventImpl(Ljava/awt/AWTEvent;)V (129 bytes) @ 0x00000001057c038c [0x00000001057c02a0+0xec]
J 1378 C1 java.awt.Window.dispatchEventImpl(Ljava/awt/AWTEvent;)V (23 bytes) @ 0x00000001058a298c [0x00000001058a23a0+0x5ec]
J 1573 C2 java.awt.EventQueue$3.run()Ljava/lang/Object; (5 bytes) @ 0x00000001059406cc [0x0000000105940340+0x38c]
v  ~StubRoutines::call_stub
J 781  java.security.AccessController.doPrivileged(Ljava/security/PrivilegedAction;Ljava/security/AccessControlContext;)Ljava/lang/Object; (0 bytes) @ 0x00000001057253e3 [0x0000000105725380+0x63]
J 1801 C2 java.security.ProtectionDomain$1.doIntersectionPrivilege(Ljava/security/PrivilegedAction;Ljava/security/AccessControlContext;Ljava/security/AccessControlContext;)Ljava/lang/Object; (32 bytes) @ 0x00000001059fecd4 [0x00000001059fec00+0xd4]
J 1110 C1 java.awt.EventQueue$4.run()Ljava/lang/Object; (5 bytes) @ 0x00000001057fe89c [0x00000001057fe4a0+0x3fc]
v  ~StubRoutines::call_stub
J 781  java.security.AccessController.doPrivileged(Ljava/security/PrivilegedAction;Ljava/security/AccessControlContext;)Ljava/lang/Object; (0 bytes) @ 0x00000001057253e3 [0x0000000105725380+0x63]
J 1874 C2 java.awt.EventDispatchThread.pumpOneEventForFilters(I)V (295 bytes) @ 0x0000000105a4f47c [0x0000000105a4e300+0x117c]
j  java.awt.EventDispatchThread.pumpEventsForFilter(ILjava/awt/Conditional;Ljava/awt/EventFilter;)V+35
j  java.awt.EventDispatchThread.pumpEventsForHierarchy(ILjava/awt/Conditional;Ljava/awt/Component;)V+11
j  java.awt.EventDispatchThread.pumpEvents(ILjava/awt/Conditional;)V+4
j  java.awt.EventDispatchThread.pumpEvents(Ljava/awt/Conditional;)V+3
j  java.awt.EventDispatchThread.run()V+9
v  ~StubRoutines::call_stub

---------------  P R O C E S S  ---------------

Java Threads: ( => current thread )
  0x00007f9a340ef800 JavaThread "DestroyJavaVM" [_thread_blocked, id=4867, stack(0x000000010531d000,0x000000010541d000)]
  0x00007f9a34b08800 JavaThread "Thread-4" [_thread_in_native, id=77571, stack(0x0000000124fb3000,0x00000001250b3000)]
  0x00007f9a34b08000 JavaThread "Thread-2" [_thread_blocked, id=77059, stack(0x0000000124eb0000,0x0000000124fb0000)]
  0x00007f9a34b07000 JavaThread "Thread-0" [_thread_blocked, id=76547, stack(0x0000000124dad000,0x0000000124ead000)]
  0x00007f9a34b06800 JavaThread "Thread-1" [_thread_blocked, id=76295, stack(0x0000000124caa000,0x0000000124daa000)]
  0x00007f9a35041000 JavaThread "Direct Clip" daemon [_thread_blocked, id=70915, stack(0x0000000121594000,0x0000000121694000)]
  0x00007f9a33b9a800 JavaThread "Direct Clip" daemon [_thread_blocked, id=70403, stack(0x0000000121491000,0x0000000121591000)]
  0x00007f9a34a7c800 JavaThread "Java Sound Event Dispatcher" daemon [_thread_blocked, id=67863, stack(0x0000000120ffa000,0x00000001210fa000)]
  0x00007f9a33b5b800 JavaThread "TimerQueue" daemon [_thread_blocked, id=53771, stack(0x0000000120e6f000,0x0000000120f6f000)]
  0x00007f9a33b59800 JavaThread "Timer-1" daemon [_thread_blocked, id=52995, stack(0x0000000120d6c000,0x0000000120e6c000)]
=>0x00007f9a34a80800 JavaThread "AWT-EventQueue-0" [_thread_in_native, id=52743, stack(0x0000000120bc2000,0x0000000120cc2000)]
  0x00007f9a33b41000 JavaThread "Timer-0" [_thread_blocked, id=51207, stack(0x00000001202ed000,0x00000001203ed000)]
  0x00007f9a34a43800 JavaThread "Java2D Disposer" daemon [_thread_blocked, id=50711, stack(0x000000011fa36000,0x000000011fb36000)]
  0x00007f9a34a0f800 JavaThread "Java2D Queue Flusher" daemon [_thread_blocked, id=49415, stack(0x000000011f0ab000,0x000000011f1ab000)]
  0x00007f9a339ac800 JavaThread "AWT-Shutdown" [_thread_blocked, id=29447, stack(0x000000011c651000,0x000000011c751000)]
  0x00007f9a35004000 JavaThread "AppKit Thread" daemon [_thread_in_native, id=1299, stack(0x00007fff5b97e000,0x00007fff5c17e000)]
  0x00007f9a33880000 JavaThread "Service Thread" daemon [_thread_blocked, id=18179, stack(0x000000011ab74000,0x000000011ac74000)]
  0x00007f9a33875000 JavaThread "C1 CompilerThread2" daemon [_thread_blocked, id=17667, stack(0x000000011aa71000,0x000000011ab71000)]
  0x00007f9a33870000 JavaThread "C2 CompilerThread1" daemon [_thread_blocked, id=17155, stack(0x000000011a96e000,0x000000011aa6e000)]
  0x00007f9a3386e800 JavaThread "C2 CompilerThread0" daemon [_thread_blocked, id=16643, stack(0x000000011a86b000,0x000000011a96b000)]
  0x00007f9a33855800 JavaThread "Signal Dispatcher" daemon [_thread_blocked, id=13079, stack(0x000000011a768000,0x000000011a868000)]
  0x00007f9a3482b000 JavaThread "Finalizer" daemon [_thread_blocked, id=11523, stack(0x0000000118e20000,0x0000000118f20000)]
  0x00007f9a3482a000 JavaThread "Reference Handler" daemon [_thread_blocked, id=11011, stack(0x0000000118d1d000,0x0000000118e1d000)]

Other Threads:
  0x00007f9a34825800 VMThread [stack: 0x0000000118c1a000,0x0000000118d1a000] [id=10499]
  0x00007f9a33880800 WatcherThread [stack: 0x000000011ac77000,0x000000011ad77000] [id=18691]

VM state:not at safepoint (normal execution)

VM Mutex/Monitor currently owned by a thread: None

Heap:
 PSYoungGen      total 18944K, used 10724K [0x00000007aab00000, 0x00000007ac000000, 0x00000007c0000000)
  eden space 16384K, 49% used [0x00000007aab00000,0x00000007ab2fd718,0x00000007abb00000)
  from space 2560K, 99% used [0x00000007abb00000,0x00000007abd7b908,0x00000007abd80000)
  to   space 2560K, 0% used [0x00000007abd80000,0x00000007abd80000,0x00000007ac000000)
 ParOldGen       total 44032K, used 1269K [0x0000000780000000, 0x0000000782b00000, 0x00000007aab00000)
  object space 44032K, 2% used [0x0000000780000000,0x000000078013d4d0,0x0000000782b00000)
 Metaspace       used 15669K, capacity 15924K, committed 16256K, reserved 1062912K
  class space    used 1995K, capacity 2068K, committed 2176K, reserved 1048576K

Card table byte_map: [0x0000000114813000,0x0000000114a14000] byte_map_base: 0x0000000110c13000

Marking Bits: (ParMarkBitMap*) 0x0000000104c9d390
 Begin Bits: [0x0000000114f76000, 0x0000000115f76000)
 End Bits:   [0x0000000115f76000, 0x0000000116f76000)

Polling page: 0x0000000103bd7000

CodeCache: size=245760Kb used=6127Kb max_used=6140Kb free=239632Kb
 bounds [0x0000000105453000, 0x0000000105a63000, 0x0000000114453000]
 total_blobs=2433 nmethods=1875 adapters=471
 compilation: enabled

Compilation events (10 events):
Event: 100,989 Thread 0x00007f9a33875000 1875       3       javax.swing.JComponent::setBackground (42 bytes)
Event: 100,990 Thread 0x00007f9a33875000 nmethod 1875 0x0000000105a3ddd0 code [0x0000000105a3e000, 0x0000000105a3ee68]
Event: 101,258 Thread 0x00007f9a33870000 1876       4       java.awt.Container::getMouseEventTarget (50 bytes)
Event: 101,258 Thread 0x00007f9a3386e800 1877       4       java.awt.Toolkit::getEventQueue (7 bytes)
Event: 101,261 Thread 0x00007f9a3386e800 nmethod 1877 0x0000000105a385d0 code [0x0000000105a38780, 0x0000000105a38b18]
Event: 101,277 Thread 0x00007f9a33870000 nmethod 1876 0x0000000105a559d0 code [0x0000000105a55c40, 0x0000000105a56cc8]
Event: 101,397 Thread 0x00007f9a33875000 1878       3       java.awt.Component::getCursor (5 bytes)
Event: 101,398 Thread 0x00007f9a3386e800 1879       4       java.awt.Component::getInputContext (16 bytes)
Event: 101,398 Thread 0x00007f9a33875000 nmethod 1878 0x0000000105a3c990 code [0x0000000105a3cb40, 0x0000000105a3d088]
Event: 101,399 Thread 0x00007f9a3386e800 nmethod 1879 0x0000000105a3a910 code [0x0000000105a3aa60, 0x0000000105a3aaf8]

GC Heap History (2 events):
Event: 34,899 GC heap before
{Heap before GC invocations=1 (full 0):
 PSYoungGen      total 18944K, used 16384K [0x00000007aab00000, 0x00000007ac000000, 0x00000007c0000000)
  eden space 16384K, 100% used [0x00000007aab00000,0x00000007abb00000,0x00000007abb00000)
  from space 2560K, 0% used [0x00000007abd80000,0x00000007abd80000,0x00000007ac000000)
  to   space 2560K, 0% used [0x00000007abb00000,0x00000007abb00000,0x00000007abd80000)
 ParOldGen       total 44032K, used 0K [0x0000000780000000, 0x0000000782b00000, 0x00000007aab00000)
  object space 44032K, 0% used [0x0000000780000000,0x0000000780000000,0x0000000782b00000)
 Metaspace       used 15239K, capacity 15476K, committed 15616K, reserved 1062912K
  class space    used 1954K, capacity 2004K, committed 2048K, reserved 1048576K
Event: 34,911 GC heap after
Heap after GC invocations=1 (full 0):
 PSYoungGen      total 18944K, used 2542K [0x00000007aab00000, 0x00000007ac000000, 0x00000007c0000000)
  eden space 16384K, 0% used [0x00000007aab00000,0x00000007aab00000,0x00000007abb00000)
  from space 2560K, 99% used [0x00000007abb00000,0x00000007abd7b908,0x00000007abd80000)
  to   space 2560K, 0% used [0x00000007abd80000,0x00000007abd80000,0x00000007ac000000)
 ParOldGen       total 44032K, used 1269K [0x0000000780000000, 0x0000000782b00000, 0x00000007aab00000)
  object space 44032K, 2% used [0x0000000780000000,0x000000078013d4d0,0x0000000782b00000)
 Metaspace       used 15239K, capacity 15476K, committed 15616K, reserved 1062912K
  class space    used 1954K, capacity 2004K, committed 2048K, reserved 1048576K
}

Deoptimization events (10 events):
Event: 99,680 Thread 0x00007f9a34a80800 Uncommon trap: reason=class_check action=maybe_recompile pc=0x000000010594c8f0 method=java.awt.EventQueue.cacheEQItem(Lsun/awt/EventQueueItem;)V @ 33
Event: 99,680 Thread 0x00007f9a34a80800 Uncommon trap: reason=class_check action=maybe_recompile pc=0x000000010591be20 method=java.awt.EventQueue.cacheEQItem(Lsun/awt/EventQueueItem;)V @ 33
Event: 99,680 Thread 0x00007f9a34a80800 Uncommon trap: reason=class_check action=maybe_recompile pc=0x000000010595213c method=java.awt.EventQueue.uncacheEQItem(Lsun/awt/EventQueueItem;)V @ 33
Event: 99,683 Thread 0x00007f9a34a80800 Uncommon trap: reason=class_check action=maybe_recompile pc=0x00000001058e1cfc method=java.awt.Component.getBackground()Ljava/awt/Color; @ 21
Event: 99,683 Thread 0x00007f9a34a80800 Uncommon trap: reason=class_check action=maybe_recompile pc=0x00000001058e1cfc method=java.awt.Component.getBackground()Ljava/awt/Color; @ 21
Event: 99,684 Thread 0x00007f9a34a80800 Uncommon trap: reason=class_check action=maybe_recompile pc=0x00000001058e1cfc method=java.awt.Component.getBackground()Ljava/awt/Color; @ 21
Event: 99,751 Thread 0x00007f9a34a80800 Uncommon trap: reason=class_check action=maybe_recompile pc=0x000000010594c8f0 method=java.awt.EventQueue.cacheEQItem(Lsun/awt/EventQueueItem;)V @ 33
Event: 99,756 Thread 0x00007f9a34a80800 Uncommon trap: reason=class_check action=maybe_recompile pc=0x000000010595213c method=java.awt.EventQueue.uncacheEQItem(Lsun/awt/EventQueueItem;)V @ 33
Event: 99,756 Thread 0x00007f9a34a80800 Uncommon trap: reason=class_check action=maybe_recompile pc=0x000000010595213c method=java.awt.EventQueue.uncacheEQItem(Lsun/awt/EventQueueItem;)V @ 33
Event: 99,756 Thread 0x00007f9a34a80800 Uncommon trap: reason=class_check action=maybe_recompile pc=0x0000000105870328 method=java.awt.EventQueue.uncacheEQItem(Lsun/awt/EventQueueItem;)V @ 20

Internal exceptions (10 events):
Event: 1,815 Thread 0x00007f9a33810000 Exception <a 'java/io/FileNotFoundException'> (0x00000007ab456ba8) thrown at [/HUDSON3/workspace/8-2-build-macosx-x86_64/jdk8u25/1514/hotspot/src/share/vm/prims/jni.cpp, line 716]
Event: 1,815 Thread 0x00007f9a33810000 Exception <a 'java/security/PrivilegedActionException'> (0x00000007ab45ec18) thrown at [/HUDSON3/workspace/8-2-build-macosx-x86_64/jdk8u25/1514/hotspot/src/share/vm/prims/jvm.cpp, line 1312]
Event: 1,881 Thread 0x00007f9a33810000 Exception <a 'java/security/PrivilegedActionException'> (0x00000007ab49a108) thrown at [/HUDSON3/workspace/8-2-build-macosx-x86_64/jdk8u25/1514/hotspot/src/share/vm/prims/jvm.cpp, line 1312]
Event: 1,897 Thread 0x00007f9a33810000 Exception <a 'java/security/PrivilegedActionException'> (0x00000007ab4a0810) thrown at [/HUDSON3/workspace/8-2-build-macosx-x86_64/jdk8u25/1514/hotspot/src/share/vm/prims/jvm.cpp, line 1312]
Event: 1,897 Thread 0x00007f9a33810000 Exception <a 'java/security/PrivilegedActionException'> (0x00000007ab4a4640) thrown at [/HUDSON3/workspace/8-2-build-macosx-x86_64/jdk8u25/1514/hotspot/src/share/vm/prims/jvm.cpp, line 1312]
Event: 1,898 Thread 0x00007f9a33810000 Exception <a 'java/security/PrivilegedActionException'> (0x00000007ab4a8ee0) thrown at [/HUDSON3/workspace/8-2-build-macosx-x86_64/jdk8u25/1514/hotspot/src/share/vm/prims/jvm.cpp, line 1312]
Event: 1,898 Thread 0x00007f9a33810000 Exception <a 'java/security/PrivilegedActionException'> (0x00000007ab4adaf8) thrown at [/HUDSON3/workspace/8-2-build-macosx-x86_64/jdk8u25/1514/hotspot/src/share/vm/prims/jvm.cpp, line 1312]
Event: 1,907 Thread 0x00007f9a33810000 Exception <a 'java/security/PrivilegedActionException'> (0x00000007ab4b43f0) thrown at [/HUDSON3/workspace/8-2-build-macosx-x86_64/jdk8u25/1514/hotspot/src/share/vm/prims/jvm.cpp, line 1312]
Event: 34,914 Thread 0x00007f9a3482b000 Exception <a 'java/lang/NullPointerException'> (0x00000007aabaeb70) thrown at [/HUDSON3/workspace/8-2-build-macosx-x86_64/jdk8u25/1514/hotspot/src/share/vm/interpreter/linkResolver.cpp, line 1178]
Event: 34,914 Thread 0x00007f9a3482b000 Exception <a 'java/lang/NullPointerException'> (0x00000007aabaed20) thrown at [/HUDSON3/workspace/8-2-build-macosx-x86_64/jdk8u25/1514/hotspot/src/share/vm/interpreter/linkResolver.cpp, line 1178]

Events (10 events):
Event: 99,756 Thread 0x00007f9a34a80800 DEOPT UNPACKING pc=0x0000000105457f69 sp=0x0000000120cc1558 mode 2
Event: 99,756 Thread 0x00007f9a34a80800 Uncommon trap: trap_request=0xffffffde fr.pc=0x000000010595213c
Event: 99,756 Thread 0x00007f9a34a80800 DEOPT PACKING pc=0x000000010595213c sp=0x0000000120cc1690
Event: 99,756 Thread 0x00007f9a34a80800 DEOPT UNPACKING pc=0x0000000105457f69 sp=0x0000000120cc1558 mode 2
Event: 99,756 Thread 0x00007f9a34a80800 Uncommon trap: trap_request=0xffffffde fr.pc=0x0000000105870328
Event: 99,756 Thread 0x00007f9a34a80800 DEOPT PACKING pc=0x0000000105870328 sp=0x0000000120cc1620
Event: 99,756 Thread 0x00007f9a34a80800 DEOPT UNPACKING pc=0x0000000105457f69 sp=0x0000000120cc1560 mode 2
Event: 101,398 loading class javax/swing/Autoscroller
Event: 101,398 loading class javax/swing/Autoscroller done
Event: 101,399 Thread 0x00007f9a34ae4800 Thread exited: 0x00007f9a34ae4800


Dynamic libraries:
0x000000000853e000 	/System/Library/Frameworks/Cocoa.framework/Versions/A/Cocoa
0x000000000853e000 	/System/Library/Frameworks/Security.framework/Versions/A/Security
0x000000000853e000 	/System/Library/Frameworks/ApplicationServices.framework/Versions/A/ApplicationServices
0x000000000853e000 	/usr/lib/libz.1.dylib
0x000000000853e000 	/usr/lib/libSystem.B.dylib
0x000000000853e000 	/usr/lib/libobjc.A.dylib
0x000000000853e000 	/System/Library/Frameworks/CoreFoundation.framework/Versions/A/CoreFoundation
0x000000000853e000 	/System/Library/Frameworks/Foundation.framework/Versions/C/Foundation
0x000000000853e000 	/System/Library/Frameworks/AppKit.framework/Versions/C/AppKit
0x000000000853e000 	/System/Library/Frameworks/CoreData.framework/Versions/A/CoreData
0x000000000853e000 	/System/Library/PrivateFrameworks/RemoteViewServices.framework/Versions/A/RemoteViewServices
0x000000000853e000 	/System/Library/PrivateFrameworks/UIFoundation.framework/Versions/A/UIFoundation
0x000000000853e000 	/System/Library/Frameworks/IOSurface.framework/Versions/A/IOSurface
0x000000000853e000 	/System/Library/Frameworks/AudioToolbox.framework/Versions/A/AudioToolbox
0x000000000853e000 	/System/Library/Frameworks/AudioUnit.framework/Versions/A/AudioUnit
0x000000000853e000 	/System/Library/PrivateFrameworks/DataDetectorsCore.framework/Versions/A/DataDetectorsCore
0x000000000853e000 	/System/Library/PrivateFrameworks/DesktopServicesPriv.framework/Versions/A/DesktopServicesPriv
0x000000000853e000 	/System/Library/Frameworks/Carbon.framework/Versions/A/Frameworks/HIToolbox.framework/Versions/A/HIToolbox
0x000000000853e000 	/System/Library/Frameworks/QuartzCore.framework/Versions/A/QuartzCore
0x000000000853e000 	/System/Library/Frameworks/Carbon.framework/Versions/A/Frameworks/SpeechRecognition.framework/Versions/A/SpeechRecognition
0x000000000853e000 	/usr/lib/libauto.dylib
0x000000000853e000 	/usr/lib/libicucore.A.dylib
0x000000000853e000 	/usr/lib/libxml2.2.dylib
0x000000000853e000 	/System/Library/PrivateFrameworks/CoreUI.framework/Versions/A/CoreUI
0x000000000853e000 	/System/Library/Frameworks/CoreAudio.framework/Versions/A/CoreAudio
0x000000000853e000 	/System/Library/Frameworks/DiskArbitration.framework/Versions/A/DiskArbitration
0x000000000853e000 	/usr/lib/liblangid.dylib
0x000000000853e000 	/System/Library/PrivateFrameworks/MultitouchSupport.framework/Versions/A/MultitouchSupport
0x000000000853e000 	/System/Library/Frameworks/IOKit.framework/Versions/A/IOKit
0x000000000853e000 	/usr/lib/libDiagnosticMessagesClient.dylib
0x000000000853e000 	/System/Library/Frameworks/CoreServices.framework/Versions/A/CoreServices
0x000000000853e000 	/System/Library/PrivateFrameworks/PerformanceAnalysis.framework/Versions/A/PerformanceAnalysis
0x000000000853e000 	/System/Library/PrivateFrameworks/GenerationalStorage.framework/Versions/A/GenerationalStorage
0x000000000853e000 	/System/Library/Frameworks/OpenGL.framework/Versions/A/OpenGL
0x000000000853e000 	/System/Library/PrivateFrameworks/Sharing.framework/Versions/A/Sharing
0x000000000853e000 	/System/Library/Frameworks/CoreGraphics.framework/Versions/A/CoreGraphics
0x000000000853e000 	/System/Library/Frameworks/CoreText.framework/Versions/A/CoreText
0x000000000853e000 	/System/Library/Frameworks/ImageIO.framework/Versions/A/ImageIO
0x000000000853e000 	/usr/lib/libextension.dylib
0x000000000853e000 	/System/Library/PrivateFrameworks/Backup.framework/Versions/A/Backup
0x000000000853e000 	/usr/lib/libarchive.2.dylib
0x000000000853e000 	/System/Library/Frameworks/CFNetwork.framework/Versions/A/CFNetwork
0x000000000853e000 	/System/Library/Frameworks/SystemConfiguration.framework/Versions/A/SystemConfiguration
0x000000000853e000 	/usr/lib/libCRFSuite.dylib
0x000000000853e000 	/usr/lib/libc++.1.dylib
0x000000000853e000 	/usr/lib/libc++abi.dylib
0x000000000853e000 	/usr/lib/system/libcache.dylib
0x000000000853e000 	/usr/lib/system/libcommonCrypto.dylib
0x000000000853e000 	/usr/lib/system/libcompiler_rt.dylib
0x000000000853e000 	/usr/lib/system/libcopyfile.dylib
0x000000000853e000 	/usr/lib/system/libcorecrypto.dylib
0x000000000853e000 	/usr/lib/system/libdispatch.dylib
0x000000000853e000 	/usr/lib/system/libdyld.dylib
0x000000000853e000 	/usr/lib/system/libkeymgr.dylib
0x000000000853e000 	/usr/lib/system/liblaunch.dylib
0x000000000853e000 	/usr/lib/system/libmacho.dylib
0x000000000853e000 	/usr/lib/system/libquarantine.dylib
0x000000000853e000 	/usr/lib/system/libremovefile.dylib
0x000000000853e000 	/usr/lib/system/libsystem_asl.dylib
0x000000000853e000 	/usr/lib/system/libsystem_blocks.dylib
0x000000000853e000 	/usr/lib/system/libsystem_c.dylib
0x000000000853e000 	/usr/lib/system/libsystem_configuration.dylib
0x000000000853e000 	/usr/lib/system/libsystem_coreservices.dylib
0x000000000853e000 	/usr/lib/system/libsystem_coretls.dylib
0x000000000853e000 	/usr/lib/system/libsystem_dnssd.dylib
0x000000000853e000 	/usr/lib/system/libsystem_info.dylib
0x000000000853e000 	/usr/lib/system/libsystem_kernel.dylib
0x000000000853e000 	/usr/lib/system/libsystem_m.dylib
0x000000000853e000 	/usr/lib/system/libsystem_malloc.dylib
0x000000000853e000 	/usr/lib/system/libsystem_network.dylib
0x000000000853e000 	/usr/lib/system/libsystem_networkextension.dylib
0x000000000853e000 	/usr/lib/system/libsystem_notify.dylib
0x000000000853e000 	/usr/lib/system/libsystem_platform.dylib
0x000000000853e000 	/usr/lib/system/libsystem_pthread.dylib
0x000000000853e000 	/usr/lib/system/libsystem_sandbox.dylib
0x000000000853e000 	/usr/lib/system/libsystem_secinit.dylib
0x000000000853e000 	/usr/lib/system/libsystem_stats.dylib
0x000000000853e000 	/usr/lib/system/libsystem_trace.dylib
0x000000000853e000 	/usr/lib/system/libunc.dylib
0x000000000853e000 	/usr/lib/system/libunwind.dylib
0x000000000853e000 	/usr/lib/system/libxpc.dylib
0x000000000853e000 	/usr/lib/libbz2.1.0.dylib
0x000000000853e000 	/usr/lib/liblzma.5.dylib
0x000000000853e000 	/usr/lib/libbsm.0.dylib
0x000000000853e000 	/usr/lib/libsqlite3.dylib
0x000000000853e000 	/usr/lib/system/libkxld.dylib
0x000000000853e000 	/usr/lib/libxar.1.dylib
0x000000000853e000 	/usr/lib/libpam.2.dylib
0x000000000853e000 	/usr/lib/libOpenScriptingUtil.dylib
0x000000000853e000 	/System/Library/Frameworks/CoreServices.framework/Versions/A/Frameworks/FSEvents.framework/Versions/A/FSEvents
0x000000000853e000 	/System/Library/Frameworks/CoreServices.framework/Versions/A/Frameworks/CarbonCore.framework/Versions/A/CarbonCore
0x000000000853e000 	/System/Library/Frameworks/CoreServices.framework/Versions/A/Frameworks/Metadata.framework/Versions/A/Metadata
0x000000000853e000 	/System/Library/Frameworks/CoreServices.framework/Versions/A/Frameworks/OSServices.framework/Versions/A/OSServices
0x000000000853e000 	/System/Library/Frameworks/CoreServices.framework/Versions/A/Frameworks/SearchKit.framework/Versions/A/SearchKit
0x000000000853e000 	/System/Library/Frameworks/CoreServices.framework/Versions/A/Frameworks/AE.framework/Versions/A/AE
0x000000000853e000 	/System/Library/Frameworks/CoreServices.framework/Versions/A/Frameworks/LaunchServices.framework/Versions/A/LaunchServices
0x000000000853e000 	/System/Library/Frameworks/CoreServices.framework/Versions/A/Frameworks/DictionaryServices.framework/Versions/A/DictionaryServices
0x000000000853e000 	/System/Library/Frameworks/NetFS.framework/Versions/A/NetFS
0x000000000853e000 	/System/Library/PrivateFrameworks/NetAuth.framework/Versions/A/NetAuth
0x000000000853e000 	/System/Library/PrivateFrameworks/login.framework/Versions/A/Frameworks/loginsupport.framework/Versions/A/loginsupport
0x000000000853e000 	/System/Library/PrivateFrameworks/TCC.framework/Versions/A/TCC
0x000000000853e000 	/usr/lib/libmecabra.dylib
0x000000000853e000 	/System/Library/Frameworks/ApplicationServices.framework/Versions/A/Frameworks/ATS.framework/Versions/A/ATS
0x000000000853e000 	/System/Library/Frameworks/ApplicationServices.framework/Versions/A/Frameworks/ColorSync.framework/Versions/A/ColorSync
0x000000000853e000 	/System/Library/Frameworks/ApplicationServices.framework/Versions/A/Frameworks/HIServices.framework/Versions/A/HIServices
0x000000000853e000 	/System/Library/Frameworks/ApplicationServices.framework/Versions/A/Frameworks/LangAnalysis.framework/Versions/A/LangAnalysis
0x000000000853e000 	/System/Library/Frameworks/ApplicationServices.framework/Versions/A/Frameworks/PrintCore.framework/Versions/A/PrintCore
0x000000000853e000 	/System/Library/Frameworks/ApplicationServices.framework/Versions/A/Frameworks/QD.framework/Versions/A/QD
0x000000000853e000 	/System/Library/Frameworks/ApplicationServices.framework/Versions/A/Frameworks/SpeechSynthesis.framework/Versions/A/SpeechSynthesis
0x000000000853e000 	/System/Library/Frameworks/Accelerate.framework/Versions/A/Accelerate
0x000000000853e000 	/System/Library/Frameworks/Accelerate.framework/Versions/A/Frameworks/vImage.framework/Versions/A/vImage
0x000000000853e000 	/System/Library/Frameworks/Accelerate.framework/Versions/A/Frameworks/vecLib.framework/Versions/A/vecLib
0x000000000853e000 	/System/Library/Frameworks/Accelerate.framework/Versions/A/Frameworks/vecLib.framework/Versions/A/libvDSP.dylib
0x000000000853e000 	/System/Library/Frameworks/Accelerate.framework/Versions/A/Frameworks/vecLib.framework/Versions/A/libvMisc.dylib
0x000000000853e000 	/System/Library/Frameworks/Accelerate.framework/Versions/A/Frameworks/vecLib.framework/Versions/A/libLAPACK.dylib
0x000000000853e000 	/System/Library/Frameworks/Accelerate.framework/Versions/A/Frameworks/vecLib.framework/Versions/A/libBLAS.dylib
0x000000000853e000 	/System/Library/Frameworks/Accelerate.framework/Versions/A/Frameworks/vecLib.framework/Versions/A/libLinearAlgebra.dylib
0x000000000853e000 	/System/Library/Frameworks/ApplicationServices.framework/Versions/A/Frameworks/ATS.framework/Versions/A/Resources/libFontParser.dylib
0x000000000853e000 	/System/Library/Frameworks/ApplicationServices.framework/Versions/A/Frameworks/ATS.framework/Versions/A/Resources/libFontRegistry.dylib
0x000000000853e000 	/System/Library/PrivateFrameworks/AppleVPA.framework/Versions/A/AppleVPA
0x000000000853e000 	/System/Library/PrivateFrameworks/AppleJPEG.framework/Versions/A/AppleJPEG
0x000000000853e000 	/System/Library/Frameworks/ImageIO.framework/Versions/A/Resources/libJPEG.dylib
0x000000000853e000 	/System/Library/Frameworks/ImageIO.framework/Versions/A/Resources/libTIFF.dylib
0x000000000853e000 	/System/Library/Frameworks/ImageIO.framework/Versions/A/Resources/libPng.dylib
0x000000000853e000 	/System/Library/Frameworks/ImageIO.framework/Versions/A/Resources/libGIF.dylib
0x000000000853e000 	/System/Library/Frameworks/ImageIO.framework/Versions/A/Resources/libJP2.dylib
0x000000000853e000 	/System/Library/Frameworks/ImageIO.framework/Versions/A/Resources/libRadiance.dylib
0x000000000853e000 	/System/Library/Frameworks/CoreVideo.framework/Versions/A/CoreVideo
0x000000000853e000 	/System/Library/Frameworks/OpenGL.framework/Versions/A/Libraries/libGLU.dylib
0x000000000853e000 	/System/Library/Frameworks/OpenGL.framework/Versions/A/Libraries/libGFXShared.dylib
0x000000000853e000 	/System/Library/Frameworks/OpenGL.framework/Versions/A/Libraries/libGL.dylib
0x000000000853e000 	/System/Library/Frameworks/OpenGL.framework/Versions/A/Libraries/libGLImage.dylib
0x000000000853e000 	/System/Library/Frameworks/OpenGL.framework/Versions/A/Libraries/libCVMSPluginSupport.dylib
0x000000000853e000 	/System/Library/Frameworks/OpenGL.framework/Versions/A/Libraries/libCoreVMClient.dylib
0x000000000853e000 	/usr/lib/libcups.2.dylib
0x000000000853e000 	/System/Library/Frameworks/Kerberos.framework/Versions/A/Kerberos
0x000000000853e000 	/System/Library/Frameworks/GSS.framework/Versions/A/GSS
0x000000000853e000 	/usr/lib/libresolv.9.dylib
0x000000000853e000 	/usr/lib/libiconv.2.dylib
0x000000000853e000 	/System/Library/PrivateFrameworks/Heimdal.framework/Versions/A/Heimdal
0x000000000853e000 	/usr/lib/libheimdal-asn1.dylib
0x000000000853e000 	/System/Library/Frameworks/OpenDirectory.framework/Versions/A/OpenDirectory
0x000000000853e000 	/System/Library/PrivateFrameworks/CommonAuth.framework/Versions/A/CommonAuth
0x000000000853e000 	/System/Library/Frameworks/OpenDirectory.framework/Versions/A/Frameworks/CFOpenDirectory.framework/Versions/A/CFOpenDirectory
0x000000000853e000 	/System/Library/Frameworks/SecurityFoundation.framework/Versions/A/SecurityFoundation
0x000000000853e000 	/System/Library/PrivateFrameworks/LanguageModeling.framework/Versions/A/LanguageModeling
0x000000000853e000 	/usr/lib/libcmph.dylib
0x000000000853e000 	/System/Library/Frameworks/ServiceManagement.framework/Versions/A/ServiceManagement
0x000000000853e000 	/usr/lib/libxslt.1.dylib
0x000000000853e000 	/System/Library/Frameworks/Carbon.framework/Versions/A/Frameworks/Ink.framework/Versions/A/Ink
0x000000000853e000 	/System/Library/Frameworks/QuartzCore.framework/Versions/A/Frameworks/CoreImage.framework/Versions/A/CoreImage
0x000000000853e000 	/System/Library/PrivateFrameworks/CrashReporterSupport.framework/Versions/A/CrashReporterSupport
0x000000000853e000 	/System/Library/Frameworks/OpenCL.framework/Versions/A/OpenCL
0x000000000853e000 	/System/Library/PrivateFrameworks/FaceCore.framework/Versions/A/FaceCore
0x000000000853e000 	/System/Library/PrivateFrameworks/Ubiquity.framework/Versions/A/Ubiquity
0x000000000853e000 	/System/Library/PrivateFrameworks/IconServices.framework/Versions/A/IconServices
0x000000000853e000 	/System/Library/PrivateFrameworks/ChunkingLibrary.framework/Versions/A/ChunkingLibrary
0x000000000853e000 	/System/Library/PrivateFrameworks/Apple80211.framework/Versions/A/Apple80211
0x000000000853e000 	/System/Library/Frameworks/CoreWLAN.framework/Versions/A/CoreWLAN
0x000000000853e000 	/System/Library/Frameworks/IOBluetooth.framework/Versions/A/IOBluetooth
0x000000000853e000 	/System/Library/PrivateFrameworks/CoreWiFi.framework/Versions/A/CoreWiFi
0x000000000853e000 	/System/Library/Frameworks/CoreBluetooth.framework/Versions/A/CoreBluetooth
0x000000000853e000 	/System/Library/PrivateFrameworks/DebugSymbols.framework/Versions/A/DebugSymbols
0x000000000853e000 	/System/Library/PrivateFrameworks/CoreSymbolication.framework/Versions/A/CoreSymbolication
0x000000000853e000 	/System/Library/PrivateFrameworks/Symbolication.framework/Versions/A/Symbolication
0x000000000853e000 	/System/Library/PrivateFrameworks/SpeechRecognitionCore.framework/Versions/A/SpeechRecognitionCore
0x0000000104400000 	/Library/Internet Plug-Ins/JavaAppletPlugin.plugin/Contents/Home/lib/server/libjvm.dylib
0x000000000853e000 	/usr/lib/libstdc++.6.dylib
0x0000000103bc9000 	/Library/Internet Plug-Ins/JavaAppletPlugin.plugin/Contents/Home/lib/libverify.dylib
0x000000010541f000 	/Library/Internet Plug-Ins/JavaAppletPlugin.plugin/Contents/Home/lib/libjava.dylib
0x0000000103be1000 	/Library/Internet Plug-Ins/JavaAppletPlugin.plugin/Contents/Home/lib/libzip.dylib
0x0000000118f22000 	/System/Library/Frameworks/JavaVM.framework/Frameworks/JavaRuntimeSupport.framework/JavaRuntimeSupport
0x0000000118f3a000 	/System/Library/Frameworks/JavaVM.framework/Versions/A/Frameworks/JavaNativeFoundation.framework/Versions/A/JavaNativeFoundation
0x0000000118f4f000 	/System/Library/Frameworks/JavaVM.framework/Versions/A/JavaVM
0x000000000853e000 	/System/Library/Frameworks/Carbon.framework/Versions/A/Carbon
0x0000000118f5c000 	/System/Library/PrivateFrameworks/JavaLaunching.framework/Versions/A/JavaLaunching
0x000000000853e000 	/System/Library/Frameworks/Carbon.framework/Versions/A/Frameworks/CommonPanels.framework/Versions/A/CommonPanels
0x000000000853e000 	/System/Library/Frameworks/Carbon.framework/Versions/A/Frameworks/Help.framework/Versions/A/Help
0x000000000853e000 	/System/Library/Frameworks/Carbon.framework/Versions/A/Frameworks/ImageCapture.framework/Versions/A/ImageCapture
0x000000000853e000 	/System/Library/Frameworks/Carbon.framework/Versions/A/Frameworks/OpenScripting.framework/Versions/A/OpenScripting
0x000000000853e000 	/System/Library/Frameworks/Carbon.framework/Versions/A/Frameworks/Print.framework/Versions/A/Print
0x000000000853e000 	/System/Library/Frameworks/Carbon.framework/Versions/A/Frameworks/SecurityHI.framework/Versions/A/SecurityHI
0x000000011adbc000 	/Library/Internet Plug-Ins/JavaAppletPlugin.plugin/Contents/Home/lib/libawt.dylib
0x000000011ae6b000 	/Library/Internet Plug-Ins/JavaAppletPlugin.plugin/Contents/Home/lib/./libmlib_image.dylib
0x000000011af37000 	/Library/Internet Plug-Ins/JavaAppletPlugin.plugin/Contents/Home/lib/libawt_lwawt.dylib
0x000000011afea000 	/Library/Internet Plug-Ins/JavaAppletPlugin.plugin/Contents/Home/lib/./libosxapp.dylib
0x000000000853e000 	/System/Library/Frameworks/ExceptionHandling.framework/Versions/A/ExceptionHandling
0x000000000853e000 	/System/Library/PrivateFrameworks/CoreServicesInternal.framework/Versions/A/CoreServicesInternal
0x000000000853e000 	/System/Library/PrivateFrameworks/CloudDocs.framework/Versions/A/CloudDocs
0x000000000853e000 	/System/Library/PrivateFrameworks/CoreDuet.framework/Versions/A/CoreDuet
0x000000000853e000 	/System/Library/Frameworks/CloudKit.framework/Versions/A/CloudKit
0x000000000853e000 	/System/Library/PrivateFrameworks/ProtocolBuffer.framework/Versions/A/ProtocolBuffer
0x000000000853e000 	/System/Library/PrivateFrameworks/CoreDuetDaemonProtocol.framework/Versions/A/CoreDuetDaemonProtocol
0x000000000853e000 	/System/Library/PrivateFrameworks/CoreDuetDebugLogging.framework/Versions/A/CoreDuetDebugLogging
0x000000000853e000 	/System/Library/Frameworks/CoreLocation.framework/Versions/A/CoreLocation
0x000000000853e000 	/System/Library/Frameworks/Accounts.framework/Versions/A/Accounts
0x000000000853e000 	/System/Library/PrivateFrameworks/ApplePushService.framework/Versions/A/ApplePushService
0x000000000853e000 	/System/Library/PrivateFrameworks/GeoServices.framework/Versions/A/GeoServices
0x000000000853e000 	/System/Library/PrivateFrameworks/OAuth.framework/Versions/A/OAuth
0x000000000853e000 	/System/Library/PrivateFrameworks/CoreDaemon.framework/Versions/B/CoreDaemon
0x000000000853e000 	/usr/lib/libcrypto.0.9.8.dylib
0x000000000853e000 	/System/Library/PrivateFrameworks/AppleSRP.framework/Versions/A/AppleSRP
0x000000000853e000 	/System/Library/PrivateFrameworks/TrustEvaluationAgent.framework/Versions/A/TrustEvaluationAgent
0x000000000853e000 	/System/Library/Frameworks/CoreGraphics.framework/Versions/A/Resources/libCGCMS.A.dylib
0x000000000853e000 	/System/Library/Frameworks/CoreGraphics.framework/Versions/A/Resources/libRIP.A.dylib
0x000000000853e000 	/System/Library/Frameworks/CoreGraphics.framework/Versions/A/Resources/libCGXType.A.dylib
0x000000000853e000 	/System/Library/Frameworks/OpenCL.framework/Versions/A/Libraries/libcldcpuengine.dylib
0x000000000853e000 	/System/Library/PrivateFrameworks/DiskImages.framework/Versions/A/DiskImages
0x000000000853e000 	/System/Library/Frameworks/DiscRecording.framework/Versions/A/DiscRecording
0x000000000853e000 	/usr/lib/libcsfde.dylib
0x000000000853e000 	/usr/lib/libcurl.4.dylib
0x000000000853e000 	/System/Library/PrivateFrameworks/MediaKit.framework/Versions/A/MediaKit
0x000000000853e000 	/System/Library/PrivateFrameworks/ProtectedCloudStorage.framework/Versions/A/ProtectedCloudStorage
0x000000000853e000 	/usr/lib/libCoreStorage.dylib
0x000000000853e000 	/System/Library/PrivateFrameworks/EFILogin.framework/Versions/A/EFILogin
0x000000000853e000 	/usr/lib/libutil.dylib
0x000000000853e000 	/System/Library/PrivateFrameworks/FindMyDevice.framework/Versions/A/FindMyDevice
0x000000000853e000 	/System/Library/Frameworks/LDAP.framework/Versions/A/LDAP
0x000000000853e000 	/usr/lib/libsasl2.2.dylib
0x000000011ddf6000 	cl_kernels
0x000000011ddf8000 	/System/Library/Frameworks/OpenCL.framework/Versions/A/Libraries/ImageFormats/unorm8_bgra.dylib
0x000000011dde7000 	cl_kernels
0x000000000853e000 	/System/Library/PrivateFrameworks/FamilyControls.framework/Versions/A/FamilyControls
0x000000000853e000 	/System/Library/PrivateFrameworks/CommerceKit.framework/Versions/A/Frameworks/CommerceCore.framework/Versions/A/CommerceCore
0x000000000853e000 	/System/Library/PrivateFrameworks/SystemAdministration.framework/Versions/A/SystemAdministration
0x000000000853e000 	/System/Library/PrivateFrameworks/AppContainer.framework/Versions/A/AppContainer
0x000000000853e000 	/System/Library/PrivateFrameworks/SecCodeWrapper.framework/Versions/A/SecCodeWrapper
0x000000000853e000 	/System/Library/Frameworks/DirectoryService.framework/Versions/A/DirectoryService
0x000000000853e000 	/System/Library/PrivateFrameworks/LoginUIKit.framework/Versions/A/Frameworks/LoginUICore.framework/Versions/A/LoginUICore
0x000000000853e000 	/usr/lib/libodfde.dylib
0x000000011f043000 	/Library/Internet Plug-Ins/JavaAppletPlugin.plugin/Contents/Home/lib/libfontmanager.dylib
0x000000011d32f000 	/Library/Internet Plug-Ins/JavaAppletPlugin.plugin/Contents/Home/lib/libosxui.dylib
0x000000000853e000 	/System/Library/Frameworks/OpenGL.framework/Versions/A/Resources/GLEngine.bundle/GLEngine
0x000000000853e000 	/System/Library/Frameworks/OpenGL.framework/Versions/A/Libraries/libGLProgrammability.dylib
0x0000000000000000 	/System/Library/Extensions/AppleIntelHD5000GraphicsGLDriver.bundle/Contents/MacOS/AppleIntelHD5000GraphicsGLDriver
0x000000000853e000 	/System/Library/PrivateFrameworks/IOAccelerator.framework/Versions/A/IOAccelerator
0x000000000853e000 	/System/Library/PrivateFrameworks/GPUSupport.framework/Versions/A/Libraries/libGPUSupportMercury.dylib
0x000000000853e000 	/System/Library/Frameworks/OpenGL.framework/Versions/A/Resources/GLRendererFloat.bundle/GLRendererFloat
0x00000001202d5000 	/Library/Internet Plug-Ins/JavaAppletPlugin.plugin/Contents/Home/lib/libnet.dylib
0x00000001206a6000 	/Library/Internet Plug-Ins/JavaAppletPlugin.plugin/Contents/Home/lib/libnio.dylib
0x00000001204f4000 	/Library/Internet Plug-Ins/JavaAppletPlugin.plugin/Contents/Home/lib/libosx.dylib
0x0000000120f71000 	/System/Library/Java/Extensions/librxtxSerial.jnilib
0x0000000120f7f000 	/Library/Internet Plug-Ins/JavaAppletPlugin.plugin/Contents/Home/lib/libjsound.dylib
0x0000000120f92000 	/System/Library/Frameworks/CoreMIDI.framework/Versions/A/CoreMIDI
0x000000000853e000 	/usr/lib/libexpat.1.dylib
0x0000000120ff0000 	/System/Library/Extensions/AppleHDA.kext/Contents/PlugIns/AppleHDAHALPlugIn.bundle/Contents/MacOS/AppleHDAHALPlugIn
0x0000000121123000 	/System/Library/Components/CoreAudio.component/Contents/MacOS/CoreAudio
0x000000000853e000 	/System/Library/Frameworks/Accelerate.framework/Versions/A/Frameworks/vImage.framework/Versions/A/Libraries/libCGInterfaces.dylib
0x000000000853e000 	/System/Library/Frameworks/ApplicationServices.framework/Versions/A/Frameworks/ATS.framework/Versions/A/Resources/libTrueTypeScaler.dylib
0x0000000127794000 	/Library/Internet Plug-Ins/JavaAppletPlugin.plugin/Contents/Home/lib/libdcpr.dylib

VM Arguments:
java_command: /Users/gerolf/Dropbox/morsekob/morsekob-complete/morsekob30/MorseKOB.jar
java_class_path (initial): /Users/gerolf/Dropbox/morsekob/morsekob-complete/morsekob30/MorseKOB.jar
Launcher Type: SUN_STANDARD

Environment Variables:
PATH=/usr/bin:/bin:/usr/sbin:/sbin
SHELL=/bin/bash
DISPLAY=/private/tmp/com.apple.launchd.b8zPIEeYSN/org.macosforge.xquartz:0

Signal Handlers:
SIGSEGV: [libjvm.dylib+0x579dc7], sa_mask[0]=11111111011111110111111111111111, sa_flags=SA_ONSTACK|SA_RESTART|SA_SIGINFO
SIGBUS: [libjvm.dylib+0x579dc7], sa_mask[0]=11111111011111110111111111111111, sa_flags=SA_RESTART|SA_SIGINFO
SIGFPE: [libjvm.dylib+0x45b030], sa_mask[0]=11111111011111110111111111111111, sa_flags=SA_RESTART|SA_SIGINFO
SIGPIPE: [libjvm.dylib+0x45b030], sa_mask[0]=11111111011111110111111111111111, sa_flags=SA_RESTART|SA_SIGINFO
SIGXFSZ: [libjvm.dylib+0x45b030], sa_mask[0]=11111111011111110111111111111111, sa_flags=SA_RESTART|SA_SIGINFO
SIGILL: [libjvm.dylib+0x45b030], sa_mask[0]=11111111011111110111111111111111, sa_flags=SA_RESTART|SA_SIGINFO
SIGUSR1: SIG_DFL, sa_mask[0]=00000000000000000000000000000000, sa_flags=none
SIGUSR2: [libjvm.dylib+0x45ab4e], sa_mask[0]=00000000000000000000000000000000, sa_flags=SA_RESTART|SA_SIGINFO
SIGHUP: [libjvm.dylib+0x459121], sa_mask[0]=11111111011111110111111111111111, sa_flags=SA_RESTART|SA_SIGINFO
SIGINT: [libjvm.dylib+0x459121], sa_mask[0]=11111111011111110111111111111111, sa_flags=SA_RESTART|SA_SIGINFO
SIGTERM: [libjvm.dylib+0x459121], sa_mask[0]=11111111011111110111111111111111, sa_flags=SA_RESTART|SA_SIGINFO
SIGQUIT: [libjvm.dylib+0x459121], sa_mask[0]=11111111011111110111111111111111, sa_flags=SA_RESTART|SA_SIGINFO


---------------  S Y S T E M  ---------------

OS:Bsduname:Darwin 14.1.0 Darwin Kernel Version 14.1.0: Fri Dec  5 06:49:27 PST 2014; root:xnu-2782.10.67~9/RELEASE_X86_64 x86_64
rlimit: STACK 8192k, CORE 0k, NPROC 709, NOFILE 10240, AS infinity
load average:2,15 1,76 1,54

CPU:total 4 (2 cores per cpu, 2 threads per core) family 6 model 69 stepping 1, cmov, cx8, fxsr, mmx, sse, sse2, sse3, ssse3, sse4.1, sse4.2, popcnt, avx, avx2, aes, clmul, erms, lzcnt, ht, tsc, tscinvbit, bmi1, bmi2

Memory: 4k page, physical 4194304k(36508k free)

/proc/meminfo:


vm_info: Java HotSpot(TM) 64-Bit Server VM (25.25-b02) for bsd-amd64 JRE (1.8.0_25-b17), built on Sep 17 2014 16:56:50 by "java_re" with gcc 4.2.1 (Based on Apple Inc. build 5658) (LLVM build 2336.11.00)

time: Sun Jan  4 09:07:50 2015
elapsed time: 101 seconds (0d 0h 1m 41s)

