#
# A fatal error has been detected by the Java Runtime Environment:
#
#  SIGSEGV (0xb) at pc=0x000000011e1a612f, pid=46836, tid=52855
#
# JRE version: Java(TM) SE Runtime Environment (8.0_25-b17) (build 1.8.0_25-b17)
# Java VM: Java HotSpot(TM) 64-Bit Server VM (25.25-b02 mixed mode bsd-amd64 compressed oops)
# Problematic frame:
# C  [librxtxSerial.jnilib+0x312f]  Java_gnu_io_RXTXPort_interruptEventLoop+0x6b
#
# Failed to write core dump. Core dumps have been disabled. To enable core dumping, try "ulimit -c unlimited" before starting Java again
#
# If you would like to submit a bug report, please visit:
#   http://bugreport.sun.com/bugreport/crash.jsp
# The crash happened outside the Java Virtual Machine in native code.
# See problematic frame for where to report the bug.
#

---------------  T H R E A D  ---------------

Current thread (0x00007f85640ee000):  JavaThread "AWT-EventQueue-0" [_thread_in_native, id=52855, stack(0x000000011ddf4000,0x000000011def4000)]

siginfo: si_signo: 11 (SIGSEGV), si_code: 1 (SEGV_MAPERR), si_addr: 0x000000011e9c8868

Registers:
RAX=0x0000000000000000, RBX=0x000000011e9c8700, RCX=0x00007fff93b9848a, RDX=0xffffffffffffffff
RSP=0x000000011def0f00, RBP=0x000000011def0f10, RSI=0x0000000000000000, RDI=0x000000000000003c
R8 =0x0000000000000000, R9 =0x0000000002faf080, R10=0x0000000000000001, R11=0x0000000000000247
R12=0x000000000000003a, R13=0x000000011da15810, R14=0x000000011def0f90, R15=0x00007f85640ee000
RIP=0x000000011e1a612f, EFLAGS=0x0000000000010206, ERR=0x0000000000000004
  TRAPNO=0x000000000000000e

Top of Stack: (sp=0x000000011def0f00)
0x000000011def0f00:   000000011da15810 0000000000000000
0x000000011def0f10:   000000011def0f70 0000000102634694
0x000000011def0f20:   00000001026402a3 00000001026343e2
0x000000011def0f30:   000000011def0f30 000000011da15810
0x000000011def0f40:   000000011def0f90 000000011da222f0
0x000000011def0f50:   0000000000000000 000000011da15810
0x000000011def0f60:   0000000000000000 000000011def0f90
0x000000011def0f70:   000000011def0fd8 000000010262698d
0x000000011def0f80:   0000000000000000 000000010262e2b8
0x000000011def0f90:   00000007ab4b3b60 000000011def0f98
0x000000011def0fa0:   000000011da15d17 000000011def0ff0
0x000000011def0fb0:   000000011da222f0 0000000000000000
0x000000011def0fc0:   000000011da15d98 000000011def0f90
0x000000011def0fd0:   000000011def0ff0 000000011def1048
0x000000011def0fe0:   000000010262698d 0000000000000000
0x000000011def0ff0:   00000007ab4b3b60 0000000000000001
0x000000011def1000:   0000000000000000 000000011def0ff8
0x000000011def1010:   000000011da1689b 000000011def1070
0x000000011def1020:   000000011da222f0 0000000000000000
0x000000011def1030:   000000011da16918 000000011def0ff0
0x000000011def1040:   000000011def1070 000000011def10b8
0x000000011def1050:   000000010262698d 0000000000000000
0x000000011def1060:   0000000000000000 00000007ab4b3b60
0x000000011def1070:   00000007ab4b3b60 000000011def1078
0x000000011def1080:   0000000114a862d3 000000011def10c8
0x000000011def1090:   0000000114a86cc8 0000000000000000
0x000000011def10a0:   0000000114a86330 000000011def1070
0x000000011def10b0:   000000011def10c8 000000011def1110
0x000000011def10c0:   000000010262698d 00000007ab029408
0x000000011def10d0:   000000011def10d0 0000000114a86191
0x000000011def10e0:   000000011def1130 0000000114a86cc8
0x000000011def10f0:   0000000000000000 0000000114a86240 

Instructions: (pc=0x000000011e1a612f)
0x000000011e1a610f:   00 01 00 00 00 48 8b bb 78 01 00 00 be 06 00 00
0x000000011e1a611f:   00 e8 4d 27 00 00 bf 50 c3 00 00 e8 c7 27 00 00
0x000000011e1a612f:   83 bb 68 01 00 00 01 74 16 48 8b bb 78 01 00 00
0x000000011e1a613f:   e8 16 27 00 00 c7 83 68 01 00 00 01 00 00 00 5b 

Register to memory mapping:

RAX=0x0000000000000000 is an unknown value
RBX=0x000000011e9c8700 is an unknown value
RCX=0x00007fff93b9848a: __semwait_signal+0xa in /usr/lib/system/libsystem_kernel.dylib at 0x00007fff93b82000
RDX=0xffffffffffffffff is an unknown value
RSP=0x000000011def0f00 is pointing into the stack for thread: 0x00007f85640ee000
RBP=0x000000011def0f10 is pointing into the stack for thread: 0x00007f85640ee000
RSI=0x0000000000000000 is an unknown value
RDI=0x000000000000003c is an unknown value
R8 =0x0000000000000000 is an unknown value
R9 =0x0000000002faf080 is an unknown value
R10=0x0000000000000001 is an unknown value
R11=0x0000000000000247 is an unknown value
R12=0x000000000000003a is an unknown value
R13={method} {0x000000011da15810} 'interruptEventLoop' '()V' in 'gnu/io/RXTXPort'
R14=0x000000011def0f90 is pointing into the stack for thread: 0x00007f85640ee000
R15=0x00007f85640ee000 is a thread


Stack: [0x000000011ddf4000,0x000000011def4000],  sp=0x000000011def0f00,  free space=1011k
Native frames: (J=compiled Java code, j=interpreted, Vv=VM code, C=native code)
C  [librxtxSerial.jnilib+0x312f]  Java_gnu_io_RXTXPort_interruptEventLoop+0x6b
j  gnu.io.RXTXPort.interruptEventLoop()V+0
j  gnu.io.RXTXPort.removeEventListener()V+55
j  gnu.io.RXTXPort.close()V+91
j  morsekob.Port.init()V+11
j  morsekob.Port.openPort(Ljava/lang/String;)Z+1
j  morsekob.Options.cboPortItemStateChanged(Ljava/awt/event/ItemEvent;)V+27
j  morsekob.Options.access$200(Lmorsekob/Options;Ljava/awt/event/ItemEvent;)V+2
j  morsekob.Options$3.itemStateChanged(Ljava/awt/event/ItemEvent;)V+5
j  javax.swing.JComboBox.fireItemStateChanged(Ljava/awt/event/ItemEvent;)V+34
j  javax.swing.JComboBox.selectedItemChanged()V+64
j  javax.swing.JComboBox.contentsChanged(Ljavax/swing/event/ListDataEvent;)V+28
j  javax.swing.AbstractListModel.fireContentsChanged(Ljava/lang/Object;II)V+64
j  javax.swing.DefaultComboBoxModel.setSelectedItem(Ljava/lang/Object;)V+38
j  javax.swing.JComboBox.setSelectedItem(Ljava/lang/Object;)V+103
j  javax.swing.JComboBox.setSelectedIndex(I)V+76
j  javax.swing.plaf.basic.BasicComboPopup$Handler.mouseReleased(Ljava/awt/event/MouseEvent;)V+97
j  java.awt.AWTEventMulticaster.mouseReleased(Ljava/awt/event/MouseEvent;)V+21
j  java.awt.Component.processMouseEvent(Ljava/awt/event/MouseEvent;)V+64
j  javax.swing.JComponent.processMouseEvent(Ljava/awt/event/MouseEvent;)V+23
j  com.apple.laf.AquaComboBoxPopup$1.processMouseEvent(Ljava/awt/event/MouseEvent;)V+63
J 1292 C1 java.awt.Component.processEvent(Ljava/awt/AWTEvent;)V (220 bytes) @ 0x0000000102a5475c [0x0000000102a54240+0x51c]
J 1016 C1 java.awt.Container.processEvent(Ljava/awt/AWTEvent;)V (22 bytes) @ 0x0000000102995804 [0x00000001029954e0+0x324]
J 1159 C1 java.awt.Component.dispatchEventImpl(Ljava/awt/AWTEvent;)V (883 bytes) @ 0x00000001029e28e4 [0x00000001029dd3c0+0x5524]
J 994 C1 java.awt.Container.dispatchEventImpl(Ljava/awt/AWTEvent;)V (129 bytes) @ 0x000000010296d7ec [0x000000010296d6a0+0x14c]
J 1375 C1 java.awt.LightweightDispatcher.retargetMouseEvent(Ljava/awt/Component;ILjava/awt/event/MouseEvent;)V (350 bytes) @ 0x0000000102aac334 [0x0000000102aa9fa0+0x2394]
j  java.awt.LightweightDispatcher.processMouseEvent(Ljava/awt/event/MouseEvent;)Z+143
J 1372 C1 java.awt.LightweightDispatcher.dispatchEvent(Ljava/awt/AWTEvent;)Z (73 bytes) @ 0x0000000102aa4074 [0x0000000102aa3c40+0x434]
J 994 C1 java.awt.Container.dispatchEventImpl(Ljava/awt/AWTEvent;)V (129 bytes) @ 0x000000010296d78c [0x000000010296d6a0+0xec]
J 1345 C1 java.awt.Window.dispatchEventImpl(Ljava/awt/AWTEvent;)V (23 bytes) @ 0x0000000102a70acc [0x0000000102a704e0+0x5ec]
J 1217 C1 java.awt.EventQueue.dispatchEventImpl(Ljava/awt/AWTEvent;Ljava/lang/Object;)V (149 bytes) @ 0x0000000102a05984 [0x0000000102a04300+0x1684]
J 968 C1 java.awt.EventQueue$3.run()Ljava/lang/Void; (60 bytes) @ 0x000000010295be54 [0x000000010295bc40+0x214]
J 967 C1 java.awt.EventQueue$3.run()Ljava/lang/Object; (5 bytes) @ 0x000000010295b8cc [0x000000010295b840+0x8c]
v  ~StubRoutines::call_stub
V  [libjvm.dylib+0x2d4516]
V  [libjvm.dylib+0x32aeb2]
J 811  java.security.AccessController.doPrivileged(Ljava/security/PrivilegedAction;Ljava/security/AccessControlContext;)Ljava/lang/Object; (0 bytes) @ 0x0000000102904215 [0x0000000102904140+0xd5]
J 844 C1 java.security.ProtectionDomain$1.doIntersectionPrivilege(Ljava/security/PrivilegedAction;Ljava/security/AccessControlContext;Ljava/security/AccessControlContext;)Ljava/lang/Object; (32 bytes) @ 0x0000000102918884 [0x0000000102918580+0x304]
J 1049 C1 java.awt.EventQueue$4.run()Ljava/lang/Object; (5 bytes) @ 0x00000001029a84dc [0x00000001029a80e0+0x3fc]
v  ~StubRoutines::call_stub
V  [libjvm.dylib+0x2d4516]
V  [libjvm.dylib+0x32aeb2]
J 811  java.security.AccessController.doPrivileged(Ljava/security/PrivilegedAction;Ljava/security/AccessControlContext;)Ljava/lang/Object; (0 bytes) @ 0x0000000102904215 [0x0000000102904140+0xd5]
J 964 C1 java.awt.EventQueue.dispatchEvent(Ljava/awt/AWTEvent;)V (80 bytes) @ 0x0000000102959f0c [0x0000000102959240+0xccc]
J 922 C1 java.awt.EventDispatchThread.pumpOneEventForFilters(I)V (295 bytes) @ 0x000000010293deec [0x000000010293c380+0x1b6c]
j  java.awt.EventDispatchThread.pumpEventsForFilter(ILjava/awt/Conditional;Ljava/awt/EventFilter;)V+35
j  java.awt.EventDispatchThread.pumpEventsForHierarchy(ILjava/awt/Conditional;Ljava/awt/Component;)V+11
j  java.awt.EventDispatchThread.pumpEvents(ILjava/awt/Conditional;)V+4
j  java.awt.EventDispatchThread.pumpEvents(Ljava/awt/Conditional;)V+3
j  java.awt.EventDispatchThread.run()V+9
v  ~StubRoutines::call_stub
V  [libjvm.dylib+0x2d4516]
V  [libjvm.dylib+0x2d4ca4]
V  [libjvm.dylib+0x2d4e50]
V  [libjvm.dylib+0x32583f]
V  [libjvm.dylib+0x535ed9]
V  [libjvm.dylib+0x53761c]
V  [libjvm.dylib+0x45d87e]
C  [libsystem_pthread.dylib+0x3268]  _pthread_body+0x83
C  [libsystem_pthread.dylib+0x31e5]  _pthread_body+0x0
C  [libsystem_pthread.dylib+0x141d]  thread_start+0xd
C  0x0000000000000000

Java frames: (J=compiled Java code, j=interpreted, Vv=VM code)
j  gnu.io.RXTXPort.interruptEventLoop()V+0
j  gnu.io.RXTXPort.removeEventListener()V+55
j  gnu.io.RXTXPort.close()V+91
j  morsekob.Port.init()V+11
j  morsekob.Port.openPort(Ljava/lang/String;)Z+1
j  morsekob.Options.cboPortItemStateChanged(Ljava/awt/event/ItemEvent;)V+27
j  morsekob.Options.access$200(Lmorsekob/Options;Ljava/awt/event/ItemEvent;)V+2
j  morsekob.Options$3.itemStateChanged(Ljava/awt/event/ItemEvent;)V+5
j  javax.swing.JComboBox.fireItemStateChanged(Ljava/awt/event/ItemEvent;)V+34
j  javax.swing.JComboBox.selectedItemChanged()V+64
j  javax.swing.JComboBox.contentsChanged(Ljavax/swing/event/ListDataEvent;)V+28
j  javax.swing.AbstractListModel.fireContentsChanged(Ljava/lang/Object;II)V+64
j  javax.swing.DefaultComboBoxModel.setSelectedItem(Ljava/lang/Object;)V+38
j  javax.swing.JComboBox.setSelectedItem(Ljava/lang/Object;)V+103
j  javax.swing.JComboBox.setSelectedIndex(I)V+76
j  javax.swing.plaf.basic.BasicComboPopup$Handler.mouseReleased(Ljava/awt/event/MouseEvent;)V+97
j  java.awt.AWTEventMulticaster.mouseReleased(Ljava/awt/event/MouseEvent;)V+21
j  java.awt.Component.processMouseEvent(Ljava/awt/event/MouseEvent;)V+64
j  javax.swing.JComponent.processMouseEvent(Ljava/awt/event/MouseEvent;)V+23
j  com.apple.laf.AquaComboBoxPopup$1.processMouseEvent(Ljava/awt/event/MouseEvent;)V+63
J 1292 C1 java.awt.Component.processEvent(Ljava/awt/AWTEvent;)V (220 bytes) @ 0x0000000102a5475c [0x0000000102a54240+0x51c]
J 1016 C1 java.awt.Container.processEvent(Ljava/awt/AWTEvent;)V (22 bytes) @ 0x0000000102995804 [0x00000001029954e0+0x324]
J 1159 C1 java.awt.Component.dispatchEventImpl(Ljava/awt/AWTEvent;)V (883 bytes) @ 0x00000001029e28e4 [0x00000001029dd3c0+0x5524]
J 994 C1 java.awt.Container.dispatchEventImpl(Ljava/awt/AWTEvent;)V (129 bytes) @ 0x000000010296d7ec [0x000000010296d6a0+0x14c]
J 1375 C1 java.awt.LightweightDispatcher.retargetMouseEvent(Ljava/awt/Component;ILjava/awt/event/MouseEvent;)V (350 bytes) @ 0x0000000102aac334 [0x0000000102aa9fa0+0x2394]
j  java.awt.LightweightDispatcher.processMouseEvent(Ljava/awt/event/MouseEvent;)Z+143
J 1372 C1 java.awt.LightweightDispatcher.dispatchEvent(Ljava/awt/AWTEvent;)Z (73 bytes) @ 0x0000000102aa4074 [0x0000000102aa3c40+0x434]
J 994 C1 java.awt.Container.dispatchEventImpl(Ljava/awt/AWTEvent;)V (129 bytes) @ 0x000000010296d78c [0x000000010296d6a0+0xec]
J 1345 C1 java.awt.Window.dispatchEventImpl(Ljava/awt/AWTEvent;)V (23 bytes) @ 0x0000000102a70acc [0x0000000102a704e0+0x5ec]
J 1217 C1 java.awt.EventQueue.dispatchEventImpl(Ljava/awt/AWTEvent;Ljava/lang/Object;)V (149 bytes) @ 0x0000000102a05984 [0x0000000102a04300+0x1684]
J 968 C1 java.awt.EventQueue$3.run()Ljava/lang/Void; (60 bytes) @ 0x000000010295be54 [0x000000010295bc40+0x214]
J 967 C1 java.awt.EventQueue$3.run()Ljava/lang/Object; (5 bytes) @ 0x000000010295b8cc [0x000000010295b840+0x8c]
v  ~StubRoutines::call_stub
J 811  java.security.AccessController.doPrivileged(Ljava/security/PrivilegedAction;Ljava/security/AccessControlContext;)Ljava/lang/Object; (0 bytes) @ 0x00000001029041a3 [0x0000000102904140+0x63]
J 844 C1 java.security.ProtectionDomain$1.doIntersectionPrivilege(Ljava/security/PrivilegedAction;Ljava/security/AccessControlContext;Ljava/security/AccessControlContext;)Ljava/lang/Object; (32 bytes) @ 0x0000000102918884 [0x0000000102918580+0x304]
J 1049 C1 java.awt.EventQueue$4.run()Ljava/lang/Object; (5 bytes) @ 0x00000001029a84dc [0x00000001029a80e0+0x3fc]
v  ~StubRoutines::call_stub
J 811  java.security.AccessController.doPrivileged(Ljava/security/PrivilegedAction;Ljava/security/AccessControlContext;)Ljava/lang/Object; (0 bytes) @ 0x00000001029041a3 [0x0000000102904140+0x63]
J 964 C1 java.awt.EventQueue.dispatchEvent(Ljava/awt/AWTEvent;)V (80 bytes) @ 0x0000000102959f0c [0x0000000102959240+0xccc]
J 922 C1 java.awt.EventDispatchThread.pumpOneEventForFilters(I)V (295 bytes) @ 0x000000010293deec [0x000000010293c380+0x1b6c]
j  java.awt.EventDispatchThread.pumpEventsForFilter(ILjava/awt/Conditional;Ljava/awt/EventFilter;)V+35
j  java.awt.EventDispatchThread.pumpEventsForHierarchy(ILjava/awt/Conditional;Ljava/awt/Component;)V+11
j  java.awt.EventDispatchThread.pumpEvents(ILjava/awt/Conditional;)V+4
j  java.awt.EventDispatchThread.pumpEvents(Ljava/awt/Conditional;)V+3
j  java.awt.EventDispatchThread.run()V+9
v  ~StubRoutines::call_stub

---------------  P R O C E S S  ---------------

Java Threads: ( => current thread )
  0x00007f85659c5800 JavaThread "DestroyJavaVM" [_thread_blocked, id=4867, stack(0x000000010251d000,0x000000010261d000)]
  0x00007f856413d000 JavaThread "Thread-4" [_thread_in_native, id=78595, stack(0x00000001221e5000,0x00000001222e5000)]
  0x00007f8564124000 JavaThread "Thread-2" [_thread_blocked, id=78083, stack(0x00000001220e2000,0x00000001221e2000)]
  0x00007f856530f000 JavaThread "Thread-0" [_thread_blocked, id=77571, stack(0x0000000121fdf000,0x00000001220df000)]
  0x00007f856530e800 JavaThread "Thread-1" [_thread_blocked, id=77319, stack(0x0000000121edc000,0x0000000121fdc000)]
  0x00007f8564b11000 JavaThread "Direct Clip" daemon [_thread_blocked, id=70915, stack(0x000000011e7c6000,0x000000011e8c6000)]
  0x00007f8564a87800 JavaThread "Direct Clip" daemon [_thread_blocked, id=70403, stack(0x000000011e6c3000,0x000000011e7c3000)]
  0x00007f8564aba800 JavaThread "Java Sound Event Dispatcher" daemon [_thread_blocked, id=68219, stack(0x000000011e22c000,0x000000011e32c000)]
  0x00007f8565950000 JavaThread "TimerQueue" daemon [_thread_blocked, id=53515, stack(0x000000011e0a1000,0x000000011e1a1000)]
  0x00007f8565980800 JavaThread "Timer-1" daemon [_thread_blocked, id=53271, stack(0x000000011df9e000,0x000000011e09e000)]
=>0x00007f85640ee000 JavaThread "AWT-EventQueue-0" [_thread_in_native, id=52855, stack(0x000000011ddf4000,0x000000011def4000)]
  0x00007f85649fc800 JavaThread "Timer-0" [_thread_blocked, id=51479, stack(0x000000011d51f000,0x000000011d61f000)]
  0x00007f85640c3800 JavaThread "Java2D Disposer" daemon [_thread_blocked, id=50715, stack(0x000000011cbd2000,0x000000011ccd2000)]
  0x00007f85649ac000 JavaThread "Java2D Queue Flusher" daemon [_thread_blocked, id=42547, stack(0x000000011c247000,0x000000011c347000)]
  0x00007f856491d000 JavaThread "AWT-Shutdown" [_thread_blocked, id=29191, stack(0x00000001197ed000,0x00000001198ed000)]
  0x00007f8565126000 JavaThread "AppKit Thread" daemon [_thread_in_native, id=1299, stack(0x00007fff5e7e2000,0x00007fff5efe2000)]
  0x00007f856503a000 JavaThread "Service Thread" daemon [_thread_blocked, id=18179, stack(0x0000000117d11000,0x0000000117e11000)]
  0x00007f856401a000 JavaThread "C1 CompilerThread2" daemon [_thread_blocked, id=17667, stack(0x0000000117c0e000,0x0000000117d0e000)]
  0x00007f8564019000 JavaThread "C2 CompilerThread1" daemon [_thread_blocked, id=17155, stack(0x0000000117b0b000,0x0000000117c0b000)]
  0x00007f8564809800 JavaThread "C2 CompilerThread0" daemon [_thread_blocked, id=16643, stack(0x0000000117a08000,0x0000000117b08000)]
  0x00007f8565043800 JavaThread "Signal Dispatcher" daemon [_thread_blocked, id=12567, stack(0x0000000117905000,0x0000000117a05000)]
  0x00007f8564018000 JavaThread "Finalizer" daemon [_thread_blocked, id=11523, stack(0x0000000115fcc000,0x00000001160cc000)]
  0x00007f8564017800 JavaThread "Reference Handler" daemon [_thread_blocked, id=11011, stack(0x0000000115ec9000,0x0000000115fc9000)]

Other Threads:
  0x00007f8564824000 VMThread [stack: 0x0000000115dc6000,0x0000000115ec6000] [id=10499]
  0x00007f8564003000 WatcherThread [stack: 0x0000000117e14000,0x0000000117f14000] [id=18691]

VM state:not at safepoint (normal execution)

VM Mutex/Monitor currently owned by a thread: None

Heap:
 PSYoungGen      total 18944K, used 14201K [0x00000007aab00000, 0x00000007ac000000, 0x00000007c0000000)
  eden space 16384K, 86% used [0x00000007aab00000,0x00000007ab8de7a8,0x00000007abb00000)
  from space 2560K, 0% used [0x00000007abd80000,0x00000007abd80000,0x00000007ac000000)
  to   space 2560K, 0% used [0x00000007abb00000,0x00000007abb00000,0x00000007abd80000)
 ParOldGen       total 44032K, used 0K [0x0000000780000000, 0x0000000782b00000, 0x00000007aab00000)
  object space 44032K, 0% used [0x0000000780000000,0x0000000780000000,0x0000000782b00000)
 Metaspace       used 15258K, capacity 15508K, committed 15616K, reserved 1062912K
  class space    used 1976K, capacity 2036K, committed 2048K, reserved 1048576K

Card table byte_map: [0x00000001119df000,0x0000000111be0000] byte_map_base: 0x000000010dddf000

Marking Bits: (ParMarkBitMap*) 0x0000000101e9d390
 Begin Bits: [0x0000000112142000, 0x0000000113142000)
 End Bits:   [0x0000000113142000, 0x0000000114142000)

Polling page: 0x0000000100da7000

CodeCache: size=245760Kb used=4681Kb max_used=4681Kb free=241079Kb
 bounds [0x000000010261f000, 0x0000000102abf000, 0x000000011161f000]
 total_blobs=1948 nmethods=1390 adapters=472
 compilation: enabled

Compilation events (10 events):
Event: 11,479 Thread 0x00007f856401a000 1387       3       sun.java2d.StateTrackableDelegate$1::isCurrent (17 bytes)
Event: 11,479 Thread 0x00007f856401a000 nmethod 1387 0x0000000102ab10d0 code [0x0000000102ab1240, 0x0000000102ab1410]
Event: 11,479 Thread 0x00007f856401a000 1388       3       javax.swing.CellRendererPane::invalidate (1 bytes)
Event: 11,479 Thread 0x00007f856401a000 nmethod 1388 0x0000000102ab14d0 code [0x0000000102ab1620, 0x0000000102ab1770]
Event: 11,480 Thread 0x00007f856401a000 1389       1       javax.swing.JList::getSelectionModel (5 bytes)
Event: 11,480 Thread 0x00007f856401a000 nmethod 1389 0x0000000102ab17d0 code [0x0000000102ab1920, 0x0000000102ab1a30]
Event: 11,671 Thread 0x00007f856401a000 1390       3       java.util.PriorityQueue::siftUpComparable (61 bytes)
Event: 11,671 Thread 0x00007f856401a000 nmethod 1390 0x0000000102ab1a90 code [0x0000000102ab1c40, 0x0000000102ab2388]
Event: 11,671 Thread 0x00007f856401a000 1391       3       javax.swing.TimerQueue$DelayedTimer::compareTo (9 bytes)
Event: 11,672 Thread 0x00007f856401a000 nmethod 1391 0x0000000102ab26d0 code [0x0000000102ab2840, 0x0000000102ab2ae8]

GC Heap History (0 events):
No events

Deoptimization events (4 events):
Event: 7,500 Thread 0x00007f85640ee000 Uncommon trap: reason=class_check action=maybe_recompile pc=0x00000001027d6e80 method=java.lang.String.equals(Ljava/lang/Object;)Z @ 8
Event: 7,500 Thread 0x00007f85640ee000 Uncommon trap: reason=class_check action=maybe_recompile pc=0x00000001027d6e80 method=java.lang.String.equals(Ljava/lang/Object;)Z @ 8
Event: 7,502 Thread 0x00007f85640ee000 Uncommon trap: reason=class_check action=maybe_recompile pc=0x00000001027d6e80 method=java.lang.String.equals(Ljava/lang/Object;)Z @ 8
Event: 7,504 Thread 0x00007f85640ee000 Uncommon trap: reason=class_check action=maybe_recompile pc=0x00000001027d6e80 method=java.lang.String.equals(Ljava/lang/Object;)Z @ 8

Internal exceptions (10 events):
Event: 3,043 Thread 0x00007f856480e000 Exception <a 'java/io/FileNotFoundException'> (0x00000007ab449300) thrown at [/HUDSON3/workspace/8-2-build-macosx-x86_64/jdk8u25/1514/hotspot/src/share/vm/prims/jni.cpp, line 716]
Event: 3,045 Thread 0x00007f856480e000 Exception <a 'java/io/FileNotFoundException'> (0x00000007ab455020) thrown at [/HUDSON3/workspace/8-2-build-macosx-x86_64/jdk8u25/1514/hotspot/src/share/vm/prims/jni.cpp, line 716]
Event: 3,045 Thread 0x00007f856480e000 Exception <a 'java/io/FileNotFoundException'> (0x00000007ab457340) thrown at [/HUDSON3/workspace/8-2-build-macosx-x86_64/jdk8u25/1514/hotspot/src/share/vm/prims/jni.cpp, line 716]
Event: 3,046 Thread 0x00007f856480e000 Exception <a 'java/security/PrivilegedActionException'> (0x00000007ab45f590) thrown at [/HUDSON3/workspace/8-2-build-macosx-x86_64/jdk8u25/1514/hotspot/src/share/vm/prims/jvm.cpp, line 1312]
Event: 3,154 Thread 0x00007f856480e000 Exception <a 'java/security/PrivilegedActionException'> (0x00000007ab49aed0) thrown at [/HUDSON3/workspace/8-2-build-macosx-x86_64/jdk8u25/1514/hotspot/src/share/vm/prims/jvm.cpp, line 1312]
Event: 3,169 Thread 0x00007f856480e000 Exception <a 'java/security/PrivilegedActionException'> (0x00000007ab4a11c0) thrown at [/HUDSON3/workspace/8-2-build-macosx-x86_64/jdk8u25/1514/hotspot/src/share/vm/prims/jvm.cpp, line 1312]
Event: 3,170 Thread 0x00007f856480e000 Exception <a 'java/security/PrivilegedActionException'> (0x00000007ab4a5428) thrown at [/HUDSON3/workspace/8-2-build-macosx-x86_64/jdk8u25/1514/hotspot/src/share/vm/prims/jvm.cpp, line 1312]
Event: 3,171 Thread 0x00007f856480e000 Exception <a 'java/security/PrivilegedActionException'> (0x00000007ab4a9cc8) thrown at [/HUDSON3/workspace/8-2-build-macosx-x86_64/jdk8u25/1514/hotspot/src/share/vm/prims/jvm.cpp, line 1312]
Event: 3,173 Thread 0x00007f856480e000 Exception <a 'java/security/PrivilegedActionException'> (0x00000007ab4ae720) thrown at [/HUDSON3/workspace/8-2-build-macosx-x86_64/jdk8u25/1514/hotspot/src/share/vm/prims/jvm.cpp, line 1312]
Event: 3,183 Thread 0x00007f856480e000 Exception <a 'java/security/PrivilegedActionException'> (0x00000007ab4b51d8) thrown at [/HUDSON3/workspace/8-2-build-macosx-x86_64/jdk8u25/1514/hotspot/src/share/vm/prims/jvm.cpp, line 1312]

Events (10 events):
Event: 8,888 loading class javax/swing/JComboBox$AccessibleJComboBox$AccessibleJComboBoxPopupMenuListener done
Event: 8,889 loading class java/lang/Math$RandomNumberGeneratorHolder
Event: 8,889 loading class java/lang/Math$RandomNumberGeneratorHolder done
Event: 8,889 loading class java/util/Random
Event: 8,889 loading class java/util/Random done
Event: 9,985 loading class java/awt/event/MouseWheelEvent
Event: 9,986 loading class java/awt/event/MouseWheelEvent done
Event: 11,891 loading class javax/swing/Autoscroller
Event: 11,891 loading class javax/swing/Autoscroller done
Event: 11,892 Thread 0x00007f8565953800 Thread exited: 0x00007f8565953800


Dynamic libraries:
0x000000000853e000 	/System/Library/Frameworks/Cocoa.framework/Versions/A/Cocoa
0x000000000853e000 	/System/Library/Frameworks/Security.framework/Versions/A/Security
0x000000000853e000 	/System/Library/Frameworks/ApplicationServices.framework/Versions/A/ApplicationServices
0x000000000853e000 	/usr/lib/libz.1.dylib
0x000000000853e000 	/usr/lib/libSystem.B.dylib
0x000000000853e000 	/usr/lib/libobjc.A.dylib
0x000000000853e000 	/System/Library/Frameworks/CoreFoundation.framework/Versions/A/CoreFoundation
0x000000000853e000 	/System/Library/Frameworks/Foundation.framework/Versions/C/Foundation
0x000000000853e000 	/System/Library/Frameworks/AppKit.framework/Versions/C/AppKit
0x000000000853e000 	/System/Library/Frameworks/CoreData.framework/Versions/A/CoreData
0x000000000853e000 	/System/Library/PrivateFrameworks/RemoteViewServices.framework/Versions/A/RemoteViewServices
0x000000000853e000 	/System/Library/PrivateFrameworks/UIFoundation.framework/Versions/A/UIFoundation
0x000000000853e000 	/System/Library/Frameworks/IOSurface.framework/Versions/A/IOSurface
0x000000000853e000 	/System/Library/Frameworks/AudioToolbox.framework/Versions/A/AudioToolbox
0x000000000853e000 	/System/Library/Frameworks/AudioUnit.framework/Versions/A/AudioUnit
0x000000000853e000 	/System/Library/PrivateFrameworks/DataDetectorsCore.framework/Versions/A/DataDetectorsCore
0x000000000853e000 	/System/Library/PrivateFrameworks/DesktopServicesPriv.framework/Versions/A/DesktopServicesPriv
0x000000000853e000 	/System/Library/Frameworks/Carbon.framework/Versions/A/Frameworks/HIToolbox.framework/Versions/A/HIToolbox
0x000000000853e000 	/System/Library/Frameworks/QuartzCore.framework/Versions/A/QuartzCore
0x000000000853e000 	/System/Library/Frameworks/Carbon.framework/Versions/A/Frameworks/SpeechRecognition.framework/Versions/A/SpeechRecognition
0x000000000853e000 	/usr/lib/libauto.dylib
0x000000000853e000 	/usr/lib/libicucore.A.dylib
0x000000000853e000 	/usr/lib/libxml2.2.dylib
0x000000000853e000 	/System/Library/PrivateFrameworks/CoreUI.framework/Versions/A/CoreUI
0x000000000853e000 	/System/Library/Frameworks/CoreAudio.framework/Versions/A/CoreAudio
0x000000000853e000 	/System/Library/Frameworks/DiskArbitration.framework/Versions/A/DiskArbitration
0x000000000853e000 	/usr/lib/liblangid.dylib
0x000000000853e000 	/System/Library/PrivateFrameworks/MultitouchSupport.framework/Versions/A/MultitouchSupport
0x000000000853e000 	/System/Library/Frameworks/IOKit.framework/Versions/A/IOKit
0x000000000853e000 	/usr/lib/libDiagnosticMessagesClient.dylib
0x000000000853e000 	/System/Library/Frameworks/CoreServices.framework/Versions/A/CoreServices
0x000000000853e000 	/System/Library/PrivateFrameworks/PerformanceAnalysis.framework/Versions/A/PerformanceAnalysis
0x000000000853e000 	/System/Library/PrivateFrameworks/GenerationalStorage.framework/Versions/A/GenerationalStorage
0x000000000853e000 	/System/Library/Frameworks/OpenGL.framework/Versions/A/OpenGL
0x000000000853e000 	/System/Library/PrivateFrameworks/Sharing.framework/Versions/A/Sharing
0x000000000853e000 	/System/Library/Frameworks/CoreGraphics.framework/Versions/A/CoreGraphics
0x000000000853e000 	/System/Library/Frameworks/CoreText.framework/Versions/A/CoreText
0x000000000853e000 	/System/Library/Frameworks/ImageIO.framework/Versions/A/ImageIO
0x000000000853e000 	/usr/lib/libextension.dylib
0x000000000853e000 	/System/Library/PrivateFrameworks/Backup.framework/Versions/A/Backup
0x000000000853e000 	/usr/lib/libarchive.2.dylib
0x000000000853e000 	/System/Library/Frameworks/CFNetwork.framework/Versions/A/CFNetwork
0x000000000853e000 	/System/Library/Frameworks/SystemConfiguration.framework/Versions/A/SystemConfiguration
0x000000000853e000 	/usr/lib/libCRFSuite.dylib
0x000000000853e000 	/usr/lib/libc++.1.dylib
0x000000000853e000 	/usr/lib/libc++abi.dylib
0x000000000853e000 	/usr/lib/system/libcache.dylib
0x000000000853e000 	/usr/lib/system/libcommonCrypto.dylib
0x000000000853e000 	/usr/lib/system/libcompiler_rt.dylib
0x000000000853e000 	/usr/lib/system/libcopyfile.dylib
0x000000000853e000 	/usr/lib/system/libcorecrypto.dylib
0x000000000853e000 	/usr/lib/system/libdispatch.dylib
0x000000000853e000 	/usr/lib/system/libdyld.dylib
0x000000000853e000 	/usr/lib/system/libkeymgr.dylib
0x000000000853e000 	/usr/lib/system/liblaunch.dylib
0x000000000853e000 	/usr/lib/system/libmacho.dylib
0x000000000853e000 	/usr/lib/system/libquarantine.dylib
0x000000000853e000 	/usr/lib/system/libremovefile.dylib
0x000000000853e000 	/usr/lib/system/libsystem_asl.dylib
0x000000000853e000 	/usr/lib/system/libsystem_blocks.dylib
0x000000000853e000 	/usr/lib/system/libsystem_c.dylib
0x000000000853e000 	/usr/lib/system/libsystem_configuration.dylib
0x000000000853e000 	/usr/lib/system/libsystem_coreservices.dylib
0x000000000853e000 	/usr/lib/system/libsystem_coretls.dylib
0x000000000853e000 	/usr/lib/system/libsystem_dnssd.dylib
0x000000000853e000 	/usr/lib/system/libsystem_info.dylib
0x000000000853e000 	/usr/lib/system/libsystem_kernel.dylib
0x000000000853e000 	/usr/lib/system/libsystem_m.dylib
0x000000000853e000 	/usr/lib/system/libsystem_malloc.dylib
0x000000000853e000 	/usr/lib/system/libsystem_network.dylib
0x000000000853e000 	/usr/lib/system/libsystem_networkextension.dylib
0x000000000853e000 	/usr/lib/system/libsystem_notify.dylib
0x000000000853e000 	/usr/lib/system/libsystem_platform.dylib
0x000000000853e000 	/usr/lib/system/libsystem_pthread.dylib
0x000000000853e000 	/usr/lib/system/libsystem_sandbox.dylib
0x000000000853e000 	/usr/lib/system/libsystem_secinit.dylib
0x000000000853e000 	/usr/lib/system/libsystem_stats.dylib
0x000000000853e000 	/usr/lib/system/libsystem_trace.dylib
0x000000000853e000 	/usr/lib/system/libunc.dylib
0x000000000853e000 	/usr/lib/system/libunwind.dylib
0x000000000853e000 	/usr/lib/system/libxpc.dylib
0x000000000853e000 	/usr/lib/libbz2.1.0.dylib
0x000000000853e000 	/usr/lib/liblzma.5.dylib
0x000000000853e000 	/usr/lib/libbsm.0.dylib
0x000000000853e000 	/usr/lib/libsqlite3.dylib
0x000000000853e000 	/usr/lib/system/libkxld.dylib
0x000000000853e000 	/usr/lib/libxar.1.dylib
0x000000000853e000 	/usr/lib/libpam.2.dylib
0x000000000853e000 	/usr/lib/libOpenScriptingUtil.dylib
0x000000000853e000 	/System/Library/Frameworks/CoreServices.framework/Versions/A/Frameworks/FSEvents.framework/Versions/A/FSEvents
0x000000000853e000 	/System/Library/Frameworks/CoreServices.framework/Versions/A/Frameworks/CarbonCore.framework/Versions/A/CarbonCore
0x000000000853e000 	/System/Library/Frameworks/CoreServices.framework/Versions/A/Frameworks/Metadata.framework/Versions/A/Metadata
0x000000000853e000 	/System/Library/Frameworks/CoreServices.framework/Versions/A/Frameworks/OSServices.framework/Versions/A/OSServices
0x000000000853e000 	/System/Library/Frameworks/CoreServices.framework/Versions/A/Frameworks/SearchKit.framework/Versions/A/SearchKit
0x000000000853e000 	/System/Library/Frameworks/CoreServices.framework/Versions/A/Frameworks/AE.framework/Versions/A/AE
0x000000000853e000 	/System/Library/Frameworks/CoreServices.framework/Versions/A/Frameworks/LaunchServices.framework/Versions/A/LaunchServices
0x000000000853e000 	/System/Library/Frameworks/CoreServices.framework/Versions/A/Frameworks/DictionaryServices.framework/Versions/A/DictionaryServices
0x000000000853e000 	/System/Library/Frameworks/NetFS.framework/Versions/A/NetFS
0x000000000853e000 	/System/Library/PrivateFrameworks/NetAuth.framework/Versions/A/NetAuth
0x000000000853e000 	/System/Library/PrivateFrameworks/login.framework/Versions/A/Frameworks/loginsupport.framework/Versions/A/loginsupport
0x000000000853e000 	/System/Library/PrivateFrameworks/TCC.framework/Versions/A/TCC
0x000000000853e000 	/usr/lib/libmecabra.dylib
0x000000000853e000 	/System/Library/Frameworks/ApplicationServices.framework/Versions/A/Frameworks/ATS.framework/Versions/A/ATS
0x000000000853e000 	/System/Library/Frameworks/ApplicationServices.framework/Versions/A/Frameworks/ColorSync.framework/Versions/A/ColorSync
0x000000000853e000 	/System/Library/Frameworks/ApplicationServices.framework/Versions/A/Frameworks/HIServices.framework/Versions/A/HIServices
0x000000000853e000 	/System/Library/Frameworks/ApplicationServices.framework/Versions/A/Frameworks/LangAnalysis.framework/Versions/A/LangAnalysis
0x000000000853e000 	/System/Library/Frameworks/ApplicationServices.framework/Versions/A/Frameworks/PrintCore.framework/Versions/A/PrintCore
0x000000000853e000 	/System/Library/Frameworks/ApplicationServices.framework/Versions/A/Frameworks/QD.framework/Versions/A/QD
0x000000000853e000 	/System/Library/Frameworks/ApplicationServices.framework/Versions/A/Frameworks/SpeechSynthesis.framework/Versions/A/SpeechSynthesis
0x000000000853e000 	/System/Library/Frameworks/Accelerate.framework/Versions/A/Accelerate
0x000000000853e000 	/System/Library/Frameworks/Accelerate.framework/Versions/A/Frameworks/vImage.framework/Versions/A/vImage
0x000000000853e000 	/System/Library/Frameworks/Accelerate.framework/Versions/A/Frameworks/vecLib.framework/Versions/A/vecLib
0x000000000853e000 	/System/Library/Frameworks/Accelerate.framework/Versions/A/Frameworks/vecLib.framework/Versions/A/libvDSP.dylib
0x000000000853e000 	/System/Library/Frameworks/Accelerate.framework/Versions/A/Frameworks/vecLib.framework/Versions/A/libvMisc.dylib
0x000000000853e000 	/System/Library/Frameworks/Accelerate.framework/Versions/A/Frameworks/vecLib.framework/Versions/A/libLAPACK.dylib
0x000000000853e000 	/System/Library/Frameworks/Accelerate.framework/Versions/A/Frameworks/vecLib.framework/Versions/A/libBLAS.dylib
0x000000000853e000 	/System/Library/Frameworks/Accelerate.framework/Versions/A/Frameworks/vecLib.framework/Versions/A/libLinearAlgebra.dylib
0x000000000853e000 	/System/Library/Frameworks/ApplicationServices.framework/Versions/A/Frameworks/ATS.framework/Versions/A/Resources/libFontParser.dylib
0x000000000853e000 	/System/Library/Frameworks/ApplicationServices.framework/Versions/A/Frameworks/ATS.framework/Versions/A/Resources/libFontRegistry.dylib
0x000000000853e000 	/System/Library/PrivateFrameworks/AppleVPA.framework/Versions/A/AppleVPA
0x000000000853e000 	/System/Library/PrivateFrameworks/AppleJPEG.framework/Versions/A/AppleJPEG
0x000000000853e000 	/System/Library/Frameworks/ImageIO.framework/Versions/A/Resources/libJPEG.dylib
0x000000000853e000 	/System/Library/Frameworks/ImageIO.framework/Versions/A/Resources/libTIFF.dylib
0x000000000853e000 	/System/Library/Frameworks/ImageIO.framework/Versions/A/Resources/libPng.dylib
0x000000000853e000 	/System/Library/Frameworks/ImageIO.framework/Versions/A/Resources/libGIF.dylib
0x000000000853e000 	/System/Library/Frameworks/ImageIO.framework/Versions/A/Resources/libJP2.dylib
0x000000000853e000 	/System/Library/Frameworks/ImageIO.framework/Versions/A/Resources/libRadiance.dylib
0x000000000853e000 	/System/Library/Frameworks/CoreVideo.framework/Versions/A/CoreVideo
0x000000000853e000 	/System/Library/Frameworks/OpenGL.framework/Versions/A/Libraries/libGLU.dylib
0x000000000853e000 	/System/Library/Frameworks/OpenGL.framework/Versions/A/Libraries/libGFXShared.dylib
0x000000000853e000 	/System/Library/Frameworks/OpenGL.framework/Versions/A/Libraries/libGL.dylib
0x000000000853e000 	/System/Library/Frameworks/OpenGL.framework/Versions/A/Libraries/libGLImage.dylib
0x000000000853e000 	/System/Library/Frameworks/OpenGL.framework/Versions/A/Libraries/libCVMSPluginSupport.dylib
0x000000000853e000 	/System/Library/Frameworks/OpenGL.framework/Versions/A/Libraries/libCoreVMClient.dylib
0x000000000853e000 	/usr/lib/libcups.2.dylib
0x000000000853e000 	/System/Library/Frameworks/Kerberos.framework/Versions/A/Kerberos
0x000000000853e000 	/System/Library/Frameworks/GSS.framework/Versions/A/GSS
0x000000000853e000 	/usr/lib/libresolv.9.dylib
0x000000000853e000 	/usr/lib/libiconv.2.dylib
0x000000000853e000 	/System/Library/PrivateFrameworks/Heimdal.framework/Versions/A/Heimdal
0x000000000853e000 	/usr/lib/libheimdal-asn1.dylib
0x000000000853e000 	/System/Library/Frameworks/OpenDirectory.framework/Versions/A/OpenDirectory
0x000000000853e000 	/System/Library/PrivateFrameworks/CommonAuth.framework/Versions/A/CommonAuth
0x000000000853e000 	/System/Library/Frameworks/OpenDirectory.framework/Versions/A/Frameworks/CFOpenDirectory.framework/Versions/A/CFOpenDirectory
0x000000000853e000 	/System/Library/Frameworks/SecurityFoundation.framework/Versions/A/SecurityFoundation
0x000000000853e000 	/System/Library/PrivateFrameworks/LanguageModeling.framework/Versions/A/LanguageModeling
0x000000000853e000 	/usr/lib/libcmph.dylib
0x000000000853e000 	/System/Library/Frameworks/ServiceManagement.framework/Versions/A/ServiceManagement
0x000000000853e000 	/usr/lib/libxslt.1.dylib
0x000000000853e000 	/System/Library/Frameworks/Carbon.framework/Versions/A/Frameworks/Ink.framework/Versions/A/Ink
0x000000000853e000 	/System/Library/Frameworks/QuartzCore.framework/Versions/A/Frameworks/CoreImage.framework/Versions/A/CoreImage
0x000000000853e000 	/System/Library/PrivateFrameworks/CrashReporterSupport.framework/Versions/A/CrashReporterSupport
0x000000000853e000 	/System/Library/Frameworks/OpenCL.framework/Versions/A/OpenCL
0x000000000853e000 	/System/Library/PrivateFrameworks/FaceCore.framework/Versions/A/FaceCore
0x000000000853e000 	/System/Library/PrivateFrameworks/Ubiquity.framework/Versions/A/Ubiquity
0x000000000853e000 	/System/Library/PrivateFrameworks/IconServices.framework/Versions/A/IconServices
0x000000000853e000 	/System/Library/PrivateFrameworks/ChunkingLibrary.framework/Versions/A/ChunkingLibrary
0x000000000853e000 	/System/Library/PrivateFrameworks/Apple80211.framework/Versions/A/Apple80211
0x000000000853e000 	/System/Library/Frameworks/CoreWLAN.framework/Versions/A/CoreWLAN
0x000000000853e000 	/System/Library/Frameworks/IOBluetooth.framework/Versions/A/IOBluetooth
0x000000000853e000 	/System/Library/PrivateFrameworks/CoreWiFi.framework/Versions/A/CoreWiFi
0x000000000853e000 	/System/Library/Frameworks/CoreBluetooth.framework/Versions/A/CoreBluetooth
0x000000000853e000 	/System/Library/PrivateFrameworks/DebugSymbols.framework/Versions/A/DebugSymbols
0x000000000853e000 	/System/Library/PrivateFrameworks/CoreSymbolication.framework/Versions/A/CoreSymbolication
0x000000000853e000 	/System/Library/PrivateFrameworks/Symbolication.framework/Versions/A/Symbolication
0x000000000853e000 	/System/Library/PrivateFrameworks/SpeechRecognitionCore.framework/Versions/A/SpeechRecognitionCore
0x0000000101600000 	/Library/Internet Plug-Ins/JavaAppletPlugin.plugin/Contents/Home/lib/server/libjvm.dylib
0x000000000853e000 	/usr/lib/libstdc++.6.dylib
0x0000000100d65000 	/Library/Internet Plug-Ins/JavaAppletPlugin.plugin/Contents/Home/lib/libverify.dylib
0x0000000100d73000 	/Library/Internet Plug-Ins/JavaAppletPlugin.plugin/Contents/Home/lib/libjava.dylib
0x0000000100db1000 	/Library/Internet Plug-Ins/JavaAppletPlugin.plugin/Contents/Home/lib/libzip.dylib
0x00000001160ce000 	/System/Library/Frameworks/JavaVM.framework/Frameworks/JavaRuntimeSupport.framework/JavaRuntimeSupport
0x00000001160e6000 	/System/Library/Frameworks/JavaVM.framework/Versions/A/Frameworks/JavaNativeFoundation.framework/Versions/A/JavaNativeFoundation
0x0000000100dee000 	/System/Library/Frameworks/JavaVM.framework/Versions/A/JavaVM
0x000000000853e000 	/System/Library/Frameworks/Carbon.framework/Versions/A/Carbon
0x00000001160fb000 	/System/Library/PrivateFrameworks/JavaLaunching.framework/Versions/A/JavaLaunching
0x000000000853e000 	/System/Library/Frameworks/Carbon.framework/Versions/A/Frameworks/CommonPanels.framework/Versions/A/CommonPanels
0x000000000853e000 	/System/Library/Frameworks/Carbon.framework/Versions/A/Frameworks/Help.framework/Versions/A/Help
0x000000000853e000 	/System/Library/Frameworks/Carbon.framework/Versions/A/Frameworks/ImageCapture.framework/Versions/A/ImageCapture
0x000000000853e000 	/System/Library/Frameworks/Carbon.framework/Versions/A/Frameworks/OpenScripting.framework/Versions/A/OpenScripting
0x000000000853e000 	/System/Library/Frameworks/Carbon.framework/Versions/A/Frameworks/Print.framework/Versions/A/Print
0x000000000853e000 	/System/Library/Frameworks/Carbon.framework/Versions/A/Frameworks/SecurityHI.framework/Versions/A/SecurityHI
0x0000000117f58000 	/Library/Internet Plug-Ins/JavaAppletPlugin.plugin/Contents/Home/lib/libawt.dylib
0x0000000118007000 	/Library/Internet Plug-Ins/JavaAppletPlugin.plugin/Contents/Home/lib/./libmlib_image.dylib
0x00000001180d3000 	/Library/Internet Plug-Ins/JavaAppletPlugin.plugin/Contents/Home/lib/libawt_lwawt.dylib
0x0000000118186000 	/Library/Internet Plug-Ins/JavaAppletPlugin.plugin/Contents/Home/lib/./libosxapp.dylib
0x000000000853e000 	/System/Library/Frameworks/ExceptionHandling.framework/Versions/A/ExceptionHandling
0x000000000853e000 	/System/Library/PrivateFrameworks/CoreServicesInternal.framework/Versions/A/CoreServicesInternal
0x000000000853e000 	/System/Library/PrivateFrameworks/CloudDocs.framework/Versions/A/CloudDocs
0x000000000853e000 	/System/Library/PrivateFrameworks/CoreDuet.framework/Versions/A/CoreDuet
0x000000000853e000 	/System/Library/Frameworks/CloudKit.framework/Versions/A/CloudKit
0x000000000853e000 	/System/Library/PrivateFrameworks/ProtocolBuffer.framework/Versions/A/ProtocolBuffer
0x000000000853e000 	/System/Library/PrivateFrameworks/CoreDuetDaemonProtocol.framework/Versions/A/CoreDuetDaemonProtocol
0x000000000853e000 	/System/Library/PrivateFrameworks/CoreDuetDebugLogging.framework/Versions/A/CoreDuetDebugLogging
0x000000000853e000 	/System/Library/Frameworks/CoreLocation.framework/Versions/A/CoreLocation
0x000000000853e000 	/System/Library/Frameworks/Accounts.framework/Versions/A/Accounts
0x000000000853e000 	/System/Library/PrivateFrameworks/ApplePushService.framework/Versions/A/ApplePushService
0x000000000853e000 	/System/Library/PrivateFrameworks/GeoServices.framework/Versions/A/GeoServices
0x000000000853e000 	/System/Library/PrivateFrameworks/OAuth.framework/Versions/A/OAuth
0x000000000853e000 	/System/Library/PrivateFrameworks/CoreDaemon.framework/Versions/B/CoreDaemon
0x000000000853e000 	/usr/lib/libcrypto.0.9.8.dylib
0x000000000853e000 	/System/Library/PrivateFrameworks/AppleSRP.framework/Versions/A/AppleSRP
0x000000000853e000 	/System/Library/PrivateFrameworks/TrustEvaluationAgent.framework/Versions/A/TrustEvaluationAgent
0x000000000853e000 	/System/Library/Frameworks/CoreGraphics.framework/Versions/A/Resources/libCGCMS.A.dylib
0x000000000853e000 	/System/Library/Frameworks/CoreGraphics.framework/Versions/A/Resources/libRIP.A.dylib
0x000000000853e000 	/System/Library/Frameworks/CoreGraphics.framework/Versions/A/Resources/libCGXType.A.dylib
0x000000000853e000 	/System/Library/Frameworks/OpenCL.framework/Versions/A/Libraries/libcldcpuengine.dylib
0x000000000853e000 	/System/Library/PrivateFrameworks/DiskImages.framework/Versions/A/DiskImages
0x000000000853e000 	/System/Library/Frameworks/DiscRecording.framework/Versions/A/DiscRecording
0x000000000853e000 	/usr/lib/libcsfde.dylib
0x000000000853e000 	/usr/lib/libcurl.4.dylib
0x000000000853e000 	/System/Library/PrivateFrameworks/MediaKit.framework/Versions/A/MediaKit
0x000000000853e000 	/System/Library/PrivateFrameworks/ProtectedCloudStorage.framework/Versions/A/ProtectedCloudStorage
0x000000000853e000 	/usr/lib/libCoreStorage.dylib
0x000000000853e000 	/System/Library/PrivateFrameworks/EFILogin.framework/Versions/A/EFILogin
0x000000000853e000 	/usr/lib/libutil.dylib
0x000000000853e000 	/System/Library/PrivateFrameworks/FindMyDevice.framework/Versions/A/FindMyDevice
0x000000000853e000 	/System/Library/Frameworks/LDAP.framework/Versions/A/LDAP
0x000000000853e000 	/usr/lib/libsasl2.2.dylib
0x000000011af92000 	cl_kernels
0x000000011af94000 	/System/Library/Frameworks/OpenCL.framework/Versions/A/Libraries/ImageFormats/unorm8_bgra.dylib
0x000000011af83000 	cl_kernels
0x000000000853e000 	/System/Library/PrivateFrameworks/FamilyControls.framework/Versions/A/FamilyControls
0x000000000853e000 	/System/Library/PrivateFrameworks/CommerceKit.framework/Versions/A/Frameworks/CommerceCore.framework/Versions/A/CommerceCore
0x000000000853e000 	/System/Library/PrivateFrameworks/SystemAdministration.framework/Versions/A/SystemAdministration
0x000000000853e000 	/System/Library/PrivateFrameworks/AppContainer.framework/Versions/A/AppContainer
0x000000000853e000 	/System/Library/PrivateFrameworks/SecCodeWrapper.framework/Versions/A/SecCodeWrapper
0x000000000853e000 	/System/Library/Frameworks/DirectoryService.framework/Versions/A/DirectoryService
0x000000000853e000 	/System/Library/PrivateFrameworks/LoginUIKit.framework/Versions/A/Frameworks/LoginUICore.framework/Versions/A/LoginUICore
0x000000000853e000 	/usr/lib/libodfde.dylib
0x000000011c1df000 	/Library/Internet Plug-Ins/JavaAppletPlugin.plugin/Contents/Home/lib/libfontmanager.dylib
0x000000011a4cb000 	/Library/Internet Plug-Ins/JavaAppletPlugin.plugin/Contents/Home/lib/libosxui.dylib
0x000000000853e000 	/System/Library/Frameworks/OpenGL.framework/Versions/A/Resources/GLEngine.bundle/GLEngine
0x000000000853e000 	/System/Library/Frameworks/OpenGL.framework/Versions/A/Libraries/libGLProgrammability.dylib
0x0000000000000000 	/System/Library/Extensions/AppleIntelHD5000GraphicsGLDriver.bundle/Contents/MacOS/AppleIntelHD5000GraphicsGLDriver
0x000000000853e000 	/System/Library/PrivateFrameworks/IOAccelerator.framework/Versions/A/IOAccelerator
0x000000000853e000 	/System/Library/PrivateFrameworks/GPUSupport.framework/Versions/A/Libraries/libGPUSupportMercury.dylib
0x000000000853e000 	/System/Library/Frameworks/OpenGL.framework/Versions/A/Resources/GLRendererFloat.bundle/GLRendererFloat
0x000000011d4bf000 	/Library/Internet Plug-Ins/JavaAppletPlugin.plugin/Contents/Home/lib/libnet.dylib
0x000000011d8d8000 	/Library/Internet Plug-Ins/JavaAppletPlugin.plugin/Contents/Home/lib/libnio.dylib
0x000000011d726000 	/Library/Internet Plug-Ins/JavaAppletPlugin.plugin/Contents/Home/lib/libosx.dylib
0x000000011e1a3000 	/System/Library/Java/Extensions/librxtxSerial.jnilib
0x000000011e1b1000 	/Library/Internet Plug-Ins/JavaAppletPlugin.plugin/Contents/Home/lib/libjsound.dylib
0x000000011e1c4000 	/System/Library/Frameworks/CoreMIDI.framework/Versions/A/CoreMIDI
0x000000000853e000 	/usr/lib/libexpat.1.dylib
0x000000011e222000 	/System/Library/Extensions/AppleHDA.kext/Contents/PlugIns/AppleHDAHALPlugIn.bundle/Contents/MacOS/AppleHDAHALPlugIn
0x000000011e355000 	/System/Library/Components/CoreAudio.component/Contents/MacOS/CoreAudio
0x000000000853e000 	/System/Library/Frameworks/ApplicationServices.framework/Versions/A/Frameworks/ATS.framework/Versions/A/Resources/libTrueTypeScaler.dylib
0x000000000853e000 	/System/Library/Frameworks/Accelerate.framework/Versions/A/Frameworks/vImage.framework/Versions/A/Libraries/libCGInterfaces.dylib

VM Arguments:
java_command: /Users/gerolf/Dropbox/morsekob/morsekob-complete/morsekob30/MorseKOB.jar
java_class_path (initial): /Users/gerolf/Dropbox/morsekob/morsekob-complete/morsekob30/MorseKOB.jar
Launcher Type: SUN_STANDARD

Environment Variables:
PATH=/usr/bin:/bin:/usr/sbin:/sbin
SHELL=/bin/bash
DISPLAY=/private/tmp/com.apple.launchd.b8zPIEeYSN/org.macosforge.xquartz:0

Signal Handlers:
SIGSEGV: [libjvm.dylib+0x579dc7], sa_mask[0]=11111111011111110111111111111111, sa_flags=SA_ONSTACK|SA_RESTART|SA_SIGINFO
SIGBUS: [libjvm.dylib+0x579dc7], sa_mask[0]=11111111011111110111111111111111, sa_flags=SA_RESTART|SA_SIGINFO
SIGFPE: [libjvm.dylib+0x45b030], sa_mask[0]=11111111011111110111111111111111, sa_flags=SA_RESTART|SA_SIGINFO
SIGPIPE: [libjvm.dylib+0x45b030], sa_mask[0]=11111111011111110111111111111111, sa_flags=SA_RESTART|SA_SIGINFO
SIGXFSZ: [libjvm.dylib+0x45b030], sa_mask[0]=11111111011111110111111111111111, sa_flags=SA_RESTART|SA_SIGINFO
SIGILL: [libjvm.dylib+0x45b030], sa_mask[0]=11111111011111110111111111111111, sa_flags=SA_RESTART|SA_SIGINFO
SIGUSR1: SIG_DFL, sa_mask[0]=00000000000000000000000000000000, sa_flags=none
SIGUSR2: [libjvm.dylib+0x45ab4e], sa_mask[0]=00000000000000000000000000000000, sa_flags=SA_RESTART|SA_SIGINFO
SIGHUP: [libjvm.dylib+0x459121], sa_mask[0]=11111111011111110111111111111111, sa_flags=SA_RESTART|SA_SIGINFO
SIGINT: [libjvm.dylib+0x459121], sa_mask[0]=11111111011111110111111111111111, sa_flags=SA_RESTART|SA_SIGINFO
SIGTERM: [libjvm.dylib+0x459121], sa_mask[0]=11111111011111110111111111111111, sa_flags=SA_RESTART|SA_SIGINFO
SIGQUIT: [libjvm.dylib+0x459121], sa_mask[0]=11111111011111110111111111111111, sa_flags=SA_RESTART|SA_SIGINFO


---------------  S Y S T E M  ---------------

OS:Bsduname:Darwin 14.1.0 Darwin Kernel Version 14.1.0: Fri Dec  5 06:49:27 PST 2014; root:xnu-2782.10.67~9/RELEASE_X86_64 x86_64
rlimit: STACK 8192k, CORE 0k, NPROC 709, NOFILE 10240, AS infinity
load average:1,71 1,55 1,43

CPU:total 4 (2 cores per cpu, 2 threads per core) family 6 model 69 stepping 1, cmov, cx8, fxsr, mmx, sse, sse2, sse3, ssse3, sse4.1, sse4.2, popcnt, avx, avx2, aes, clmul, erms, lzcnt, ht, tsc, tscinvbit, bmi1, bmi2

Memory: 4k page, physical 4194304k(17832k free)

/proc/meminfo:


vm_info: Java HotSpot(TM) 64-Bit Server VM (25.25-b02) for bsd-amd64 JRE (1.8.0_25-b17), built on Sep 17 2014 16:56:50 by "java_re" with gcc 4.2.1 (Based on Apple Inc. build 5658) (LLVM build 2336.11.00)

time: Sun Jan  4 08:57:18 2015
elapsed time: 11 seconds (0d 0h 0m 11s)

