#
# A fatal error has been detected by the Java Runtime Environment:
#
#  SIGSEGV (0xb) at pc=0x0000000121bc412f, pid=47023, tid=51975
#
# JRE version: Java(TM) SE Runtime Environment (8.0_25-b17) (build 1.8.0_25-b17)
# Java VM: Java HotSpot(TM) 64-Bit Server VM (25.25-b02 mixed mode bsd-amd64 compressed oops)
# Problematic frame:
# C  [librxtxSerial.jnilib+0x312f]  Java_gnu_io_RXTXPort_interruptEventLoop+0x6b
#
# Failed to write core dump. Core dumps have been disabled. To enable core dumping, try "ulimit -c unlimited" before starting Java again
#
# If you would like to submit a bug report, please visit:
#   http://bugreport.sun.com/bugreport/crash.jsp
# The crash happened outside the Java Virtual Machine in native code.
# See problematic frame for where to report the bug.
#

---------------  T H R E A D  ---------------

Current thread (0x00007fcc5133b800):  JavaThread "AWT-EventQueue-0" [_thread_in_native, id=51975, stack(0x0000000121812000,0x0000000121912000)]

siginfo: si_signo: 11 (SIGSEGV), si_code: 1 (SEGV_MAPERR), si_addr: 0x00000001223e6868

Registers:
RAX=0x0000000000000000, RBX=0x00000001223e6700, RCX=0x00007fff93b9848a, RDX=0xffffffffffffffff
RSP=0x000000012190efa0, RBP=0x000000012190efb0, RSI=0x0000000000000000, RDI=0x000000000000003c
R8 =0x0000000000000000, R9 =0x0000000002faf080, R10=0x0000000000000001, R11=0x0000000000000247
R12=0x000000000000003a, R13=0x0000000121433810, R14=0x000000012190f030, R15=0x00007fcc5133b800
RIP=0x0000000121bc412f, EFLAGS=0x0000000000010206, ERR=0x0000000000000004
  TRAPNO=0x000000000000000e

Top of Stack: (sp=0x000000012190efa0)
0x000000012190efa0:   0000000121433810 0000000000000000
0x000000012190efb0:   000000012190f010 0000000106118694
0x000000012190efc0:   00000001061242a3 00000001061183e2
0x000000012190efd0:   000000012190efd0 0000000121433810
0x000000012190efe0:   000000012190f030 00000001214402f0
0x000000012190eff0:   0000000000000000 0000000121433810
0x000000012190f000:   0000000000000000 000000012190f030
0x000000012190f010:   000000012190f078 000000010610a98d
0x000000012190f020:   0000000000000000 00000001061122b8
0x000000012190f030:   00000007ab4a0808 000000012190f038
0x000000012190f040:   0000000121433d17 000000012190f090
0x000000012190f050:   00000001214402f0 0000000000000000
0x000000012190f060:   0000000121433d98 000000012190f030
0x000000012190f070:   000000012190f090 000000012190f0e8
0x000000012190f080:   000000010610a98d 0000000000000000
0x000000012190f090:   00000007ab4a0808 0000000000000001
0x000000012190f0a0:   0000000000000000 000000012190f098
0x000000012190f0b0:   000000012143489b 000000012190f110
0x000000012190f0c0:   00000001214402f0 0000000000000000
0x000000012190f0d0:   0000000121434918 000000012190f090
0x000000012190f0e0:   000000012190f110 000000012190f158
0x000000012190f0f0:   000000010610a98d 0000000000000000
0x000000012190f100:   0000000000000000 00000007ab4a0808
0x000000012190f110:   00000007ab4a0808 000000012190f118
0x000000012190f120:   000000011855a2d3 000000012190f168
0x000000012190f130:   000000011855acc8 0000000000000000
0x000000012190f140:   000000011855a330 000000012190f110
0x000000012190f150:   000000012190f168 000000012190f1b0
0x000000012190f160:   000000010610a98d 00000007ab016b60
0x000000012190f170:   000000012190f170 000000011855a191
0x000000012190f180:   000000012190f1d0 000000011855acc8
0x000000012190f190:   0000000000000000 000000011855a240 

Instructions: (pc=0x0000000121bc412f)
0x0000000121bc410f:   00 01 00 00 00 48 8b bb 78 01 00 00 be 06 00 00
0x0000000121bc411f:   00 e8 4d 27 00 00 bf 50 c3 00 00 e8 c7 27 00 00
0x0000000121bc412f:   83 bb 68 01 00 00 01 74 16 48 8b bb 78 01 00 00
0x0000000121bc413f:   e8 16 27 00 00 c7 83 68 01 00 00 01 00 00 00 5b 

Register to memory mapping:

RAX=0x0000000000000000 is an unknown value
RBX=0x00000001223e6700 is an unknown value
RCX=0x00007fff93b9848a: __semwait_signal+0xa in /usr/lib/system/libsystem_kernel.dylib at 0x00007fff93b82000
RDX=0xffffffffffffffff is an unknown value
RSP=0x000000012190efa0 is pointing into the stack for thread: 0x00007fcc5133b800
RBP=0x000000012190efb0 is pointing into the stack for thread: 0x00007fcc5133b800
RSI=0x0000000000000000 is an unknown value
RDI=0x000000000000003c is an unknown value
R8 =0x0000000000000000 is an unknown value
R9 =0x0000000002faf080 is an unknown value
R10=0x0000000000000001 is an unknown value
R11=0x0000000000000247 is an unknown value
R12=0x000000000000003a is an unknown value
R13={method} {0x0000000121433810} 'interruptEventLoop' '()V' in 'gnu/io/RXTXPort'
R14=0x000000012190f030 is pointing into the stack for thread: 0x00007fcc5133b800
R15=0x00007fcc5133b800 is a thread


Stack: [0x0000000121812000,0x0000000121912000],  sp=0x000000012190efa0,  free space=1011k
Native frames: (J=compiled Java code, j=interpreted, Vv=VM code, C=native code)
C  [librxtxSerial.jnilib+0x312f]  Java_gnu_io_RXTXPort_interruptEventLoop+0x6b
j  gnu.io.RXTXPort.interruptEventLoop()V+0
j  gnu.io.RXTXPort.removeEventListener()V+55
j  gnu.io.RXTXPort.close()V+91
j  morsekob.Port.init()V+11
j  morsekob.Port.openPort(Ljava/lang/String;)Z+1
j  morsekob.Options.cboModeItemStateChanged(Ljava/awt/event/ItemEvent;)V+39
j  morsekob.Options.access$400(Lmorsekob/Options;Ljava/awt/event/ItemEvent;)V+2
j  morsekob.Options$5.itemStateChanged(Ljava/awt/event/ItemEvent;)V+5
j  javax.swing.JComboBox.fireItemStateChanged(Ljava/awt/event/ItemEvent;)V+34
j  javax.swing.JComboBox.selectedItemChanged()V+64
j  javax.swing.JComboBox.contentsChanged(Ljavax/swing/event/ListDataEvent;)V+28
j  javax.swing.AbstractListModel.fireContentsChanged(Ljava/lang/Object;II)V+64
j  javax.swing.DefaultComboBoxModel.setSelectedItem(Ljava/lang/Object;)V+38
j  javax.swing.JComboBox.setSelectedItem(Ljava/lang/Object;)V+103
j  javax.swing.JComboBox.setSelectedIndex(I)V+76
j  javax.swing.plaf.basic.BasicComboPopup$Handler.mouseReleased(Ljava/awt/event/MouseEvent;)V+97
j  java.awt.AWTEventMulticaster.mouseReleased(Ljava/awt/event/MouseEvent;)V+21
j  java.awt.Component.processMouseEvent(Ljava/awt/event/MouseEvent;)V+64
j  javax.swing.JComponent.processMouseEvent(Ljava/awt/event/MouseEvent;)V+23
j  com.apple.laf.AquaComboBoxPopup$1.processMouseEvent(Ljava/awt/event/MouseEvent;)V+63
J 960 C1 java.awt.Component.processEvent(Ljava/awt/AWTEvent;)V (220 bytes) @ 0x000000010644001c [0x000000010643fb00+0x51c]
J 959 C1 java.awt.Container.processEvent(Ljava/awt/AWTEvent;)V (22 bytes) @ 0x000000010643f644 [0x000000010643f320+0x324]
J 1152 C1 java.awt.Component.dispatchEventImpl(Ljava/awt/AWTEvent;)V (883 bytes) @ 0x00000001064a71e4 [0x00000001064a1cc0+0x5524]
J 917 C1 java.awt.Container.dispatchEventImpl(Ljava/awt/AWTEvent;)V (129 bytes) @ 0x00000001064244ac [0x0000000106424360+0x14c]
J 978 C1 java.awt.Component.dispatchEvent(Ljava/awt/AWTEvent;)V (6 bytes) @ 0x0000000106446504 [0x0000000106446400+0x104]
j  java.awt.LightweightDispatcher.retargetMouseEvent(Ljava/awt/Component;ILjava/awt/event/MouseEvent;)V+327
j  java.awt.LightweightDispatcher.processMouseEvent(Ljava/awt/event/MouseEvent;)Z+143
j  java.awt.LightweightDispatcher.dispatchEvent(Ljava/awt/AWTEvent;)Z+50
J 917 C1 java.awt.Container.dispatchEventImpl(Ljava/awt/AWTEvent;)V (129 bytes) @ 0x000000010642444c [0x0000000106424360+0xec]
j  java.awt.Window.dispatchEventImpl(Ljava/awt/AWTEvent;)V+19
J 997 C1 java.awt.EventQueue.dispatchEventImpl(Ljava/awt/AWTEvent;Ljava/lang/Object;)V (149 bytes) @ 0x000000010644e2c4 [0x000000010644cc40+0x1684]
J 953 C1 java.awt.EventQueue$3.run()Ljava/lang/Void; (60 bytes) @ 0x000000010643ae54 [0x000000010643ac40+0x214]
J 898 C1 java.awt.EventQueue$3.run()Ljava/lang/Object; (5 bytes) @ 0x000000010641754c [0x00000001064174c0+0x8c]
v  ~StubRoutines::call_stub
V  [libjvm.dylib+0x2d4516]  JavaCalls::call_helper(JavaValue*, methodHandle*, JavaCallArguments*, Thread*)+0x6ae
V  [libjvm.dylib+0x32aeb2]  JVM_DoPrivileged+0x4b8
J 766  java.security.AccessController.doPrivileged(Ljava/security/PrivilegedAction;Ljava/security/AccessControlContext;)Ljava/lang/Object; (0 bytes) @ 0x00000001063d0095 [0x00000001063cffc0+0xd5]
J 899 C1 java.security.ProtectionDomain$1.doIntersectionPrivilege(Ljava/security/PrivilegedAction;Ljava/security/AccessControlContext;Ljava/security/AccessControlContext;)Ljava/lang/Object; (32 bytes) @ 0x0000000106417bc4 [0x00000001064178c0+0x304]
J 988 C1 java.awt.EventQueue$4.run()Ljava/lang/Object; (5 bytes) @ 0x0000000106448c1c [0x0000000106448820+0x3fc]
v  ~StubRoutines::call_stub
V  [libjvm.dylib+0x2d4516]  JavaCalls::call_helper(JavaValue*, methodHandle*, JavaCallArguments*, Thread*)+0x6ae
V  [libjvm.dylib+0x32aeb2]  JVM_DoPrivileged+0x4b8
J 766  java.security.AccessController.doPrivileged(Ljava/security/PrivilegedAction;Ljava/security/AccessControlContext;)Ljava/lang/Object; (0 bytes) @ 0x00000001063d0095 [0x00000001063cffc0+0xd5]
J 941 C1 java.awt.EventQueue.dispatchEvent(Ljava/awt/AWTEvent;)V (80 bytes) @ 0x000000010643208c [0x00000001064313a0+0xcec]
J 949 C1 java.awt.EventDispatchThread.pumpOneEventForFilters(I)V (295 bytes) @ 0x0000000106436dec [0x0000000106435280+0x1b6c]
j  java.awt.EventDispatchThread.pumpEventsForFilter(ILjava/awt/Conditional;Ljava/awt/EventFilter;)V+35
j  java.awt.EventDispatchThread.pumpEventsForHierarchy(ILjava/awt/Conditional;Ljava/awt/Component;)V+11
j  java.awt.EventDispatchThread.pumpEvents(ILjava/awt/Conditional;)V+4
j  java.awt.EventDispatchThread.pumpEvents(Ljava/awt/Conditional;)V+3
j  java.awt.EventDispatchThread.run()V+9
v  ~StubRoutines::call_stub
V  [libjvm.dylib+0x2d4516]  JavaCalls::call_helper(JavaValue*, methodHandle*, JavaCallArguments*, Thread*)+0x6ae
V  [libjvm.dylib+0x2d4ca4]  JavaCalls::call_virtual(JavaValue*, KlassHandle, Symbol*, Symbol*, JavaCallArguments*, Thread*)+0x164
V  [libjvm.dylib+0x2d4e50]  JavaCalls::call_virtual(JavaValue*, Handle, KlassHandle, Symbol*, Symbol*, Thread*)+0x4a
V  [libjvm.dylib+0x32583f]  thread_entry(JavaThread*, Thread*)+0x7c
V  [libjvm.dylib+0x535ed9]  JavaThread::thread_main_inner()+0x9b
V  [libjvm.dylib+0x53761c]  JavaThread::run()+0x1c2
V  [libjvm.dylib+0x45d87e]  java_start(Thread*)+0xf6
C  [libsystem_pthread.dylib+0x3268]  _pthread_body+0x83
C  [libsystem_pthread.dylib+0x31e5]  _pthread_body+0x0
C  [libsystem_pthread.dylib+0x141d]  thread_start+0xd
C  0x0000000000000000

Java frames: (J=compiled Java code, j=interpreted, Vv=VM code)
j  gnu.io.RXTXPort.interruptEventLoop()V+0
j  gnu.io.RXTXPort.removeEventListener()V+55
j  gnu.io.RXTXPort.close()V+91
j  morsekob.Port.init()V+11
j  morsekob.Port.openPort(Ljava/lang/String;)Z+1
j  morsekob.Options.cboModeItemStateChanged(Ljava/awt/event/ItemEvent;)V+39
j  morsekob.Options.access$400(Lmorsekob/Options;Ljava/awt/event/ItemEvent;)V+2
j  morsekob.Options$5.itemStateChanged(Ljava/awt/event/ItemEvent;)V+5
j  javax.swing.JComboBox.fireItemStateChanged(Ljava/awt/event/ItemEvent;)V+34
j  javax.swing.JComboBox.selectedItemChanged()V+64
j  javax.swing.JComboBox.contentsChanged(Ljavax/swing/event/ListDataEvent;)V+28
j  javax.swing.AbstractListModel.fireContentsChanged(Ljava/lang/Object;II)V+64
j  javax.swing.DefaultComboBoxModel.setSelectedItem(Ljava/lang/Object;)V+38
j  javax.swing.JComboBox.setSelectedItem(Ljava/lang/Object;)V+103
j  javax.swing.JComboBox.setSelectedIndex(I)V+76
j  javax.swing.plaf.basic.BasicComboPopup$Handler.mouseReleased(Ljava/awt/event/MouseEvent;)V+97
j  java.awt.AWTEventMulticaster.mouseReleased(Ljava/awt/event/MouseEvent;)V+21
j  java.awt.Component.processMouseEvent(Ljava/awt/event/MouseEvent;)V+64
j  javax.swing.JComponent.processMouseEvent(Ljava/awt/event/MouseEvent;)V+23
j  com.apple.laf.AquaComboBoxPopup$1.processMouseEvent(Ljava/awt/event/MouseEvent;)V+63
J 960 C1 java.awt.Component.processEvent(Ljava/awt/AWTEvent;)V (220 bytes) @ 0x000000010644001c [0x000000010643fb00+0x51c]
J 959 C1 java.awt.Container.processEvent(Ljava/awt/AWTEvent;)V (22 bytes) @ 0x000000010643f644 [0x000000010643f320+0x324]
J 1152 C1 java.awt.Component.dispatchEventImpl(Ljava/awt/AWTEvent;)V (883 bytes) @ 0x00000001064a71e4 [0x00000001064a1cc0+0x5524]
J 917 C1 java.awt.Container.dispatchEventImpl(Ljava/awt/AWTEvent;)V (129 bytes) @ 0x00000001064244ac [0x0000000106424360+0x14c]
J 978 C1 java.awt.Component.dispatchEvent(Ljava/awt/AWTEvent;)V (6 bytes) @ 0x0000000106446504 [0x0000000106446400+0x104]
j  java.awt.LightweightDispatcher.retargetMouseEvent(Ljava/awt/Component;ILjava/awt/event/MouseEvent;)V+327
j  java.awt.LightweightDispatcher.processMouseEvent(Ljava/awt/event/MouseEvent;)Z+143
j  java.awt.LightweightDispatcher.dispatchEvent(Ljava/awt/AWTEvent;)Z+50
J 917 C1 java.awt.Container.dispatchEventImpl(Ljava/awt/AWTEvent;)V (129 bytes) @ 0x000000010642444c [0x0000000106424360+0xec]
j  java.awt.Window.dispatchEventImpl(Ljava/awt/AWTEvent;)V+19
J 997 C1 java.awt.EventQueue.dispatchEventImpl(Ljava/awt/AWTEvent;Ljava/lang/Object;)V (149 bytes) @ 0x000000010644e2c4 [0x000000010644cc40+0x1684]
J 953 C1 java.awt.EventQueue$3.run()Ljava/lang/Void; (60 bytes) @ 0x000000010643ae54 [0x000000010643ac40+0x214]
J 898 C1 java.awt.EventQueue$3.run()Ljava/lang/Object; (5 bytes) @ 0x000000010641754c [0x00000001064174c0+0x8c]
v  ~StubRoutines::call_stub
J 766  java.security.AccessController.doPrivileged(Ljava/security/PrivilegedAction;Ljava/security/AccessControlContext;)Ljava/lang/Object; (0 bytes) @ 0x00000001063d0023 [0x00000001063cffc0+0x63]
J 899 C1 java.security.ProtectionDomain$1.doIntersectionPrivilege(Ljava/security/PrivilegedAction;Ljava/security/AccessControlContext;Ljava/security/AccessControlContext;)Ljava/lang/Object; (32 bytes) @ 0x0000000106417bc4 [0x00000001064178c0+0x304]
J 988 C1 java.awt.EventQueue$4.run()Ljava/lang/Object; (5 bytes) @ 0x0000000106448c1c [0x0000000106448820+0x3fc]
v  ~StubRoutines::call_stub
J 766  java.security.AccessController.doPrivileged(Ljava/security/PrivilegedAction;Ljava/security/AccessControlContext;)Ljava/lang/Object; (0 bytes) @ 0x00000001063d0023 [0x00000001063cffc0+0x63]
J 941 C1 java.awt.EventQueue.dispatchEvent(Ljava/awt/AWTEvent;)V (80 bytes) @ 0x000000010643208c [0x00000001064313a0+0xcec]
J 949 C1 java.awt.EventDispatchThread.pumpOneEventForFilters(I)V (295 bytes) @ 0x0000000106436dec [0x0000000106435280+0x1b6c]
j  java.awt.EventDispatchThread.pumpEventsForFilter(ILjava/awt/Conditional;Ljava/awt/EventFilter;)V+35
j  java.awt.EventDispatchThread.pumpEventsForHierarchy(ILjava/awt/Conditional;Ljava/awt/Component;)V+11
j  java.awt.EventDispatchThread.pumpEvents(ILjava/awt/Conditional;)V+4
j  java.awt.EventDispatchThread.pumpEvents(Ljava/awt/Conditional;)V+3
j  java.awt.EventDispatchThread.run()V+9
v  ~StubRoutines::call_stub

---------------  P R O C E S S  ---------------

Java Threads: ( => current thread )
  0x00007fcc5196e800 JavaThread "DestroyJavaVM" [_thread_blocked, id=4867, stack(0x0000000106001000,0x0000000106101000)]
  0x00007fcc52313800 JavaThread "Thread-4" [_thread_in_native, id=76803, stack(0x0000000125c03000,0x0000000125d03000)]
  0x00007fcc52312800 JavaThread "Thread-2" [_thread_blocked, id=76291, stack(0x0000000125b00000,0x0000000125c00000)]
  0x00007fcc52312000 JavaThread "Thread-0" [_thread_blocked, id=75787, stack(0x00000001259fd000,0x0000000125afd000)]
  0x00007fcc522f9000 JavaThread "Thread-1" [_thread_blocked, id=75539, stack(0x00000001258fa000,0x00000001259fa000)]
  0x00007fcc512a2000 JavaThread "Direct Clip" daemon [_thread_blocked, id=70147, stack(0x00000001221e4000,0x00000001222e4000)]
  0x00007fcc5129b800 JavaThread "Direct Clip" daemon [_thread_blocked, id=69635, stack(0x00000001220e1000,0x00000001221e1000)]
  0x00007fcc5125a000 JavaThread "Java Sound Event Dispatcher" daemon [_thread_blocked, id=67095, stack(0x0000000121c4a000,0x0000000121d4a000)]
  0x00007fcc52265000 JavaThread "TimerQueue" daemon [_thread_in_Java, id=53003, stack(0x0000000121abf000,0x0000000121bbf000)]
  0x00007fcc5194c000 JavaThread "Timer-1" daemon [_thread_blocked, id=52227, stack(0x00000001219bc000,0x0000000121abc000)]
=>0x00007fcc5133b800 JavaThread "AWT-EventQueue-0" [_thread_in_native, id=51975, stack(0x0000000121812000,0x0000000121912000)]
  0x00007fcc51871800 JavaThread "Timer-0" [_thread_blocked, id=50439, stack(0x0000000120f3d000,0x000000012103d000)]
  0x00007fcc5120e000 JavaThread "Java2D Disposer" daemon [_thread_blocked, id=49943, stack(0x0000000120624000,0x0000000120724000)]
  0x00007fcc521a1000 JavaThread "Java2D Queue Flusher" daemon [_thread_blocked, id=48391, stack(0x000000011fc99000,0x000000011fd99000)]
  0x00007fcc51125000 JavaThread "AWT-Shutdown" [_thread_blocked, id=28679, stack(0x000000011d23e000,0x000000011d33e000)]
  0x00007fcc51870000 JavaThread "AppKit Thread" daemon [_thread_in_native, id=1299, stack(0x00007fff5ad0d000,0x00007fff5b50d000)]
  0x00007fcc52052000 JavaThread "Service Thread" daemon [_thread_blocked, id=18179, stack(0x000000011b7e6000,0x000000011b8e6000)]
  0x00007fcc5103b000 JavaThread "C1 CompilerThread2" daemon [_thread_blocked, id=17667, stack(0x000000011b6e3000,0x000000011b7e3000)]
  0x00007fcc5103a800 JavaThread "C2 CompilerThread1" daemon [_thread_blocked, id=17155, stack(0x000000011b5e0000,0x000000011b6e0000)]
  0x00007fcc52051000 JavaThread "C2 CompilerThread0" daemon [_thread_blocked, id=16643, stack(0x000000011b4dd000,0x000000011b5dd000)]
  0x00007fcc51018000 JavaThread "Signal Dispatcher" daemon [_thread_blocked, id=12563, stack(0x000000011b3da000,0x000000011b4da000)]
  0x00007fcc51010800 JavaThread "Finalizer" daemon [_thread_blocked, id=11523, stack(0x0000000119a90000,0x0000000119b90000)]
  0x00007fcc5100f800 JavaThread "Reference Handler" daemon [_thread_blocked, id=11011, stack(0x000000011998d000,0x0000000119a8d000)]

Other Threads:
  0x00007fcc5081d000 VMThread [stack: 0x000000011988a000,0x000000011998a000] [id=10499]
  0x00007fcc52071800 WatcherThread [stack: 0x000000011b8e9000,0x000000011b9e9000] [id=18691]

VM state:not at safepoint (normal execution)

VM Mutex/Monitor currently owned by a thread: None

Heap:
 PSYoungGen      total 18944K, used 13995K [0x00000007aab00000, 0x00000007ac000000, 0x00000007c0000000)
  eden space 16384K, 85% used [0x00000007aab00000,0x00000007ab8aaf30,0x00000007abb00000)
  from space 2560K, 0% used [0x00000007abd80000,0x00000007abd80000,0x00000007ac000000)
  to   space 2560K, 0% used [0x00000007abb00000,0x00000007abb00000,0x00000007abd80000)
 ParOldGen       total 44032K, used 0K [0x0000000780000000, 0x0000000782b00000, 0x00000007aab00000)
  object space 44032K, 0% used [0x0000000780000000,0x0000000780000000,0x0000000782b00000)
 Metaspace       used 15251K, capacity 15444K, committed 15616K, reserved 1062912K
  class space    used 1987K, capacity 2036K, committed 2048K, reserved 1048576K

Card table byte_map: [0x00000001154c3000,0x00000001156c4000] byte_map_base: 0x00000001118c3000

Marking Bits: (ParMarkBitMap*) 0x00000001050c0390
 Begin Bits: [0x0000000115c26000, 0x0000000116c26000)
 End Bits:   [0x0000000116c26000, 0x0000000117c26000)

Polling page: 0x0000000105798000

CodeCache: size=245760Kb used=4203Kb max_used=4213Kb free=241556Kb
 bounds [0x0000000106103000, 0x0000000106523000, 0x0000000115103000]
 total_blobs=1840 nmethods=1283 adapters=471
 compilation: enabled

Compilation events (10 events):
Event: 7,458 Thread 0x00007fcc5103b000 1277       3       java.util.LinkedList$ListItr::<init> (47 bytes)
Event: 7,458 Thread 0x00007fcc5103b000 nmethod 1277 0x000000010651c710 code [0x000000010651c880, 0x000000010651cb48]
Event: 7,494 Thread 0x00007fcc5103b000 1281       3       java.awt.EventDispatchThread$HierarchyEventFilter::acceptEvent (225 bytes)
Event: 7,495 Thread 0x00007fcc5103b000 nmethod 1281 0x000000010651cc50 code [0x000000010651ce80, 0x000000010651e088]
Event: 7,543 Thread 0x00007fcc5103b000 1282       3       java.awt.EventQueue::coalesceMouseEvent (44 bytes)
Event: 7,544 Thread 0x00007fcc5103b000 nmethod 1282 0x000000010651e390 code [0x000000010651e520, 0x000000010651e968]
Event: 7,620 Thread 0x00007fcc52051000 1283       4       java.util.concurrent.locks.AbstractQueuedSynchronizer::release (33 bytes)
Event: 7,626 Thread 0x00007fcc52051000 nmethod 1283 0x0000000106521950 code [0x0000000106521aa0, 0x0000000106521ca8]
Event: 8,186 Thread 0x00007fcc5103b000 1284       3       javax.swing.DefaultComboBoxModel::getElementAt (26 bytes)
Event: 8,186 Thread 0x00007fcc5103b000 nmethod 1284 0x00000001065211d0 code [0x0000000106521360, 0x0000000106521828]

GC Heap History (0 events):
No events

Deoptimization events (4 events):
Event: 4,331 Thread 0x00007fcc5133b800 Uncommon trap: reason=class_check action=maybe_recompile pc=0x00000001062b7d40 method=java.lang.String.equals(Ljava/lang/Object;)Z @ 8
Event: 4,331 Thread 0x00007fcc5133b800 Uncommon trap: reason=class_check action=maybe_recompile pc=0x00000001062b7d40 method=java.lang.String.equals(Ljava/lang/Object;)Z @ 8
Event: 4,333 Thread 0x00007fcc5133b800 Uncommon trap: reason=class_check action=maybe_recompile pc=0x00000001062b7d40 method=java.lang.String.equals(Ljava/lang/Object;)Z @ 8
Event: 4,334 Thread 0x00007fcc5133b800 Uncommon trap: reason=class_check action=maybe_recompile pc=0x00000001062b7d40 method=java.lang.String.equals(Ljava/lang/Object;)Z @ 8

Internal exceptions (10 events):
Event: 1,875 Thread 0x00007fcc52001800 Exception <a 'java/io/FileNotFoundException'> (0x00000007ab436690) thrown at [/HUDSON3/workspace/8-2-build-macosx-x86_64/jdk8u25/1514/hotspot/src/share/vm/prims/jni.cpp, line 716]
Event: 1,876 Thread 0x00007fcc52001800 Exception <a 'java/io/FileNotFoundException'> (0x00000007ab442188) thrown at [/HUDSON3/workspace/8-2-build-macosx-x86_64/jdk8u25/1514/hotspot/src/share/vm/prims/jni.cpp, line 716]
Event: 1,877 Thread 0x00007fcc52001800 Exception <a 'java/io/FileNotFoundException'> (0x00000007ab4444a8) thrown at [/HUDSON3/workspace/8-2-build-macosx-x86_64/jdk8u25/1514/hotspot/src/share/vm/prims/jni.cpp, line 716]
Event: 1,878 Thread 0x00007fcc52001800 Exception <a 'java/security/PrivilegedActionException'> (0x00000007ab44c538) thrown at [/HUDSON3/workspace/8-2-build-macosx-x86_64/jdk8u25/1514/hotspot/src/share/vm/prims/jvm.cpp, line 1312]
Event: 1,947 Thread 0x00007fcc52001800 Exception <a 'java/security/PrivilegedActionException'> (0x00000007ab487b10) thrown at [/HUDSON3/workspace/8-2-build-macosx-x86_64/jdk8u25/1514/hotspot/src/share/vm/prims/jvm.cpp, line 1312]
Event: 1,963 Thread 0x00007fcc52001800 Exception <a 'java/security/PrivilegedActionException'> (0x00000007ab48ddc8) thrown at [/HUDSON3/workspace/8-2-build-macosx-x86_64/jdk8u25/1514/hotspot/src/share/vm/prims/jvm.cpp, line 1312]
Event: 1,964 Thread 0x00007fcc52001800 Exception <a 'java/security/PrivilegedActionException'> (0x00000007ab492030) thrown at [/HUDSON3/workspace/8-2-build-macosx-x86_64/jdk8u25/1514/hotspot/src/share/vm/prims/jvm.cpp, line 1312]
Event: 1,964 Thread 0x00007fcc52001800 Exception <a 'java/security/PrivilegedActionException'> (0x00000007ab4968d0) thrown at [/HUDSON3/workspace/8-2-build-macosx-x86_64/jdk8u25/1514/hotspot/src/share/vm/prims/jvm.cpp, line 1312]
Event: 1,965 Thread 0x00007fcc52001800 Exception <a 'java/security/PrivilegedActionException'> (0x00000007ab49b4e8) thrown at [/HUDSON3/workspace/8-2-build-macosx-x86_64/jdk8u25/1514/hotspot/src/share/vm/prims/jvm.cpp, line 1312]
Event: 1,973 Thread 0x00007fcc52001800 Exception <a 'java/security/PrivilegedActionException'> (0x00000007ab4a1e80) thrown at [/HUDSON3/workspace/8-2-build-macosx-x86_64/jdk8u25/1514/hotspot/src/share/vm/prims/jvm.cpp, line 1312]

Events (10 events):
Event: 7,072 loading class javax/swing/JList$ListSelectionHandler done
Event: 7,072 loading class javax/swing/JComboBox$AccessibleJComboBox$AccessibleJComboBoxPopupMenuListener
Event: 7,072 loading class javax/swing/JComboBox$AccessibleJComboBox$AccessibleJComboBoxPopupMenuListener done
Event: 7,072 loading class java/lang/Math$RandomNumberGeneratorHolder
Event: 7,072 loading class java/lang/Math$RandomNumberGeneratorHolder done
Event: 7,072 loading class java/util/Random
Event: 7,072 loading class java/util/Random done
Event: 8,185 loading class javax/swing/Autoscroller
Event: 8,185 loading class javax/swing/Autoscroller done
Event: 8,186 Thread 0x00007fcc508fe000 Thread exited: 0x00007fcc508fe000


Dynamic libraries:
0x000000000853e000 	/System/Library/Frameworks/Cocoa.framework/Versions/A/Cocoa
0x000000000853e000 	/System/Library/Frameworks/Security.framework/Versions/A/Security
0x000000000853e000 	/System/Library/Frameworks/ApplicationServices.framework/Versions/A/ApplicationServices
0x000000000853e000 	/usr/lib/libz.1.dylib
0x000000000853e000 	/usr/lib/libSystem.B.dylib
0x000000000853e000 	/usr/lib/libobjc.A.dylib
0x000000000853e000 	/System/Library/Frameworks/CoreFoundation.framework/Versions/A/CoreFoundation
0x000000000853e000 	/System/Library/Frameworks/Foundation.framework/Versions/C/Foundation
0x000000000853e000 	/System/Library/Frameworks/AppKit.framework/Versions/C/AppKit
0x000000000853e000 	/System/Library/Frameworks/CoreData.framework/Versions/A/CoreData
0x000000000853e000 	/System/Library/PrivateFrameworks/RemoteViewServices.framework/Versions/A/RemoteViewServices
0x000000000853e000 	/System/Library/PrivateFrameworks/UIFoundation.framework/Versions/A/UIFoundation
0x000000000853e000 	/System/Library/Frameworks/IOSurface.framework/Versions/A/IOSurface
0x000000000853e000 	/System/Library/Frameworks/AudioToolbox.framework/Versions/A/AudioToolbox
0x000000000853e000 	/System/Library/Frameworks/AudioUnit.framework/Versions/A/AudioUnit
0x000000000853e000 	/System/Library/PrivateFrameworks/DataDetectorsCore.framework/Versions/A/DataDetectorsCore
0x000000000853e000 	/System/Library/PrivateFrameworks/DesktopServicesPriv.framework/Versions/A/DesktopServicesPriv
0x000000000853e000 	/System/Library/Frameworks/Carbon.framework/Versions/A/Frameworks/HIToolbox.framework/Versions/A/HIToolbox
0x000000000853e000 	/System/Library/Frameworks/QuartzCore.framework/Versions/A/QuartzCore
0x000000000853e000 	/System/Library/Frameworks/Carbon.framework/Versions/A/Frameworks/SpeechRecognition.framework/Versions/A/SpeechRecognition
0x000000000853e000 	/usr/lib/libauto.dylib
0x000000000853e000 	/usr/lib/libicucore.A.dylib
0x000000000853e000 	/usr/lib/libxml2.2.dylib
0x000000000853e000 	/System/Library/PrivateFrameworks/CoreUI.framework/Versions/A/CoreUI
0x000000000853e000 	/System/Library/Frameworks/CoreAudio.framework/Versions/A/CoreAudio
0x000000000853e000 	/System/Library/Frameworks/DiskArbitration.framework/Versions/A/DiskArbitration
0x000000000853e000 	/usr/lib/liblangid.dylib
0x000000000853e000 	/System/Library/PrivateFrameworks/MultitouchSupport.framework/Versions/A/MultitouchSupport
0x000000000853e000 	/System/Library/Frameworks/IOKit.framework/Versions/A/IOKit
0x000000000853e000 	/usr/lib/libDiagnosticMessagesClient.dylib
0x000000000853e000 	/System/Library/Frameworks/CoreServices.framework/Versions/A/CoreServices
0x000000000853e000 	/System/Library/PrivateFrameworks/PerformanceAnalysis.framework/Versions/A/PerformanceAnalysis
0x000000000853e000 	/System/Library/PrivateFrameworks/GenerationalStorage.framework/Versions/A/GenerationalStorage
0x000000000853e000 	/System/Library/Frameworks/OpenGL.framework/Versions/A/OpenGL
0x000000000853e000 	/System/Library/PrivateFrameworks/Sharing.framework/Versions/A/Sharing
0x000000000853e000 	/System/Library/Frameworks/CoreGraphics.framework/Versions/A/CoreGraphics
0x000000000853e000 	/System/Library/Frameworks/CoreText.framework/Versions/A/CoreText
0x000000000853e000 	/System/Library/Frameworks/ImageIO.framework/Versions/A/ImageIO
0x000000000853e000 	/usr/lib/libextension.dylib
0x000000000853e000 	/System/Library/PrivateFrameworks/Backup.framework/Versions/A/Backup
0x000000000853e000 	/usr/lib/libarchive.2.dylib
0x000000000853e000 	/System/Library/Frameworks/CFNetwork.framework/Versions/A/CFNetwork
0x000000000853e000 	/System/Library/Frameworks/SystemConfiguration.framework/Versions/A/SystemConfiguration
0x000000000853e000 	/usr/lib/libCRFSuite.dylib
0x000000000853e000 	/usr/lib/libc++.1.dylib
0x000000000853e000 	/usr/lib/libc++abi.dylib
0x000000000853e000 	/usr/lib/system/libcache.dylib
0x000000000853e000 	/usr/lib/system/libcommonCrypto.dylib
0x000000000853e000 	/usr/lib/system/libcompiler_rt.dylib
0x000000000853e000 	/usr/lib/system/libcopyfile.dylib
0x000000000853e000 	/usr/lib/system/libcorecrypto.dylib
0x000000000853e000 	/usr/lib/system/libdispatch.dylib
0x000000000853e000 	/usr/lib/system/libdyld.dylib
0x000000000853e000 	/usr/lib/system/libkeymgr.dylib
0x000000000853e000 	/usr/lib/system/liblaunch.dylib
0x000000000853e000 	/usr/lib/system/libmacho.dylib
0x000000000853e000 	/usr/lib/system/libquarantine.dylib
0x000000000853e000 	/usr/lib/system/libremovefile.dylib
0x000000000853e000 	/usr/lib/system/libsystem_asl.dylib
0x000000000853e000 	/usr/lib/system/libsystem_blocks.dylib
0x000000000853e000 	/usr/lib/system/libsystem_c.dylib
0x000000000853e000 	/usr/lib/system/libsystem_configuration.dylib
0x000000000853e000 	/usr/lib/system/libsystem_coreservices.dylib
0x000000000853e000 	/usr/lib/system/libsystem_coretls.dylib
0x000000000853e000 	/usr/lib/system/libsystem_dnssd.dylib
0x000000000853e000 	/usr/lib/system/libsystem_info.dylib
0x000000000853e000 	/usr/lib/system/libsystem_kernel.dylib
0x000000000853e000 	/usr/lib/system/libsystem_m.dylib
0x000000000853e000 	/usr/lib/system/libsystem_malloc.dylib
0x000000000853e000 	/usr/lib/system/libsystem_network.dylib
0x000000000853e000 	/usr/lib/system/libsystem_networkextension.dylib
0x000000000853e000 	/usr/lib/system/libsystem_notify.dylib
0x000000000853e000 	/usr/lib/system/libsystem_platform.dylib
0x000000000853e000 	/usr/lib/system/libsystem_pthread.dylib
0x000000000853e000 	/usr/lib/system/libsystem_sandbox.dylib
0x000000000853e000 	/usr/lib/system/libsystem_secinit.dylib
0x000000000853e000 	/usr/lib/system/libsystem_stats.dylib
0x000000000853e000 	/usr/lib/system/libsystem_trace.dylib
0x000000000853e000 	/usr/lib/system/libunc.dylib
0x000000000853e000 	/usr/lib/system/libunwind.dylib
0x000000000853e000 	/usr/lib/system/libxpc.dylib
0x000000000853e000 	/usr/lib/libbz2.1.0.dylib
0x000000000853e000 	/usr/lib/liblzma.5.dylib
0x000000000853e000 	/usr/lib/libbsm.0.dylib
0x000000000853e000 	/usr/lib/libsqlite3.dylib
0x000000000853e000 	/usr/lib/system/libkxld.dylib
0x000000000853e000 	/usr/lib/libxar.1.dylib
0x000000000853e000 	/usr/lib/libpam.2.dylib
0x000000000853e000 	/usr/lib/libOpenScriptingUtil.dylib
0x000000000853e000 	/System/Library/Frameworks/CoreServices.framework/Versions/A/Frameworks/FSEvents.framework/Versions/A/FSEvents
0x000000000853e000 	/System/Library/Frameworks/CoreServices.framework/Versions/A/Frameworks/CarbonCore.framework/Versions/A/CarbonCore
0x000000000853e000 	/System/Library/Frameworks/CoreServices.framework/Versions/A/Frameworks/Metadata.framework/Versions/A/Metadata
0x000000000853e000 	/System/Library/Frameworks/CoreServices.framework/Versions/A/Frameworks/OSServices.framework/Versions/A/OSServices
0x000000000853e000 	/System/Library/Frameworks/CoreServices.framework/Versions/A/Frameworks/SearchKit.framework/Versions/A/SearchKit
0x000000000853e000 	/System/Library/Frameworks/CoreServices.framework/Versions/A/Frameworks/AE.framework/Versions/A/AE
0x000000000853e000 	/System/Library/Frameworks/CoreServices.framework/Versions/A/Frameworks/LaunchServices.framework/Versions/A/LaunchServices
0x000000000853e000 	/System/Library/Frameworks/CoreServices.framework/Versions/A/Frameworks/DictionaryServices.framework/Versions/A/DictionaryServices
0x000000000853e000 	/System/Library/Frameworks/NetFS.framework/Versions/A/NetFS
0x000000000853e000 	/System/Library/PrivateFrameworks/NetAuth.framework/Versions/A/NetAuth
0x000000000853e000 	/System/Library/PrivateFrameworks/login.framework/Versions/A/Frameworks/loginsupport.framework/Versions/A/loginsupport
0x000000000853e000 	/System/Library/PrivateFrameworks/TCC.framework/Versions/A/TCC
0x000000000853e000 	/usr/lib/libmecabra.dylib
0x000000000853e000 	/System/Library/Frameworks/ApplicationServices.framework/Versions/A/Frameworks/ATS.framework/Versions/A/ATS
0x000000000853e000 	/System/Library/Frameworks/ApplicationServices.framework/Versions/A/Frameworks/ColorSync.framework/Versions/A/ColorSync
0x000000000853e000 	/System/Library/Frameworks/ApplicationServices.framework/Versions/A/Frameworks/HIServices.framework/Versions/A/HIServices
0x000000000853e000 	/System/Library/Frameworks/ApplicationServices.framework/Versions/A/Frameworks/LangAnalysis.framework/Versions/A/LangAnalysis
0x000000000853e000 	/System/Library/Frameworks/ApplicationServices.framework/Versions/A/Frameworks/PrintCore.framework/Versions/A/PrintCore
0x000000000853e000 	/System/Library/Frameworks/ApplicationServices.framework/Versions/A/Frameworks/QD.framework/Versions/A/QD
0x000000000853e000 	/System/Library/Frameworks/ApplicationServices.framework/Versions/A/Frameworks/SpeechSynthesis.framework/Versions/A/SpeechSynthesis
0x000000000853e000 	/System/Library/Frameworks/Accelerate.framework/Versions/A/Accelerate
0x000000000853e000 	/System/Library/Frameworks/Accelerate.framework/Versions/A/Frameworks/vImage.framework/Versions/A/vImage
0x000000000853e000 	/System/Library/Frameworks/Accelerate.framework/Versions/A/Frameworks/vecLib.framework/Versions/A/vecLib
0x000000000853e000 	/System/Library/Frameworks/Accelerate.framework/Versions/A/Frameworks/vecLib.framework/Versions/A/libvDSP.dylib
0x000000000853e000 	/System/Library/Frameworks/Accelerate.framework/Versions/A/Frameworks/vecLib.framework/Versions/A/libvMisc.dylib
0x000000000853e000 	/System/Library/Frameworks/Accelerate.framework/Versions/A/Frameworks/vecLib.framework/Versions/A/libLAPACK.dylib
0x000000000853e000 	/System/Library/Frameworks/Accelerate.framework/Versions/A/Frameworks/vecLib.framework/Versions/A/libBLAS.dylib
0x000000000853e000 	/System/Library/Frameworks/Accelerate.framework/Versions/A/Frameworks/vecLib.framework/Versions/A/libLinearAlgebra.dylib
0x000000000853e000 	/System/Library/Frameworks/ApplicationServices.framework/Versions/A/Frameworks/ATS.framework/Versions/A/Resources/libFontParser.dylib
0x000000000853e000 	/System/Library/Frameworks/ApplicationServices.framework/Versions/A/Frameworks/ATS.framework/Versions/A/Resources/libFontRegistry.dylib
0x000000000853e000 	/System/Library/PrivateFrameworks/AppleVPA.framework/Versions/A/AppleVPA
0x000000000853e000 	/System/Library/PrivateFrameworks/AppleJPEG.framework/Versions/A/AppleJPEG
0x000000000853e000 	/System/Library/Frameworks/ImageIO.framework/Versions/A/Resources/libJPEG.dylib
0x000000000853e000 	/System/Library/Frameworks/ImageIO.framework/Versions/A/Resources/libTIFF.dylib
0x000000000853e000 	/System/Library/Frameworks/ImageIO.framework/Versions/A/Resources/libPng.dylib
0x000000000853e000 	/System/Library/Frameworks/ImageIO.framework/Versions/A/Resources/libGIF.dylib
0x000000000853e000 	/System/Library/Frameworks/ImageIO.framework/Versions/A/Resources/libJP2.dylib
0x000000000853e000 	/System/Library/Frameworks/ImageIO.framework/Versions/A/Resources/libRadiance.dylib
0x000000000853e000 	/System/Library/Frameworks/CoreVideo.framework/Versions/A/CoreVideo
0x000000000853e000 	/System/Library/Frameworks/OpenGL.framework/Versions/A/Libraries/libGLU.dylib
0x000000000853e000 	/System/Library/Frameworks/OpenGL.framework/Versions/A/Libraries/libGFXShared.dylib
0x000000000853e000 	/System/Library/Frameworks/OpenGL.framework/Versions/A/Libraries/libGL.dylib
0x000000000853e000 	/System/Library/Frameworks/OpenGL.framework/Versions/A/Libraries/libGLImage.dylib
0x000000000853e000 	/System/Library/Frameworks/OpenGL.framework/Versions/A/Libraries/libCVMSPluginSupport.dylib
0x000000000853e000 	/System/Library/Frameworks/OpenGL.framework/Versions/A/Libraries/libCoreVMClient.dylib
0x000000000853e000 	/usr/lib/libcups.2.dylib
0x000000000853e000 	/System/Library/Frameworks/Kerberos.framework/Versions/A/Kerberos
0x000000000853e000 	/System/Library/Frameworks/GSS.framework/Versions/A/GSS
0x000000000853e000 	/usr/lib/libresolv.9.dylib
0x000000000853e000 	/usr/lib/libiconv.2.dylib
0x000000000853e000 	/System/Library/PrivateFrameworks/Heimdal.framework/Versions/A/Heimdal
0x000000000853e000 	/usr/lib/libheimdal-asn1.dylib
0x000000000853e000 	/System/Library/Frameworks/OpenDirectory.framework/Versions/A/OpenDirectory
0x000000000853e000 	/System/Library/PrivateFrameworks/CommonAuth.framework/Versions/A/CommonAuth
0x000000000853e000 	/System/Library/Frameworks/OpenDirectory.framework/Versions/A/Frameworks/CFOpenDirectory.framework/Versions/A/CFOpenDirectory
0x000000000853e000 	/System/Library/Frameworks/SecurityFoundation.framework/Versions/A/SecurityFoundation
0x000000000853e000 	/System/Library/PrivateFrameworks/LanguageModeling.framework/Versions/A/LanguageModeling
0x000000000853e000 	/usr/lib/libcmph.dylib
0x000000000853e000 	/System/Library/Frameworks/ServiceManagement.framework/Versions/A/ServiceManagement
0x000000000853e000 	/usr/lib/libxslt.1.dylib
0x000000000853e000 	/System/Library/Frameworks/Carbon.framework/Versions/A/Frameworks/Ink.framework/Versions/A/Ink
0x000000000853e000 	/System/Library/Frameworks/QuartzCore.framework/Versions/A/Frameworks/CoreImage.framework/Versions/A/CoreImage
0x000000000853e000 	/System/Library/PrivateFrameworks/CrashReporterSupport.framework/Versions/A/CrashReporterSupport
0x000000000853e000 	/System/Library/Frameworks/OpenCL.framework/Versions/A/OpenCL
0x000000000853e000 	/System/Library/PrivateFrameworks/FaceCore.framework/Versions/A/FaceCore
0x000000000853e000 	/System/Library/PrivateFrameworks/Ubiquity.framework/Versions/A/Ubiquity
0x000000000853e000 	/System/Library/PrivateFrameworks/IconServices.framework/Versions/A/IconServices
0x000000000853e000 	/System/Library/PrivateFrameworks/ChunkingLibrary.framework/Versions/A/ChunkingLibrary
0x000000000853e000 	/System/Library/PrivateFrameworks/Apple80211.framework/Versions/A/Apple80211
0x000000000853e000 	/System/Library/Frameworks/CoreWLAN.framework/Versions/A/CoreWLAN
0x000000000853e000 	/System/Library/Frameworks/IOBluetooth.framework/Versions/A/IOBluetooth
0x000000000853e000 	/System/Library/PrivateFrameworks/CoreWiFi.framework/Versions/A/CoreWiFi
0x000000000853e000 	/System/Library/Frameworks/CoreBluetooth.framework/Versions/A/CoreBluetooth
0x000000000853e000 	/System/Library/PrivateFrameworks/DebugSymbols.framework/Versions/A/DebugSymbols
0x000000000853e000 	/System/Library/PrivateFrameworks/CoreSymbolication.framework/Versions/A/CoreSymbolication
0x000000000853e000 	/System/Library/PrivateFrameworks/Symbolication.framework/Versions/A/Symbolication
0x000000000853e000 	/System/Library/PrivateFrameworks/SpeechRecognitionCore.framework/Versions/A/SpeechRecognitionCore
0x0000000104823000 	/Library/Internet Plug-Ins/JavaAppletPlugin.plugin/Contents/Home/lib/server/libjvm.dylib
0x000000000853e000 	/usr/lib/libstdc++.6.dylib
0x0000000105756000 	/Library/Internet Plug-Ins/JavaAppletPlugin.plugin/Contents/Home/lib/libverify.dylib
0x0000000105764000 	/Library/Internet Plug-Ins/JavaAppletPlugin.plugin/Contents/Home/lib/libjava.dylib
0x00000001057a2000 	/Library/Internet Plug-Ins/JavaAppletPlugin.plugin/Contents/Home/lib/libzip.dylib
0x0000000119b92000 	/System/Library/Frameworks/JavaVM.framework/Frameworks/JavaRuntimeSupport.framework/JavaRuntimeSupport
0x0000000119baa000 	/System/Library/Frameworks/JavaVM.framework/Versions/A/Frameworks/JavaNativeFoundation.framework/Versions/A/JavaNativeFoundation
0x0000000119bbf000 	/System/Library/Frameworks/JavaVM.framework/Versions/A/JavaVM
0x000000000853e000 	/System/Library/Frameworks/Carbon.framework/Versions/A/Carbon
0x0000000119bcc000 	/System/Library/PrivateFrameworks/JavaLaunching.framework/Versions/A/JavaLaunching
0x000000000853e000 	/System/Library/Frameworks/Carbon.framework/Versions/A/Frameworks/CommonPanels.framework/Versions/A/CommonPanels
0x000000000853e000 	/System/Library/Frameworks/Carbon.framework/Versions/A/Frameworks/Help.framework/Versions/A/Help
0x000000000853e000 	/System/Library/Frameworks/Carbon.framework/Versions/A/Frameworks/ImageCapture.framework/Versions/A/ImageCapture
0x000000000853e000 	/System/Library/Frameworks/Carbon.framework/Versions/A/Frameworks/OpenScripting.framework/Versions/A/OpenScripting
0x000000000853e000 	/System/Library/Frameworks/Carbon.framework/Versions/A/Frameworks/Print.framework/Versions/A/Print
0x000000000853e000 	/System/Library/Frameworks/Carbon.framework/Versions/A/Frameworks/SecurityHI.framework/Versions/A/SecurityHI
0x000000011ba2d000 	/Library/Internet Plug-Ins/JavaAppletPlugin.plugin/Contents/Home/lib/libawt.dylib
0x000000011badc000 	/Library/Internet Plug-Ins/JavaAppletPlugin.plugin/Contents/Home/lib/./libmlib_image.dylib
0x000000011bba8000 	/Library/Internet Plug-Ins/JavaAppletPlugin.plugin/Contents/Home/lib/libawt_lwawt.dylib
0x000000011bc5b000 	/Library/Internet Plug-Ins/JavaAppletPlugin.plugin/Contents/Home/lib/./libosxapp.dylib
0x000000000853e000 	/System/Library/Frameworks/ExceptionHandling.framework/Versions/A/ExceptionHandling
0x000000000853e000 	/System/Library/PrivateFrameworks/CoreServicesInternal.framework/Versions/A/CoreServicesInternal
0x000000000853e000 	/System/Library/PrivateFrameworks/CloudDocs.framework/Versions/A/CloudDocs
0x000000000853e000 	/System/Library/PrivateFrameworks/CoreDuet.framework/Versions/A/CoreDuet
0x000000000853e000 	/System/Library/Frameworks/CloudKit.framework/Versions/A/CloudKit
0x000000000853e000 	/System/Library/PrivateFrameworks/ProtocolBuffer.framework/Versions/A/ProtocolBuffer
0x000000000853e000 	/System/Library/PrivateFrameworks/CoreDuetDaemonProtocol.framework/Versions/A/CoreDuetDaemonProtocol
0x000000000853e000 	/System/Library/PrivateFrameworks/CoreDuetDebugLogging.framework/Versions/A/CoreDuetDebugLogging
0x000000000853e000 	/System/Library/Frameworks/CoreLocation.framework/Versions/A/CoreLocation
0x000000000853e000 	/System/Library/Frameworks/Accounts.framework/Versions/A/Accounts
0x000000000853e000 	/System/Library/PrivateFrameworks/ApplePushService.framework/Versions/A/ApplePushService
0x000000000853e000 	/System/Library/PrivateFrameworks/GeoServices.framework/Versions/A/GeoServices
0x000000000853e000 	/System/Library/PrivateFrameworks/OAuth.framework/Versions/A/OAuth
0x000000000853e000 	/System/Library/PrivateFrameworks/CoreDaemon.framework/Versions/B/CoreDaemon
0x000000000853e000 	/usr/lib/libcrypto.0.9.8.dylib
0x000000000853e000 	/System/Library/PrivateFrameworks/AppleSRP.framework/Versions/A/AppleSRP
0x000000000853e000 	/System/Library/PrivateFrameworks/TrustEvaluationAgent.framework/Versions/A/TrustEvaluationAgent
0x000000000853e000 	/System/Library/Frameworks/CoreGraphics.framework/Versions/A/Resources/libCGCMS.A.dylib
0x000000000853e000 	/System/Library/Frameworks/CoreGraphics.framework/Versions/A/Resources/libRIP.A.dylib
0x000000000853e000 	/System/Library/Frameworks/CoreGraphics.framework/Versions/A/Resources/libCGXType.A.dylib
0x000000000853e000 	/System/Library/Frameworks/OpenCL.framework/Versions/A/Libraries/libcldcpuengine.dylib
0x000000000853e000 	/System/Library/PrivateFrameworks/DiskImages.framework/Versions/A/DiskImages
0x000000000853e000 	/System/Library/Frameworks/DiscRecording.framework/Versions/A/DiscRecording
0x000000000853e000 	/usr/lib/libcsfde.dylib
0x000000000853e000 	/usr/lib/libcurl.4.dylib
0x000000000853e000 	/System/Library/PrivateFrameworks/MediaKit.framework/Versions/A/MediaKit
0x000000000853e000 	/System/Library/PrivateFrameworks/ProtectedCloudStorage.framework/Versions/A/ProtectedCloudStorage
0x000000000853e000 	/usr/lib/libCoreStorage.dylib
0x000000000853e000 	/System/Library/PrivateFrameworks/EFILogin.framework/Versions/A/EFILogin
0x000000000853e000 	/usr/lib/libutil.dylib
0x000000000853e000 	/System/Library/PrivateFrameworks/FindMyDevice.framework/Versions/A/FindMyDevice
0x000000000853e000 	/System/Library/Frameworks/LDAP.framework/Versions/A/LDAP
0x000000000853e000 	/usr/lib/libsasl2.2.dylib
0x000000011e9e4000 	cl_kernels
0x000000011e9e6000 	/System/Library/Frameworks/OpenCL.framework/Versions/A/Libraries/ImageFormats/unorm8_bgra.dylib
0x000000011e9d5000 	cl_kernels
0x000000000853e000 	/System/Library/PrivateFrameworks/FamilyControls.framework/Versions/A/FamilyControls
0x000000000853e000 	/System/Library/PrivateFrameworks/CommerceKit.framework/Versions/A/Frameworks/CommerceCore.framework/Versions/A/CommerceCore
0x000000000853e000 	/System/Library/PrivateFrameworks/SystemAdministration.framework/Versions/A/SystemAdministration
0x000000000853e000 	/System/Library/PrivateFrameworks/AppContainer.framework/Versions/A/AppContainer
0x000000000853e000 	/System/Library/PrivateFrameworks/SecCodeWrapper.framework/Versions/A/SecCodeWrapper
0x000000000853e000 	/System/Library/Frameworks/DirectoryService.framework/Versions/A/DirectoryService
0x000000000853e000 	/System/Library/PrivateFrameworks/LoginUIKit.framework/Versions/A/Frameworks/LoginUICore.framework/Versions/A/LoginUICore
0x000000000853e000 	/usr/lib/libodfde.dylib
0x000000011fc31000 	/Library/Internet Plug-Ins/JavaAppletPlugin.plugin/Contents/Home/lib/libfontmanager.dylib
0x000000011df1c000 	/Library/Internet Plug-Ins/JavaAppletPlugin.plugin/Contents/Home/lib/libosxui.dylib
0x000000000853e000 	/System/Library/Frameworks/OpenGL.framework/Versions/A/Resources/GLEngine.bundle/GLEngine
0x000000000853e000 	/System/Library/Frameworks/OpenGL.framework/Versions/A/Libraries/libGLProgrammability.dylib
0x0000000000000000 	/System/Library/Extensions/AppleIntelHD5000GraphicsGLDriver.bundle/Contents/MacOS/AppleIntelHD5000GraphicsGLDriver
0x000000000853e000 	/System/Library/PrivateFrameworks/IOAccelerator.framework/Versions/A/IOAccelerator
0x000000000853e000 	/System/Library/PrivateFrameworks/GPUSupport.framework/Versions/A/Libraries/libGPUSupportMercury.dylib
0x000000000853e000 	/System/Library/Frameworks/OpenGL.framework/Versions/A/Resources/GLRendererFloat.bundle/GLRendererFloat
0x0000000120f25000 	/Library/Internet Plug-Ins/JavaAppletPlugin.plugin/Contents/Home/lib/libnet.dylib
0x00000001212f6000 	/Library/Internet Plug-Ins/JavaAppletPlugin.plugin/Contents/Home/lib/libnio.dylib
0x0000000121144000 	/Library/Internet Plug-Ins/JavaAppletPlugin.plugin/Contents/Home/lib/libosx.dylib
0x0000000121bc1000 	/System/Library/Java/Extensions/librxtxSerial.jnilib
0x0000000121bcf000 	/Library/Internet Plug-Ins/JavaAppletPlugin.plugin/Contents/Home/lib/libjsound.dylib
0x0000000121be2000 	/System/Library/Frameworks/CoreMIDI.framework/Versions/A/CoreMIDI
0x000000000853e000 	/usr/lib/libexpat.1.dylib
0x0000000121c40000 	/System/Library/Extensions/AppleHDA.kext/Contents/PlugIns/AppleHDAHALPlugIn.bundle/Contents/MacOS/AppleHDAHALPlugIn
0x0000000121d73000 	/System/Library/Components/CoreAudio.component/Contents/MacOS/CoreAudio
0x000000000853e000 	/System/Library/Frameworks/Accelerate.framework/Versions/A/Frameworks/vImage.framework/Versions/A/Libraries/libCGInterfaces.dylib
0x000000000853e000 	/System/Library/Frameworks/ApplicationServices.framework/Versions/A/Frameworks/ATS.framework/Versions/A/Resources/libTrueTypeScaler.dylib
0x0000000128609000 	/Library/Internet Plug-Ins/JavaAppletPlugin.plugin/Contents/Home/lib/libdcpr.dylib

VM Arguments:
java_command: /Users/gerolf/Dropbox/morsekob/morsekob-complete/morsekob30/MorseKOB.jar
java_class_path (initial): /Users/gerolf/Dropbox/morsekob/morsekob-complete/morsekob30/MorseKOB.jar
Launcher Type: SUN_STANDARD

Environment Variables:
PATH=/usr/bin:/bin:/usr/sbin:/sbin
SHELL=/bin/bash
DISPLAY=/private/tmp/com.apple.launchd.b8zPIEeYSN/org.macosforge.xquartz:0

Signal Handlers:
SIGSEGV: [libjvm.dylib+0x579dc7], sa_mask[0]=11111111011111110111111111111111, sa_flags=SA_ONSTACK|SA_RESTART|SA_SIGINFO
SIGBUS: [libjvm.dylib+0x579dc7], sa_mask[0]=11111111011111110111111111111111, sa_flags=SA_RESTART|SA_SIGINFO
SIGFPE: [libjvm.dylib+0x45b030], sa_mask[0]=11111111011111110111111111111111, sa_flags=SA_RESTART|SA_SIGINFO
SIGPIPE: [libjvm.dylib+0x45b030], sa_mask[0]=11111111011111110111111111111111, sa_flags=SA_RESTART|SA_SIGINFO
SIGXFSZ: [libjvm.dylib+0x45b030], sa_mask[0]=11111111011111110111111111111111, sa_flags=SA_RESTART|SA_SIGINFO
SIGILL: [libjvm.dylib+0x45b030], sa_mask[0]=11111111011111110111111111111111, sa_flags=SA_RESTART|SA_SIGINFO
SIGUSR1: SIG_DFL, sa_mask[0]=00000000000000000000000000000000, sa_flags=none
SIGUSR2: [libjvm.dylib+0x45ab4e], sa_mask[0]=00000000000000000000000000000000, sa_flags=SA_RESTART|SA_SIGINFO
SIGHUP: [libjvm.dylib+0x459121], sa_mask[0]=11111111011111110111111111111111, sa_flags=SA_RESTART|SA_SIGINFO
SIGINT: [libjvm.dylib+0x459121], sa_mask[0]=11111111011111110111111111111111, sa_flags=SA_RESTART|SA_SIGINFO
SIGTERM: [libjvm.dylib+0x459121], sa_mask[0]=11111111011111110111111111111111, sa_flags=SA_RESTART|SA_SIGINFO
SIGQUIT: [libjvm.dylib+0x459121], sa_mask[0]=11111111011111110111111111111111, sa_flags=SA_RESTART|SA_SIGINFO


---------------  S Y S T E M  ---------------

OS:Bsduname:Darwin 14.1.0 Darwin Kernel Version 14.1.0: Fri Dec  5 06:49:27 PST 2014; root:xnu-2782.10.67~9/RELEASE_X86_64 x86_64
rlimit: STACK 8192k, CORE 0k, NPROC 709, NOFILE 10240, AS infinity
load average:2,05 1,75 1,54

CPU:total 4 (2 cores per cpu, 2 threads per core) family 6 model 69 stepping 1, cmov, cx8, fxsr, mmx, sse, sse2, sse3, ssse3, sse4.1, sse4.2, popcnt, avx, avx2, aes, clmul, erms, lzcnt, ht, tsc, tscinvbit, bmi1, bmi2

Memory: 4k page, physical 4194304k(64984k free)

/proc/meminfo:


vm_info: Java HotSpot(TM) 64-Bit Server VM (25.25-b02) for bsd-amd64 JRE (1.8.0_25-b17), built on Sep 17 2014 16:56:50 by "java_re" with gcc 4.2.1 (Based on Apple Inc. build 5658) (LLVM build 2336.11.00)

time: Sun Jan  4 09:08:04 2015
elapsed time: 8 seconds (0d 0h 0m 8s)

